#-----------------------------------------------------------
# Vivado v2020.2 (64-bit)
# SW Build 3064766 on Wed Nov 18 09:12:45 MST 2020
# IP Build 3064653 on Wed Nov 18 14:17:31 MST 2020
# Start of session at: Wed Apr 21 13:28:07 2021
# Process ID: 10632
# Current directory: C:/Users/jstimolo/Documents/ETHZ/FS21/Digital Design and Computer Architecture/LAB_3/Lab3
# Command line: vivado.exe -gui_launcher_event rodinguilauncherevent23944 C:\Users\jstimolo\Documents\ETHZ\FS21\Digital Design and Computer Architecture\LAB_3\Lab3\Lab3.xpr
# Log file: C:/Users/jstimolo/Documents/ETHZ/FS21/Digital Design and Computer Architecture/LAB_3/Lab3/vivado.log
# Journal file: C:/Users/jstimolo/Documents/ETHZ/FS21/Digital Design and Computer Architecture/LAB_3/Lab3\vivado.jou
#-----------------------------------------------------------
start_gui
open_project {C:/Users/jstimolo/Documents/ETHZ/FS21/Digital Design and Computer Architecture/LAB_3/Lab3/Lab3.xpr}
INFO: [ProjectBase 1-489] The host OS only allows 260 characters in a normal path. The project is stored in a path with more than 80 characters. If you experience issues with IP, Block Designs, or files not being found, please consider moving the project to a location with a shorter path. Alternately consider using the OS subst command to map part of the path to a drive letter.
Current project path is 'C:/Users/jstimolo/Documents/ETHZ/FS21/Digital Design and Computer Architecture/LAB_3/Lab3'
WARNING: [filemgmt 56-3] Default IP Output Path : Could not find the directory 'C:/Users/jstimolo/Documents/ETHZ/FS21/Digital Design and Computer Architecture/LAB_3/Lab3/Lab3.gen/sources_1'.
Scanning sources...
Finished scanning sources
INFO: [IP_Flow 19-234] Refreshing IP repositories
INFO: [IP_Flow 19-1704] No user IP repositories specified
INFO: [IP_Flow 19-2313] Loaded Vivado IP repository 'C:/Xilinx/Vivado/2020.2/data/ip'.
open_project: Time (s): cpu = 00:00:19 ; elapsed = 00:00:12 . Memory (MB): peak = 1108.531 ; gain = 0.000
update_compile_order -fileset sources_1
reset_run synth_1
launch_runs synth_1 -jobs 4
[Wed Apr 21 13:30:44 2021] Launched synth_1...
Run output will be captured here: C:/Users/jstimolo/Documents/ETHZ/FS21/Digital Design and Computer Architecture/LAB_3/Lab3/Lab3.runs/synth_1/runme.log
launch_runs impl_1 -jobs 4
[Wed Apr 21 13:31:45 2021] Launched impl_1...
Run output will be captured here: C:/Users/jstimolo/Documents/ETHZ/FS21/Digital Design and Computer Architecture/LAB_3/Lab3/Lab3.runs/impl_1/runme.log
open_run impl_1
INFO: [Device 21-403] Loading part xc7a35tcpg236-1
Netlist sorting complete. Time (s): cpu = 00:00:00 ; elapsed = 00:00:00 . Memory (MB): peak = 1348.609 ; gain = 0.000
INFO: [Project 1-479] Netlist was created with Vivado 2020.2
INFO: [Project 1-570] Preparing netlist for logic optimization
INFO: [Timing 38-478] Restoring timing data from binary archive.
INFO: [Timing 38-479] Binary timing data restore complete.
INFO: [Project 1-856] Restoring constraints from binary archive.
INFO: [Project 1-853] Binary constraint restore complete.
Reading XDEF placement.
Reading placer database...
Reading XDEF routing.
Read XDEF File: Time (s): cpu = 00:00:00 ; elapsed = 00:00:00.028 . Memory (MB): peak = 1972.828 ; gain = 0.000
Restored from archive | CPU: 0.000000 secs | Memory: 0.000000 MB |
Finished XDEF File Restore: Time (s): cpu = 00:00:00 ; elapsed = 00:00:00.028 . Memory (MB): peak = 1972.828 ; gain = 0.000
Netlist sorting complete. Time (s): cpu = 00:00:00 ; elapsed = 00:00:00 . Memory (MB): peak = 1972.828 ; gain = 0.000
INFO: [Project 1-111] Unisim Transformation Summary:
No Unisim elements were transformed.

open_run: Time (s): cpu = 00:00:23 ; elapsed = 00:00:16 . Memory (MB): peak = 2087.512 ; gain = 978.980
WARNING: [Timing 38-313] There are no user specified timing constraints. Timing constraints are needed for proper timing analysis.
open_hw_manager
launch_runs impl_1 -to_step write_bitstream -jobs 4
[Wed Apr 21 13:33:08 2021] Launched impl_1...
Run output will be captured here: C:/Users/jstimolo/Documents/ETHZ/FS21/Digital Design and Computer Architecture/LAB_3/Lab3/Lab3.runs/impl_1/runme.log
reset_run impl_1 -prev_step 
launch_runs impl_1 -to_step write_bitstream -jobs 4
[Wed Apr 21 13:35:45 2021] Launched impl_1...
Run output will be captured here: C:/Users/jstimolo/Documents/ETHZ/FS21/Digital Design and Computer Architecture/LAB_3/Lab3/Lab3.runs/impl_1/runme.log
update_compile_order -fileset sources_1
reset_run synth_1
launch_runs impl_1 -to_step write_bitstream -jobs 4
[Wed Apr 21 13:36:42 2021] Launched synth_1...
Run output will be captured here: C:/Users/jstimolo/Documents/ETHZ/FS21/Digital Design and Computer Architecture/LAB_3/Lab3/Lab3.runs/synth_1/runme.log
[Wed Apr 21 13:36:42 2021] Launched impl_1...
Run output will be captured here: C:/Users/jstimolo/Documents/ETHZ/FS21/Digital Design and Computer Architecture/LAB_3/Lab3/Lab3.runs/impl_1/runme.log
reset_run synth_1
launch_runs impl_1 -to_step write_bitstream -jobs 4
[Wed Apr 21 13:38:02 2021] Launched synth_1...
Run output will be captured here: C:/Users/jstimolo/Documents/ETHZ/FS21/Digital Design and Computer Architecture/LAB_3/Lab3/Lab3.runs/synth_1/runme.log
[Wed Apr 21 13:38:02 2021] Launched impl_1...
Run output will be captured here: C:/Users/jstimolo/Documents/ETHZ/FS21/Digital Design and Computer Architecture/LAB_3/Lab3/Lab3.runs/impl_1/runme.log
reset_run synth_1
launch_runs impl_1 -to_step write_bitstream -jobs 4
[Wed Apr 21 13:39:55 2021] Launched synth_1...
Run output will be captured here: C:/Users/jstimolo/Documents/ETHZ/FS21/Digital Design and Computer Architecture/LAB_3/Lab3/Lab3.runs/synth_1/runme.log
[Wed Apr 21 13:39:55 2021] Launched impl_1...
Run output will be captured here: C:/Users/jstimolo/Documents/ETHZ/FS21/Digital Design and Computer Architecture/LAB_3/Lab3/Lab3.runs/impl_1/runme.log
reset_run synth_1
launch_runs impl_1 -to_step write_bitstream -jobs 4
[Wed Apr 21 13:43:12 2021] Launched synth_1...
Run output will be captured here: C:/Users/jstimolo/Documents/ETHZ/FS21/Digital Design and Computer Architecture/LAB_3/Lab3/Lab3.runs/synth_1/runme.log
[Wed Apr 21 13:43:12 2021] Launched impl_1...
Run output will be captured here: C:/Users/jstimolo/Documents/ETHZ/FS21/Digital Design and Computer Architecture/LAB_3/Lab3/Lab3.runs/impl_1/runme.log
reset_run synth_1
launch_runs impl_1 -to_step write_bitstream -jobs 4
[Wed Apr 21 13:45:27 2021] Launched synth_1...
Run output will be captured here: C:/Users/jstimolo/Documents/ETHZ/FS21/Digital Design and Computer Architecture/LAB_3/Lab3/Lab3.runs/synth_1/runme.log
[Wed Apr 21 13:45:27 2021] Launched impl_1...
Run output will be captured here: C:/Users/jstimolo/Documents/ETHZ/FS21/Digital Design and Computer Architecture/LAB_3/Lab3/Lab3.runs/impl_1/runme.log
reset_run synth_1
launch_runs impl_1 -to_step write_bitstream -jobs 4
[Wed Apr 21 13:47:53 2021] Launched synth_1...
Run output will be captured here: C:/Users/jstimolo/Documents/ETHZ/FS21/Digital Design and Computer Architecture/LAB_3/Lab3/Lab3.runs/synth_1/runme.log
[Wed Apr 21 13:47:53 2021] Launched impl_1...
Run output will be captured here: C:/Users/jstimolo/Documents/ETHZ/FS21/Digital Design and Computer Architecture/LAB_3/Lab3/Lab3.runs/impl_1/runme.log
connect_hw_server -allow_non_jtag
INFO: [Labtools 27-2285] Connecting to hw_server url TCP:localhost:3121
INFO: [Labtools 27-2222] Launching hw_server...
INFO: [Labtools 27-2221] Launch Output:

****** Xilinx hw_server v2020.2
  **** Build date : Nov 18 2020 at 10:01:48
    ** Copyright 1986-2020 Xilinx, Inc. All Rights Reserved.


INFO: [Labtools 27-3415] Connecting to cs_server url TCP:localhost:3042
INFO: [Labtools 27-3417] Launching cs_server...
INFO: [Labtools 27-2221] Launch Output:


******** Xilinx cs_server v2020.2
  ****** Build date   : Nov 03 2020-22:02:56
    **** Build number : 2020.2.1604437376
      ** Copyright 2017-2020 Xilinx, Inc. All Rights Reserved.



connect_hw_server: Time (s): cpu = 00:00:01 ; elapsed = 00:00:12 . Memory (MB): peak = 2159.078 ; gain = 0.398
open_hw_target
INFO: [Labtoolstcl 44-466] Opening hw_target localhost:3121/xilinx_tcf/Digilent/210183A3827CA
set_property PROGRAM.FILE {C:/Users/jstimolo/Documents/ETHZ/FS21/Digital Design and Computer Architecture/LAB_3/Lab3/Lab3.runs/impl_1/Adder.bit} [get_hw_devices xc7a35t_0]
current_hw_device [get_hw_devices xc7a35t_0]
refresh_hw_device -update_hw_probes false [lindex [get_hw_devices xc7a35t_0] 0]
INFO: [Labtools 27-1435] Device xc7a35t (JTAG device index = 0) is not programmed (DONE status = 0).
set_property PROBES.FILE {} [get_hw_devices xc7a35t_0]
set_property FULL_PROBES.FILE {} [get_hw_devices xc7a35t_0]
set_property PROGRAM.FILE {C:/Users/jstimolo/Documents/ETHZ/FS21/Digital Design and Computer Architecture/LAB_3/Lab3/Lab3.runs/impl_1/Adder.bit} [get_hw_devices xc7a35t_0]
program_hw_devices [get_hw_devices xc7a35t_0]
INFO: [Labtools 27-3164] End of startup status: HIGH
refresh_hw_device [lindex [get_hw_devices xc7a35t_0] 0]
INFO: [Labtools 27-1434] Device xc7a35t (JTAG device index = 0) is programmed with a design that has no supported debug core(s) in it.
ERROR: [Labtoolstcl 44-513] HW Target shutdown. Closing target: localhost:3121/xilinx_tcf/Digilent/210183A3827CA
INFO: [Labtoolstcl 44-466] Opening hw_target localhost:3121/xilinx_tcf/Digilent/210183A3827CA
INFO: [Labtools 27-1435] Device xc7a35t (JTAG device index = 0) is not programmed (DONE status = 0).
WARNING: [Labtoolstcl 44-129] No matching hw_ila_data was found.
refresh_hw_device [lindex [get_hw_devices xc7a35t_0] 0]
INFO: [Labtools 27-1435] Device xc7a35t (JTAG device index = 0) is not programmed (DONE status = 0).
set_property PROBES.FILE {} [get_hw_devices xc7a35t_0]
set_property FULL_PROBES.FILE {} [get_hw_devices xc7a35t_0]
set_property PROGRAM.FILE {C:/Users/jstimolo/Documents/ETHZ/FS21/Digital Design and Computer Architecture/LAB_3/Lab3/Lab3.runs/impl_1/Adder.bit} [get_hw_devices xc7a35t_0]
program_hw_devices [get_hw_devices xc7a35t_0]
INFO: [Labtools 27-3164] End of startup status: HIGH
refresh_hw_device [lindex [get_hw_devices xc7a35t_0] 0]
INFO: [Labtools 27-1434] Device xc7a35t (JTAG device index = 0) is programmed with a design that has no supported debug core(s) in it.
exit
INFO: [Common 17-206] Exiting Vivado at Wed Apr 21 16:31:52 2021...
