#-----------------------------------------------------------
# Vivado v2020.2 (64-bit)
# SW Build 3064766 on Wed Nov 18 09:12:45 MST 2020
# IP Build 3064653 on Wed Nov 18 14:17:31 MST 2020
# Start of session at: Wed Mar 31 08:36:53 2021
# Process ID: 10288
# Current directory: C:/Users/jstimolo/Documents/ETHZ/FS21/Digital Design and Computer Architecture/LAB_2/manual_lab2
# Command line: vivado.exe -gui_launcher_event rodinguilauncherevent24304 C:\Users\jstimolo\Documents\ETHZ\FS21\Digital Design and Computer Architecture\LAB_2\manual_lab2\manual_lab2.xpr
# Log file: C:/Users/jstimolo/Documents/ETHZ/FS21/Digital Design and Computer Architecture/LAB_2/manual_lab2/vivado.log
# Journal file: C:/Users/jstimolo/Documents/ETHZ/FS21/Digital Design and Computer Architecture/LAB_2/manual_lab2\vivado.jou
#-----------------------------------------------------------
start_gui
open_project {C:/Users/jstimolo/Documents/ETHZ/FS21/Digital Design and Computer Architecture/LAB_2/manual_lab2/manual_lab2.xpr}
INFO: [ProjectBase 1-489] The host OS only allows 260 characters in a normal path. The project is stored in a path with more than 80 characters. If you experience issues with IP, Block Designs, or files not being found, please consider moving the project to a location with a shorter path. Alternately consider using the OS subst command to map part of the path to a drive letter.
Current project path is 'C:/Users/jstimolo/Documents/ETHZ/FS21/Digital Design and Computer Architecture/LAB_2/manual_lab2'
WARNING: [filemgmt 56-3] Default IP Output Path : Could not find the directory 'C:/Users/jstimolo/Documents/ETHZ/FS21/Digital Design and Computer Architecture/LAB_2/manual_lab2/manual_lab2.gen/sources_1'.
Scanning sources...
Finished scanning sources
INFO: [IP_Flow 19-234] Refreshing IP repositories
INFO: [IP_Flow 19-1704] No user IP repositories specified
INFO: [IP_Flow 19-2313] Loaded Vivado IP repository 'C:/Xilinx/Vivado/2020.2/data/ip'.
open_project: Time (s): cpu = 00:00:18 ; elapsed = 00:00:10 . Memory (MB): peak = 1075.824 ; gain = 0.000
update_compile_order -fileset sources_1
reset_run synth_1
launch_runs synth_1 -jobs 4
[Wed Mar 31 08:52:46 2021] Launched synth_1...
Run output will be captured here: C:/Users/jstimolo/Documents/ETHZ/FS21/Digital Design and Computer Architecture/LAB_2/manual_lab2/manual_lab2.runs/synth_1/runme.log
launch_runs impl_1 -jobs 4
[Wed Mar 31 08:54:37 2021] Launched impl_1...
Run output will be captured here: C:/Users/jstimolo/Documents/ETHZ/FS21/Digital Design and Computer Architecture/LAB_2/manual_lab2/manual_lab2.runs/impl_1/runme.log
reset_run impl_1
WARNING: [Vivado 12-1017] Problems encountered:
1. PID not specified

launch_runs impl_1 -to_step write_bitstream -jobs 4
[Wed Mar 31 08:54:40 2021] Launched impl_1...
Run output will be captured here: C:/Users/jstimolo/Documents/ETHZ/FS21/Digital Design and Computer Architecture/LAB_2/manual_lab2/manual_lab2.runs/impl_1/runme.log
reset_run synth_1
launch_runs impl_1 -to_step write_bitstream -jobs 4
[Wed Mar 31 08:59:52 2021] Launched synth_1...
Run output will be captured here: C:/Users/jstimolo/Documents/ETHZ/FS21/Digital Design and Computer Architecture/LAB_2/manual_lab2/manual_lab2.runs/synth_1/runme.log
[Wed Mar 31 08:59:52 2021] Launched impl_1...
Run output will be captured here: C:/Users/jstimolo/Documents/ETHZ/FS21/Digital Design and Computer Architecture/LAB_2/manual_lab2/manual_lab2.runs/impl_1/runme.log
reset_run synth_1
launch_runs impl_1 -to_step write_bitstream -jobs 4
[Wed Mar 31 09:02:32 2021] Launched synth_1...
Run output will be captured here: C:/Users/jstimolo/Documents/ETHZ/FS21/Digital Design and Computer Architecture/LAB_2/manual_lab2/manual_lab2.runs/synth_1/runme.log
[Wed Mar 31 09:02:32 2021] Launched impl_1...
Run output will be captured here: C:/Users/jstimolo/Documents/ETHZ/FS21/Digital Design and Computer Architecture/LAB_2/manual_lab2/manual_lab2.runs/impl_1/runme.log
open_run impl_1
INFO: [Device 21-403] Loading part xc7a35tcpg236-1
Netlist sorting complete. Time (s): cpu = 00:00:00 ; elapsed = 00:00:00 . Memory (MB): peak = 1377.855 ; gain = 0.000
INFO: [Project 1-479] Netlist was created with Vivado 2020.2
INFO: [Project 1-570] Preparing netlist for logic optimization
INFO: [Timing 38-478] Restoring timing data from binary archive.
INFO: [Timing 38-479] Binary timing data restore complete.
INFO: [Project 1-856] Restoring constraints from binary archive.
INFO: [Project 1-853] Binary constraint restore complete.
Reading XDEF placement.
Reading placer database...
Reading XDEF routing.
Read XDEF File: Time (s): cpu = 00:00:00 ; elapsed = 00:00:00.030 . Memory (MB): peak = 1983.469 ; gain = 0.000
Restored from archive | CPU: 0.000000 secs | Memory: 0.000000 MB |
Finished XDEF File Restore: Time (s): cpu = 00:00:00 ; elapsed = 00:00:00.030 . Memory (MB): peak = 1983.469 ; gain = 0.000
Netlist sorting complete. Time (s): cpu = 00:00:00 ; elapsed = 00:00:00 . Memory (MB): peak = 1983.469 ; gain = 0.000
INFO: [Project 1-111] Unisim Transformation Summary:
No Unisim elements were transformed.

open_run: Time (s): cpu = 00:00:21 ; elapsed = 00:00:17 . Memory (MB): peak = 2092.719 ; gain = 987.641
WARNING: [Timing 38-313] There are no user specified timing constraints. Timing constraints are needed for proper timing analysis.
open_hw_manager
connect_hw_server -allow_non_jtag
INFO: [Labtools 27-2285] Connecting to hw_server url TCP:localhost:3121
INFO: [Labtools 27-3415] Connecting to cs_server url TCP:localhost:3042
INFO: [Labtools 27-3414] Connected to existing cs_server.
open_hw_target
INFO: [Labtoolstcl 44-466] Opening hw_target localhost:3121/xilinx_tcf/Digilent/210183A38384A
set_property PROGRAM.FILE {C:/Users/jstimolo/Documents/ETHZ/FS21/Digital Design and Computer Architecture/LAB_2/manual_lab2/manual_lab2.runs/impl_1/Multiplexer.bit} [get_hw_devices xc7a35t_0]
current_hw_device [get_hw_devices xc7a35t_0]
refresh_hw_device -update_hw_probes false [lindex [get_hw_devices xc7a35t_0] 0]
INFO: [Labtools 27-1434] Device xc7a35t (JTAG device index = 0) is programmed with a design that has no supported debug core(s) in it.
set_property PROBES.FILE {} [get_hw_devices xc7a35t_0]
set_property FULL_PROBES.FILE {} [get_hw_devices xc7a35t_0]
set_property PROGRAM.FILE {C:/Users/jstimolo/Documents/ETHZ/FS21/Digital Design and Computer Architecture/LAB_2/manual_lab2/manual_lab2.runs/impl_1/Multiplexer.bit} [get_hw_devices xc7a35t_0]
program_hw_devices [get_hw_devices xc7a35t_0]
INFO: [Labtools 27-3164] End of startup status: HIGH
refresh_hw_device [lindex [get_hw_devices xc7a35t_0] 0]
INFO: [Labtools 27-1434] Device xc7a35t (JTAG device index = 0) is programmed with a design that has no supported debug core(s) in it.
reset_run synth_1
launch_runs impl_1 -to_step write_bitstream -jobs 4
[Wed Mar 31 09:07:14 2021] Launched synth_1...
Run output will be captured here: C:/Users/jstimolo/Documents/ETHZ/FS21/Digital Design and Computer Architecture/LAB_2/manual_lab2/manual_lab2.runs/synth_1/runme.log
[Wed Mar 31 09:07:14 2021] Launched impl_1...
Run output will be captured here: C:/Users/jstimolo/Documents/ETHZ/FS21/Digital Design and Computer Architecture/LAB_2/manual_lab2/manual_lab2.runs/impl_1/runme.log
reset_run synth_1
launch_runs impl_1 -to_step write_bitstream -jobs 4
[Wed Mar 31 09:09:09 2021] Launched synth_1...
Run output will be captured here: C:/Users/jstimolo/Documents/ETHZ/FS21/Digital Design and Computer Architecture/LAB_2/manual_lab2/manual_lab2.runs/synth_1/runme.log
[Wed Mar 31 09:09:09 2021] Launched impl_1...
Run output will be captured here: C:/Users/jstimolo/Documents/ETHZ/FS21/Digital Design and Computer Architecture/LAB_2/manual_lab2/manual_lab2.runs/impl_1/runme.log
set_property PROBES.FILE {} [get_hw_devices xc7a35t_0]
set_property FULL_PROBES.FILE {} [get_hw_devices xc7a35t_0]
set_property PROGRAM.FILE {C:/Users/jstimolo/Documents/ETHZ/FS21/Digital Design and Computer Architecture/LAB_2/manual_lab2/manual_lab2.runs/impl_1/Multiplexer.bit} [get_hw_devices xc7a35t_0]
program_hw_devices [get_hw_devices xc7a35t_0]
INFO: [Labtools 27-3164] End of startup status: HIGH
refresh_hw_device [lindex [get_hw_devices xc7a35t_0] 0]
INFO: [Labtools 27-1434] Device xc7a35t (JTAG device index = 0) is programmed with a design that has no supported debug core(s) in it.
set_property PROBES.FILE {} [get_hw_devices xc7a35t_0]
set_property FULL_PROBES.FILE {} [get_hw_devices xc7a35t_0]
set_property PROGRAM.FILE {C:/Users/jstimolo/Documents/ETHZ/FS21/Digital Design and Computer Architecture/LAB_2/manual_lab2/manual_lab2.runs/impl_1/Multiplexer.bit} [get_hw_devices xc7a35t_0]
program_hw_devices [get_hw_devices xc7a35t_0]
INFO: [Labtools 27-3164] End of startup status: HIGH
refresh_hw_device [lindex [get_hw_devices xc7a35t_0] 0]
INFO: [Labtools 27-1434] Device xc7a35t (JTAG device index = 0) is programmed with a design that has no supported debug core(s) in it.
reset_run synth_1
launch_runs impl_1 -to_step write_bitstream -jobs 4
[Wed Mar 31 09:13:04 2021] Launched synth_1...
Run output will be captured here: C:/Users/jstimolo/Documents/ETHZ/FS21/Digital Design and Computer Architecture/LAB_2/manual_lab2/manual_lab2.runs/synth_1/runme.log
[Wed Mar 31 09:13:04 2021] Launched impl_1...
Run output will be captured here: C:/Users/jstimolo/Documents/ETHZ/FS21/Digital Design and Computer Architecture/LAB_2/manual_lab2/manual_lab2.runs/impl_1/runme.log
set_property PROBES.FILE {} [get_hw_devices xc7a35t_0]
set_property FULL_PROBES.FILE {} [get_hw_devices xc7a35t_0]
set_property PROGRAM.FILE {C:/Users/jstimolo/Documents/ETHZ/FS21/Digital Design and Computer Architecture/LAB_2/manual_lab2/manual_lab2.runs/impl_1/Multiplexer.bit} [get_hw_devices xc7a35t_0]
program_hw_devices [get_hw_devices xc7a35t_0]
INFO: [Labtools 27-3164] End of startup status: HIGH
refresh_hw_device [lindex [get_hw_devices xc7a35t_0] 0]
INFO: [Labtools 27-1434] Device xc7a35t (JTAG device index = 0) is programmed with a design that has no supported debug core(s) in it.
set_property PROBES.FILE {} [get_hw_devices xc7a35t_0]
set_property FULL_PROBES.FILE {} [get_hw_devices xc7a35t_0]
set_property PROGRAM.FILE {C:/Users/jstimolo/Documents/ETHZ/FS21/Digital Design and Computer Architecture/LAB_2/manual_lab2/manual_lab2.runs/impl_1/Multiplexer.bit} [get_hw_devices xc7a35t_0]
program_hw_devices [get_hw_devices xc7a35t_0]
INFO: [Labtools 27-3164] End of startup status: HIGH
refresh_hw_device [lindex [get_hw_devices xc7a35t_0] 0]
INFO: [Labtools 27-1434] Device xc7a35t (JTAG device index = 0) is programmed with a design that has no supported debug core(s) in it.
reset_run synth_1
launch_runs impl_1 -to_step write_bitstream -jobs 4
[Wed Mar 31 09:16:11 2021] Launched synth_1...
Run output will be captured here: C:/Users/jstimolo/Documents/ETHZ/FS21/Digital Design and Computer Architecture/LAB_2/manual_lab2/manual_lab2.runs/synth_1/runme.log
[Wed Mar 31 09:16:11 2021] Launched impl_1...
Run output will be captured here: C:/Users/jstimolo/Documents/ETHZ/FS21/Digital Design and Computer Architecture/LAB_2/manual_lab2/manual_lab2.runs/impl_1/runme.log
ERROR: [Labtoolstcl 44-513] HW Target shutdown. Closing target: localhost:3121/xilinx_tcf/Digilent/210183A38384A
INFO: [Labtoolstcl 44-466] Opening hw_target localhost:3121/xilinx_tcf/Digilent/210183A38384A
INFO: [Labtools 27-1435] Device xc7a35t (JTAG device index = 0) is not programmed (DONE status = 0).
WARNING: [Labtoolstcl 44-129] No matching hw_ila_data was found.
reset_run synth_1
launch_runs impl_1 -to_step write_bitstream -jobs 4
[Wed Mar 31 09:18:14 2021] Launched synth_1...
Run output will be captured here: C:/Users/jstimolo/Documents/ETHZ/FS21/Digital Design and Computer Architecture/LAB_2/manual_lab2/manual_lab2.runs/synth_1/runme.log
[Wed Mar 31 09:18:14 2021] Launched impl_1...
Run output will be captured here: C:/Users/jstimolo/Documents/ETHZ/FS21/Digital Design and Computer Architecture/LAB_2/manual_lab2/manual_lab2.runs/impl_1/runme.log
set_property PROBES.FILE {} [get_hw_devices xc7a35t_0]
set_property FULL_PROBES.FILE {} [get_hw_devices xc7a35t_0]
set_property PROGRAM.FILE {C:/Users/jstimolo/Documents/ETHZ/FS21/Digital Design and Computer Architecture/LAB_2/manual_lab2/manual_lab2.runs/impl_1/Multiplexer.bit} [get_hw_devices xc7a35t_0]
program_hw_devices [get_hw_devices xc7a35t_0]
INFO: [Labtools 27-3164] End of startup status: HIGH
refresh_hw_device [lindex [get_hw_devices xc7a35t_0] 0]
INFO: [Labtools 27-1434] Device xc7a35t (JTAG device index = 0) is programmed with a design that has no supported debug core(s) in it.
refresh_hw_device [lindex [get_hw_devices xc7a35t_0] 0]
INFO: [Labtools 27-1434] Device xc7a35t (JTAG device index = 0) is programmed with a design that has no supported debug core(s) in it.
refresh_hw_device [lindex [get_hw_devices xc7a35t_0] 0]
INFO: [Labtools 27-1434] Device xc7a35t (JTAG device index = 0) is programmed with a design that has no supported debug core(s) in it.
ERROR: [Labtoolstcl 44-513] HW Target shutdown. Closing target: localhost:3121/xilinx_tcf/Digilent/210183A38384A
INFO: [Labtoolstcl 44-466] Opening hw_target localhost:3121/xilinx_tcf/Digilent/210183A38384A
INFO: [Labtools 27-1435] Device xc7a35t (JTAG device index = 0) is not programmed (DONE status = 0).
WARNING: [Labtoolstcl 44-129] No matching hw_ila_data was found.
set_property PROBES.FILE {} [get_hw_devices xc7a35t_0]
set_property FULL_PROBES.FILE {} [get_hw_devices xc7a35t_0]
set_property PROGRAM.FILE {C:/Users/jstimolo/Documents/ETHZ/FS21/Digital Design and Computer Architecture/LAB_2/manual_lab2/manual_lab2.runs/impl_1/Multiplexer.bit} [get_hw_devices xc7a35t_0]
program_hw_devices [get_hw_devices xc7a35t_0]
INFO: [Labtools 27-3164] End of startup status: HIGH
refresh_hw_device [lindex [get_hw_devices xc7a35t_0] 0]
INFO: [Labtools 27-1434] Device xc7a35t (JTAG device index = 0) is programmed with a design that has no supported debug core(s) in it.
ERROR: [Labtoolstcl 44-513] HW Target shutdown. Closing target: localhost:3121/xilinx_tcf/Digilent/210183A38384A
INFO: [Labtoolstcl 44-466] Opening hw_target localhost:3121/xilinx_tcf/Digilent/210183A38384A
INFO: [Labtools 27-1435] Device xc7a35t (JTAG device index = 0) is not programmed (DONE status = 0).
WARNING: [Labtoolstcl 44-129] No matching hw_ila_data was found.
set_property PROBES.FILE {} [get_hw_devices xc7a35t_0]
set_property FULL_PROBES.FILE {} [get_hw_devices xc7a35t_0]
set_property PROGRAM.FILE {C:/Users/jstimolo/Documents/ETHZ/FS21/Digital Design and Computer Architecture/LAB_2/manual_lab2/manual_lab2.runs/impl_1/Multiplexer.bit} [get_hw_devices xc7a35t_0]
program_hw_devices [get_hw_devices xc7a35t_0]
INFO: [Labtools 27-3164] End of startup status: HIGH
refresh_hw_device [lindex [get_hw_devices xc7a35t_0] 0]
INFO: [Labtools 27-1434] Device xc7a35t (JTAG device index = 0) is programmed with a design that has no supported debug core(s) in it.
set_property PROBES.FILE {} [get_hw_devices xc7a35t_0]
set_property FULL_PROBES.FILE {} [get_hw_devices xc7a35t_0]
set_property PROGRAM.FILE {C:/Users/jstimolo/Documents/ETHZ/FS21/Digital Design and Computer Architecture/LAB_2/manual_lab2/manual_lab2.runs/impl_1/Multiplexer.bit} [get_hw_devices xc7a35t_0]
program_hw_devices [get_hw_devices xc7a35t_0]
INFO: [Labtools 27-3164] End of startup status: HIGH
refresh_hw_device [lindex [get_hw_devices xc7a35t_0] 0]
INFO: [Labtools 27-1434] Device xc7a35t (JTAG device index = 0) is programmed with a design that has no supported debug core(s) in it.
reset_run synth_1
launch_runs impl_1 -to_step write_bitstream -jobs 4
[Wed Mar 31 09:23:43 2021] Launched synth_1...
Run output will be captured here: C:/Users/jstimolo/Documents/ETHZ/FS21/Digital Design and Computer Architecture/LAB_2/manual_lab2/manual_lab2.runs/synth_1/runme.log
[Wed Mar 31 09:23:43 2021] Launched impl_1...
Run output will be captured here: C:/Users/jstimolo/Documents/ETHZ/FS21/Digital Design and Computer Architecture/LAB_2/manual_lab2/manual_lab2.runs/impl_1/runme.log
reset_run synth_1
launch_runs impl_1 -to_step write_bitstream -jobs 4
[Wed Mar 31 09:25:37 2021] Launched synth_1...
Run output will be captured here: C:/Users/jstimolo/Documents/ETHZ/FS21/Digital Design and Computer Architecture/LAB_2/manual_lab2/manual_lab2.runs/synth_1/runme.log
[Wed Mar 31 09:25:37 2021] Launched impl_1...
Run output will be captured here: C:/Users/jstimolo/Documents/ETHZ/FS21/Digital Design and Computer Architecture/LAB_2/manual_lab2/manual_lab2.runs/impl_1/runme.log
reset_run impl_1 -prev_step 
launch_runs impl_1 -to_step write_bitstream -jobs 4
WARNING: [Vivado 12-872] Run step 'Design Initialization' is out-of-date.
[Wed Mar 31 09:28:00 2021] Launched impl_1...
Run output will be captured here: C:/Users/jstimolo/Documents/ETHZ/FS21/Digital Design and Computer Architecture/LAB_2/manual_lab2/manual_lab2.runs/impl_1/runme.log
reset_run synth_1
launch_runs impl_1 -to_step write_bitstream -jobs 4
[Wed Mar 31 09:29:09 2021] Launched synth_1...
Run output will be captured here: C:/Users/jstimolo/Documents/ETHZ/FS21/Digital Design and Computer Architecture/LAB_2/manual_lab2/manual_lab2.runs/synth_1/runme.log
[Wed Mar 31 09:29:09 2021] Launched impl_1...
Run output will be captured here: C:/Users/jstimolo/Documents/ETHZ/FS21/Digital Design and Computer Architecture/LAB_2/manual_lab2/manual_lab2.runs/impl_1/runme.log
ERROR: [Labtoolstcl 44-513] HW Target shutdown. Closing target: localhost:3121/xilinx_tcf/Digilent/210183A38384A
INFO: [Labtoolstcl 44-466] Opening hw_target localhost:3121/xilinx_tcf/Digilent/210183A38384A
INFO: [Labtools 27-1435] Device xc7a35t (JTAG device index = 0) is not programmed (DONE status = 0).
WARNING: [Labtoolstcl 44-129] No matching hw_ila_data was found.
ERROR: [Labtoolstcl 44-513] HW Target shutdown. Closing target: localhost:3121/xilinx_tcf/Digilent/210183A38384A
INFO: [Labtoolstcl 44-466] Opening hw_target localhost:3121/xilinx_tcf/Digilent/210183A38384A
INFO: [Labtools 27-1435] Device xc7a35t (JTAG device index = 0) is not programmed (DONE status = 0).
WARNING: [Labtoolstcl 44-129] No matching hw_ila_data was found.
set_property PROBES.FILE {} [get_hw_devices xc7a35t_0]
set_property FULL_PROBES.FILE {} [get_hw_devices xc7a35t_0]
set_property PROGRAM.FILE {C:/Users/jstimolo/Documents/ETHZ/FS21/Digital Design and Computer Architecture/LAB_2/manual_lab2/manual_lab2.runs/impl_1/Multiplexer.bit} [get_hw_devices xc7a35t_0]
program_hw_devices [get_hw_devices xc7a35t_0]
INFO: [Labtools 27-3164] End of startup status: HIGH
refresh_hw_device [lindex [get_hw_devices xc7a35t_0] 0]
INFO: [Labtools 27-1434] Device xc7a35t (JTAG device index = 0) is programmed with a design that has no supported debug core(s) in it.
reset_run impl_1 -prev_step 
launch_runs impl_1 -to_step write_bitstream -jobs 4
[Wed Mar 31 09:32:57 2021] Launched impl_1...
Run output will be captured here: C:/Users/jstimolo/Documents/ETHZ/FS21/Digital Design and Computer Architecture/LAB_2/manual_lab2/manual_lab2.runs/impl_1/runme.log
reset_run synth_1
launch_runs impl_1 -to_step write_bitstream -jobs 4
[Wed Mar 31 09:34:22 2021] Launched synth_1...
Run output will be captured here: C:/Users/jstimolo/Documents/ETHZ/FS21/Digital Design and Computer Architecture/LAB_2/manual_lab2/manual_lab2.runs/synth_1/runme.log
[Wed Mar 31 09:34:22 2021] Launched impl_1...
Run output will be captured here: C:/Users/jstimolo/Documents/ETHZ/FS21/Digital Design and Computer Architecture/LAB_2/manual_lab2/manual_lab2.runs/impl_1/runme.log
set_property PROBES.FILE {} [get_hw_devices xc7a35t_0]
set_property FULL_PROBES.FILE {} [get_hw_devices xc7a35t_0]
set_property PROGRAM.FILE {C:/Users/jstimolo/Documents/ETHZ/FS21/Digital Design and Computer Architecture/LAB_2/manual_lab2/manual_lab2.runs/impl_1/Multiplexer.bit} [get_hw_devices xc7a35t_0]
program_hw_devices [get_hw_devices xc7a35t_0]
INFO: [Labtools 27-3164] End of startup status: HIGH
refresh_hw_device [lindex [get_hw_devices xc7a35t_0] 0]
INFO: [Labtools 27-1434] Device xc7a35t (JTAG device index = 0) is programmed with a design that has no supported debug core(s) in it.
set_property PROBES.FILE {} [get_hw_devices xc7a35t_0]
set_property FULL_PROBES.FILE {} [get_hw_devices xc7a35t_0]
set_property PROGRAM.FILE {C:/Users/jstimolo/Documents/ETHZ/FS21/Digital Design and Computer Architecture/LAB_2/manual_lab2/manual_lab2.runs/impl_1/Multiplexer.bit} [get_hw_devices xc7a35t_0]
program_hw_devices [get_hw_devices xc7a35t_0]
INFO: [Labtools 27-3164] End of startup status: HIGH
refresh_hw_device [lindex [get_hw_devices xc7a35t_0] 0]
INFO: [Labtools 27-1434] Device xc7a35t (JTAG device index = 0) is programmed with a design that has no supported debug core(s) in it.
reset_run synth_1
launch_runs impl_1 -to_step write_bitstream -jobs 4
[Wed Mar 31 09:38:38 2021] Launched synth_1...
Run output will be captured here: C:/Users/jstimolo/Documents/ETHZ/FS21/Digital Design and Computer Architecture/LAB_2/manual_lab2/manual_lab2.runs/synth_1/runme.log
[Wed Mar 31 09:38:38 2021] Launched impl_1...
Run output will be captured here: C:/Users/jstimolo/Documents/ETHZ/FS21/Digital Design and Computer Architecture/LAB_2/manual_lab2/manual_lab2.runs/impl_1/runme.log
set_property PROBES.FILE {} [get_hw_devices xc7a35t_0]
set_property FULL_PROBES.FILE {} [get_hw_devices xc7a35t_0]
set_property PROGRAM.FILE {C:/Users/jstimolo/Documents/ETHZ/FS21/Digital Design and Computer Architecture/LAB_2/manual_lab2/manual_lab2.runs/impl_1/Multiplexer.bit} [get_hw_devices xc7a35t_0]
program_hw_devices [get_hw_devices xc7a35t_0]
INFO: [Labtools 27-3164] End of startup status: HIGH
refresh_hw_device [lindex [get_hw_devices xc7a35t_0] 0]
INFO: [Labtools 27-1434] Device xc7a35t (JTAG device index = 0) is programmed with a design that has no supported debug core(s) in it.
reset_run impl_1 -prev_step 
launch_runs impl_1 -to_step write_bitstream -jobs 4
WARNING: [Vivado 12-872] Run step 'Design Initialization' is out-of-date.
[Wed Mar 31 09:41:29 2021] Launched impl_1...
Run output will be captured here: C:/Users/jstimolo/Documents/ETHZ/FS21/Digital Design and Computer Architecture/LAB_2/manual_lab2/manual_lab2.runs/impl_1/runme.log
reset_run synth_1
launch_runs impl_1 -to_step write_bitstream -jobs 4
[Wed Mar 31 09:43:46 2021] Launched synth_1...
Run output will be captured here: C:/Users/jstimolo/Documents/ETHZ/FS21/Digital Design and Computer Architecture/LAB_2/manual_lab2/manual_lab2.runs/synth_1/runme.log
[Wed Mar 31 09:43:46 2021] Launched impl_1...
Run output will be captured here: C:/Users/jstimolo/Documents/ETHZ/FS21/Digital Design and Computer Architecture/LAB_2/manual_lab2/manual_lab2.runs/impl_1/runme.log
set_property PROBES.FILE {} [get_hw_devices xc7a35t_0]
set_property FULL_PROBES.FILE {} [get_hw_devices xc7a35t_0]
set_property PROGRAM.FILE {C:/Users/jstimolo/Documents/ETHZ/FS21/Digital Design and Computer Architecture/LAB_2/manual_lab2/manual_lab2.runs/impl_1/Multiplexer.bit} [get_hw_devices xc7a35t_0]
program_hw_devices [get_hw_devices xc7a35t_0]
INFO: [Labtools 27-3164] End of startup status: HIGH
refresh_hw_device [lindex [get_hw_devices xc7a35t_0] 0]
INFO: [Labtools 27-1434] Device xc7a35t (JTAG device index = 0) is programmed with a design that has no supported debug core(s) in it.
reset_run impl_1 -prev_step 
launch_runs impl_1 -to_step write_bitstream -jobs 4
WARNING: [Vivado 12-872] Run step 'Design Initialization' is out-of-date.
[Wed Mar 31 09:46:58 2021] Launched impl_1...
Run output will be captured here: C:/Users/jstimolo/Documents/ETHZ/FS21/Digital Design and Computer Architecture/LAB_2/manual_lab2/manual_lab2.runs/impl_1/runme.log
ERROR: [Labtoolstcl 44-513] HW Target shutdown. Closing target: localhost:3121/xilinx_tcf/Digilent/210183A38384A
reset_run synth_1
launch_runs impl_1 -to_step write_bitstream -jobs 4
[Wed Mar 31 09:47:49 2021] Launched synth_1...
Run output will be captured here: C:/Users/jstimolo/Documents/ETHZ/FS21/Digital Design and Computer Architecture/LAB_2/manual_lab2/manual_lab2.runs/synth_1/runme.log
[Wed Mar 31 09:47:49 2021] Launched impl_1...
Run output will be captured here: C:/Users/jstimolo/Documents/ETHZ/FS21/Digital Design and Computer Architecture/LAB_2/manual_lab2/manual_lab2.runs/impl_1/runme.log
disconnect_hw_server localhost:3121
connect_hw_server -allow_non_jtag
INFO: [Labtools 27-2285] Connecting to hw_server url TCP:localhost:3121
INFO: [Labtools 27-3415] Connecting to cs_server url TCP:localhost:3042
INFO: [Labtools 27-3414] Connected to existing cs_server.
ERROR: [Labtoolstcl 44-494] There is no active target available for server at localhost.
 Targets(s) ", jsn-Basys3-210183A38384A" may be locked by another hw_server.
disconnect_hw_server localhost:3121
connect_hw_server -allow_non_jtag
INFO: [Labtools 27-2285] Connecting to hw_server url TCP:localhost:3121
INFO: [Labtools 27-3415] Connecting to cs_server url TCP:localhost:3042
INFO: [Labtools 27-3414] Connected to existing cs_server.
ERROR: [Labtoolstcl 44-494] There is no active target available for server at localhost.
 Targets(s) ", jsn-Basys3-210183A38384A" may be locked by another hw_server.
disconnect_hw_server localhost:3121
connect_hw_server -allow_non_jtag
INFO: [Labtools 27-2285] Connecting to hw_server url TCP:localhost:3121
INFO: [Labtools 27-3415] Connecting to cs_server url TCP:localhost:3042
INFO: [Labtools 27-3414] Connected to existing cs_server.
open_hw_target
INFO: [Labtoolstcl 44-466] Opening hw_target localhost:3121/xilinx_tcf/Digilent/210183A38384A
set_property PROGRAM.FILE {C:/Users/jstimolo/Documents/ETHZ/FS21/Digital Design and Computer Architecture/LAB_2/manual_lab2/manual_lab2.runs/impl_1/Multiplexer.bit} [get_hw_devices xc7a35t_0]
current_hw_device [get_hw_devices xc7a35t_0]
refresh_hw_device -update_hw_probes false [lindex [get_hw_devices xc7a35t_0] 0]
INFO: [Labtools 27-1435] Device xc7a35t (JTAG device index = 0) is not programmed (DONE status = 0).
set_property PROBES.FILE {} [get_hw_devices xc7a35t_0]
set_property FULL_PROBES.FILE {} [get_hw_devices xc7a35t_0]
set_property PROGRAM.FILE {C:/Users/jstimolo/Documents/ETHZ/FS21/Digital Design and Computer Architecture/LAB_2/manual_lab2/manual_lab2.runs/impl_1/Multiplexer.bit} [get_hw_devices xc7a35t_0]
program_hw_devices [get_hw_devices xc7a35t_0]
INFO: [Labtools 27-3164] End of startup status: HIGH
refresh_hw_device [lindex [get_hw_devices xc7a35t_0] 0]
INFO: [Labtools 27-1434] Device xc7a35t (JTAG device index = 0) is programmed with a design that has no supported debug core(s) in it.
set_property PROBES.FILE {} [get_hw_devices xc7a35t_0]
set_property FULL_PROBES.FILE {} [get_hw_devices xc7a35t_0]
set_property PROGRAM.FILE {C:/Users/jstimolo/Documents/ETHZ/FS21/Digital Design and Computer Architecture/LAB_2/manual_lab2/manual_lab2.runs/impl_1/Multiplexer.bit} [get_hw_devices xc7a35t_0]
program_hw_devices [get_hw_devices xc7a35t_0]
INFO: [Labtools 27-3164] End of startup status: HIGH
refresh_hw_device [lindex [get_hw_devices xc7a35t_0] 0]
INFO: [Labtools 27-1434] Device xc7a35t (JTAG device index = 0) is programmed with a design that has no supported debug core(s) in it.
set_property PROBES.FILE {} [get_hw_devices xc7a35t_0]
set_property FULL_PROBES.FILE {} [get_hw_devices xc7a35t_0]
set_property PROGRAM.FILE {C:/Users/jstimolo/Documents/ETHZ/FS21/Digital Design and Computer Architecture/LAB_2/manual_lab2/manual_lab2.runs/impl_1/Multiplexer.bit} [get_hw_devices xc7a35t_0]
program_hw_devices [get_hw_devices xc7a35t_0]
INFO: [Labtools 27-3164] End of startup status: HIGH
refresh_hw_device [lindex [get_hw_devices xc7a35t_0] 0]
INFO: [Labtools 27-1434] Device xc7a35t (JTAG device index = 0) is programmed with a design that has no supported debug core(s) in it.
reset_run synth_1
launch_runs synth_1 -jobs 4
[Wed Mar 31 09:58:48 2021] Launched synth_1...
Run output will be captured here: C:/Users/jstimolo/Documents/ETHZ/FS21/Digital Design and Computer Architecture/LAB_2/manual_lab2/manual_lab2.runs/synth_1/runme.log
launch_runs impl_1 -to_step write_bitstream -jobs 4
[Wed Mar 31 10:00:06 2021] Launched impl_1...
Run output will be captured here: C:/Users/jstimolo/Documents/ETHZ/FS21/Digital Design and Computer Architecture/LAB_2/manual_lab2/manual_lab2.runs/impl_1/runme.log
set_property PROBES.FILE {} [get_hw_devices xc7a35t_0]
set_property FULL_PROBES.FILE {} [get_hw_devices xc7a35t_0]
set_property PROGRAM.FILE {C:/Users/jstimolo/Documents/ETHZ/FS21/Digital Design and Computer Architecture/LAB_2/manual_lab2/manual_lab2.runs/impl_1/Multiplexer.bit} [get_hw_devices xc7a35t_0]
program_hw_devices [get_hw_devices xc7a35t_0]
INFO: [Labtools 27-3164] End of startup status: HIGH
refresh_hw_device [lindex [get_hw_devices xc7a35t_0] 0]
INFO: [Labtools 27-1434] Device xc7a35t (JTAG device index = 0) is programmed with a design that has no supported debug core(s) in it.
exit
INFO: [Common 17-206] Exiting Vivado at Wed Mar 31 10:02:22 2021...
