#-----------------------------------------------------------
# Vivado v2020.2 (64-bit)
# SW Build 3064766 on Wed Nov 18 09:12:45 MST 2020
# IP Build 3064653 on Wed Nov 18 14:17:31 MST 2020
# Start of session at: Fri Apr  2 12:39:07 2021
# Process ID: 9332
# Current directory: C:/Users/jstimolo/Documents/ETHZ/FS21/Digital Design and Computer Architecture/LAB_2/manual_lab2
# Command line: vivado.exe -gui_launcher_event rodinguilauncherevent2056 C:\Users\jstimolo\Documents\ETHZ\FS21\Digital Design and Computer Architecture\LAB_2\manual_lab2\manual_lab2.xpr
# Log file: C:/Users/jstimolo/Documents/ETHZ/FS21/Digital Design and Computer Architecture/LAB_2/manual_lab2/vivado.log
# Journal file: C:/Users/jstimolo/Documents/ETHZ/FS21/Digital Design and Computer Architecture/LAB_2/manual_lab2\vivado.jou
#-----------------------------------------------------------
start_gui
open_project {C:/Users/jstimolo/Documents/ETHZ/FS21/Digital Design and Computer Architecture/LAB_2/manual_lab2/manual_lab2.xpr}
INFO: [ProjectBase 1-489] The host OS only allows 260 characters in a normal path. The project is stored in a path with more than 80 characters. If you experience issues with IP, Block Designs, or files not being found, please consider moving the project to a location with a shorter path. Alternately consider using the OS subst command to map part of the path to a drive letter.
Current project path is 'C:/Users/jstimolo/Documents/ETHZ/FS21/Digital Design and Computer Architecture/LAB_2/manual_lab2'
WARNING: [filemgmt 56-3] Default IP Output Path : Could not find the directory 'C:/Users/jstimolo/Documents/ETHZ/FS21/Digital Design and Computer Architecture/LAB_2/manual_lab2/manual_lab2.gen/sources_1'.
Scanning sources...
Finished scanning sources
INFO: [IP_Flow 19-234] Refreshing IP repositories
INFO: [IP_Flow 19-1704] No user IP repositories specified
INFO: [IP_Flow 19-2313] Loaded Vivado IP repository 'C:/Xilinx/Vivado/2020.2/data/ip'.
open_project: Time (s): cpu = 00:00:17 ; elapsed = 00:00:07 . Memory (MB): peak = 1109.977 ; gain = 0.000
update_compile_order -fileset sources_1
export_ip_user_files -no_script -force
INFO: [export_ip_user_files-Tcl-2] No IPs found in the project.
export_simulation  -directory "C:/Users/jstimolo/Desktop" -simulator xsim
INFO: [exportsim-Tcl-35] Exporting simulation files for "XSIM" (Xilinx Vivado Simulator)...
INFO: [exportsim-Tcl-29] Script generated: 'C:/Users/jstimolo/Desktop/xsim/Multiplexer.sh'
close [ open {C:/Users/jstimolo/Documents/ETHZ/FS21/Digital Design and Computer Architecture/LAB_2/manual_lab2/manual_lab2.srcs/sources_1/new/Decoder.v} w ]
add_files {{C:/Users/jstimolo/Documents/ETHZ/FS21/Digital Design and Computer Architecture/LAB_2/manual_lab2/manual_lab2.srcs/sources_1/new/Decoder.v}}
update_compile_order -fileset sources_1
exit
INFO: [Common 17-206] Exiting Vivado at Fri Apr  2 13:11:17 2021...
