#-----------------------------------------------------------
# Vivado v2020.2 (64-bit)
# SW Build 3064766 on Wed Nov 18 09:12:45 MST 2020
# IP Build 3064653 on Wed Nov 18 14:17:31 MST 2020
# Start of session at: Fri May 28 08:22:50 2021
# Process ID: 12464
# Current directory: C:/Users/jstimolo/Downloads/Lab9_student
# Command line: vivado.exe -gui_launcher_event rodinguilauncherevent10928 C:\Users\jstimolo\Downloads\Lab9_student\lab_9.xpr
# Log file: C:/Users/jstimolo/Downloads/Lab9_student/vivado.log
# Journal file: C:/Users/jstimolo/Downloads/Lab9_student\vivado.jou
#-----------------------------------------------------------
start_gui
open_project C:/Users/jstimolo/Downloads/Lab9_student/lab_9.xpr
INFO: [Project 1-313] Project file moved from 'C:/Users/Chris/polybox/teaching/Digitech/2020/Labs/Lab9/Lab9/Lab9_student' since last save.
WARNING: [filemgmt 56-2] IPUserFilesDir: Could not find the directory 'C:/Users/jstimolo/Downloads/Lab9_student/lab_9.ip_user_files', nor could it be found using path 'C:/Users/Chris/polybox/teaching/Digitech/2020/Labs/Lab9/Lab9/Lab9_student/lab_9.ip_user_files'.
Scanning sources...
Finished scanning sources
WARNING: [Project 1-509] GeneratedRun file for 'synth_1' not found
WARNING: [Project 1-509] GeneratedRun file for 'impl_1' not found
INFO: [Project 1-230] Project 'lab_9.xpr' upgraded for this version of Vivado.
INFO: [IP_Flow 19-234] Refreshing IP repositories
INFO: [IP_Flow 19-1704] No user IP repositories specified
INFO: [IP_Flow 19-2313] Loaded Vivado IP repository 'C:/Xilinx/Vivado/2020.2/data/ip'.
open_project: Time (s): cpu = 00:00:23 ; elapsed = 00:00:09 . Memory (MB): peak = 1108.934 ; gain = 0.000
