
*** Running vivado
    with args -log FullAdder.vds -m64 -product Vivado -mode batch -messageDb vivado.pb -notrace -source FullAdder.tcl



****** Vivado v2020.2 (64-bit)
  **** SW Build 3064766 on Wed Nov 18 09:12:45 MST 2020
  **** IP Build 3064653 on Wed Nov 18 14:17:31 MST 2020
    ** Copyright 1986-2020 Xilinx, Inc. All Rights Reserved.

source FullAdder.tcl -notrace
Command: synth_design -top FullAdder -part xc7a35tcpg236-1
Starting synth_design
Attempting to get a license for feature 'Synthesis' and/or device 'xc7a35t'
INFO: [Common 17-349] Got license for feature 'Synthesis' and/or device 'xc7a35t'
INFO: [Device 21-403] Loading part xc7a35tcpg236-1
INFO: [Synth 8-7079] Multithreading enabled for synth_design using a maximum of 2 processes.
INFO: [Synth 8-7078] Launching helper process for spawning children vivado processes
INFO: [Synth 8-7075] Helper process launched with PID 6428
---------------------------------------------------------------------------------
Starting RTL Elaboration : Time (s): cpu = 00:00:04 ; elapsed = 00:00:05 . Memory (MB): peak = 1098.984 ; gain = 10.070
---------------------------------------------------------------------------------
INFO: [Synth 8-6157] synthesizing module 'FullAdder' [C:/Users/jstimolo/Documents/ETHZ/FS21/Digital Design and Computer Architecture/LAB_3/Lab3/Lab2.srcs/sources_1/new/FullAdder.v:23]
INFO: [Synth 8-6157] synthesizing module 'carry' [C:/Users/jstimolo/Documents/ETHZ/FS21/Digital Design and Computer Architecture/LAB_3/Lab3/Lab2.srcs/sources_1/new/FullAdder.v:36]
INFO: [Synth 8-6155] done synthesizing module 'carry' (1#1) [C:/Users/jstimolo/Documents/ETHZ/FS21/Digital Design and Computer Architecture/LAB_3/Lab3/Lab2.srcs/sources_1/new/FullAdder.v:36]
INFO: [Synth 8-6155] done synthesizing module 'FullAdder' (2#1) [C:/Users/jstimolo/Documents/ETHZ/FS21/Digital Design and Computer Architecture/LAB_3/Lab3/Lab2.srcs/sources_1/new/FullAdder.v:23]
---------------------------------------------------------------------------------
Finished RTL Elaboration : Time (s): cpu = 00:00:05 ; elapsed = 00:00:06 . Memory (MB): peak = 1149.664 ; gain = 60.750
---------------------------------------------------------------------------------
---------------------------------------------------------------------------------
Start Handling Custom Attributes
---------------------------------------------------------------------------------
---------------------------------------------------------------------------------
Finished Handling Custom Attributes : Time (s): cpu = 00:00:06 ; elapsed = 00:00:07 . Memory (MB): peak = 1149.664 ; gain = 60.750
---------------------------------------------------------------------------------
---------------------------------------------------------------------------------
Finished RTL Optimization Phase 1 : Time (s): cpu = 00:00:06 ; elapsed = 00:00:07 . Memory (MB): peak = 1149.664 ; gain = 60.750
---------------------------------------------------------------------------------
Netlist sorting complete. Time (s): cpu = 00:00:00 ; elapsed = 00:00:00 . Memory (MB): peak = 1149.664 ; gain = 0.000
INFO: [Project 1-570] Preparing netlist for logic optimization

Processing XDC Constraints
Initializing timing engine
Parsing XDC File [C:/Users/jstimolo/Documents/ETHZ/FS21/Digital Design and Computer Architecture/LAB_3/Lab3/Lab2.srcs/constrs_1/new/board.xdc]
Finished Parsing XDC File [C:/Users/jstimolo/Documents/ETHZ/FS21/Digital Design and Computer Architecture/LAB_3/Lab3/Lab2.srcs/constrs_1/new/board.xdc]
INFO: [Project 1-236] Implementation specific constraints were found while reading constraint file [C:/Users/jstimolo/Documents/ETHZ/FS21/Digital Design and Computer Architecture/LAB_3/Lab3/Lab2.srcs/constrs_1/new/board.xdc]. These constraints will be ignored for synthesis but will be used in implementation. Impacted constraints are listed in the file [.Xil/FullAdder_propImpl.xdc].
Resolution: To avoid this warning, move constraints listed in [.Xil/FullAdder_propImpl.xdc] to another XDC file and exclude this new file from synthesis with the used_in_synthesis property (File Properties dialog in GUI) and re-run elaboration/synthesis.
Parsing XDC File [C:/Users/jstimolo/Documents/ETHZ/FS21/Digital Design and Computer Architecture/LAB_3/Lab3/Lab2.srcs/constrs_1/new/display.xdc]
WARNING: [Vivado 12-584] No ports matched 'D[0]'. [C:/Users/jstimolo/Documents/ETHZ/FS21/Digital Design and Computer Architecture/LAB_3/Lab3/Lab2.srcs/constrs_1/new/display.xdc:1]
CRITICAL WARNING: [Common 17-55] 'set_property' expects at least one object. [C:/Users/jstimolo/Documents/ETHZ/FS21/Digital Design and Computer Architecture/LAB_3/Lab3/Lab2.srcs/constrs_1/new/display.xdc:1]
Resolution: If [get_<value>] was used to populate the object, check to make sure this command returns at least one valid object.
WARNING: [Vivado 12-584] No ports matched 'D[1]'. [C:/Users/jstimolo/Documents/ETHZ/FS21/Digital Design and Computer Architecture/LAB_3/Lab3/Lab2.srcs/constrs_1/new/display.xdc:2]
CRITICAL WARNING: [Common 17-55] 'set_property' expects at least one object. [C:/Users/jstimolo/Documents/ETHZ/FS21/Digital Design and Computer Architecture/LAB_3/Lab3/Lab2.srcs/constrs_1/new/display.xdc:2]
Resolution: If [get_<value>] was used to populate the object, check to make sure this command returns at least one valid object.
WARNING: [Vivado 12-584] No ports matched 'D[2]'. [C:/Users/jstimolo/Documents/ETHZ/FS21/Digital Design and Computer Architecture/LAB_3/Lab3/Lab2.srcs/constrs_1/new/display.xdc:3]
CRITICAL WARNING: [Common 17-55] 'set_property' expects at least one object. [C:/Users/jstimolo/Documents/ETHZ/FS21/Digital Design and Computer Architecture/LAB_3/Lab3/Lab2.srcs/constrs_1/new/display.xdc:3]
Resolution: If [get_<value>] was used to populate the object, check to make sure this command returns at least one valid object.
WARNING: [Vivado 12-584] No ports matched 'D[3]'. [C:/Users/jstimolo/Documents/ETHZ/FS21/Digital Design and Computer Architecture/LAB_3/Lab3/Lab2.srcs/constrs_1/new/display.xdc:4]
CRITICAL WARNING: [Common 17-55] 'set_property' expects at least one object. [C:/Users/jstimolo/Documents/ETHZ/FS21/Digital Design and Computer Architecture/LAB_3/Lab3/Lab2.srcs/constrs_1/new/display.xdc:4]
Resolution: If [get_<value>] was used to populate the object, check to make sure this command returns at least one valid object.
WARNING: [Vivado 12-584] No ports matched 'D[4]'. [C:/Users/jstimolo/Documents/ETHZ/FS21/Digital Design and Computer Architecture/LAB_3/Lab3/Lab2.srcs/constrs_1/new/display.xdc:5]
CRITICAL WARNING: [Common 17-55] 'set_property' expects at least one object. [C:/Users/jstimolo/Documents/ETHZ/FS21/Digital Design and Computer Architecture/LAB_3/Lab3/Lab2.srcs/constrs_1/new/display.xdc:5]
Resolution: If [get_<value>] was used to populate the object, check to make sure this command returns at least one valid object.
WARNING: [Vivado 12-584] No ports matched 'D[5]'. [C:/Users/jstimolo/Documents/ETHZ/FS21/Digital Design and Computer Architecture/LAB_3/Lab3/Lab2.srcs/constrs_1/new/display.xdc:6]
CRITICAL WARNING: [Common 17-55] 'set_property' expects at least one object. [C:/Users/jstimolo/Documents/ETHZ/FS21/Digital Design and Computer Architecture/LAB_3/Lab3/Lab2.srcs/constrs_1/new/display.xdc:6]
Resolution: If [get_<value>] was used to populate the object, check to make sure this command returns at least one valid object.
WARNING: [Vivado 12-584] No ports matched 'D[6]'. [C:/Users/jstimolo/Documents/ETHZ/FS21/Digital Design and Computer Architecture/LAB_3/Lab3/Lab2.srcs/constrs_1/new/display.xdc:7]
CRITICAL WARNING: [Common 17-55] 'set_property' expects at least one object. [C:/Users/jstimolo/Documents/ETHZ/FS21/Digital Design and Computer Architecture/LAB_3/Lab3/Lab2.srcs/constrs_1/new/display.xdc:7]
Resolution: If [get_<value>] was used to populate the object, check to make sure this command returns at least one valid object.
WARNING: [Vivado 12-584] No ports matched 'D'. [C:/Users/jstimolo/Documents/ETHZ/FS21/Digital Design and Computer Architecture/LAB_3/Lab3/Lab2.srcs/constrs_1/new/display.xdc:8]
CRITICAL WARNING: [Common 17-55] 'set_property' expects at least one object. [C:/Users/jstimolo/Documents/ETHZ/FS21/Digital Design and Computer Architecture/LAB_3/Lab3/Lab2.srcs/constrs_1/new/display.xdc:8]
Resolution: If [get_<value>] was used to populate the object, check to make sure this command returns at least one valid object.
Finished Parsing XDC File [C:/Users/jstimolo/Documents/ETHZ/FS21/Digital Design and Computer Architecture/LAB_3/Lab3/Lab2.srcs/constrs_1/new/display.xdc]
Completed Processing XDC Constraints

Netlist sorting complete. Time (s): cpu = 00:00:00 ; elapsed = 00:00:00 . Memory (MB): peak = 1229.234 ; gain = 0.000
INFO: [Project 1-111] Unisim Transformation Summary:
No Unisim elements were transformed.

Constraint Validation Runtime : Time (s): cpu = 00:00:00 ; elapsed = 00:00:00.010 . Memory (MB): peak = 1229.234 ; gain = 0.000
---------------------------------------------------------------------------------
Finished Constraint Validation : Time (s): cpu = 00:00:11 ; elapsed = 00:00:13 . Memory (MB): peak = 1229.234 ; gain = 140.320
---------------------------------------------------------------------------------
---------------------------------------------------------------------------------
Start Loading Part and Timing Information
---------------------------------------------------------------------------------
Loading part: xc7a35tcpg236-1
---------------------------------------------------------------------------------
Finished Loading Part and Timing Information : Time (s): cpu = 00:00:11 ; elapsed = 00:00:13 . Memory (MB): peak = 1229.234 ; gain = 140.320
---------------------------------------------------------------------------------
---------------------------------------------------------------------------------
Start Applying 'set_property' XDC Constraints
---------------------------------------------------------------------------------
---------------------------------------------------------------------------------
Finished applying 'set_property' XDC Constraints : Time (s): cpu = 00:00:11 ; elapsed = 00:00:13 . Memory (MB): peak = 1229.234 ; gain = 140.320
---------------------------------------------------------------------------------
---------------------------------------------------------------------------------
Finished RTL Optimization Phase 2 : Time (s): cpu = 00:00:11 ; elapsed = 00:00:13 . Memory (MB): peak = 1229.234 ; gain = 140.320
---------------------------------------------------------------------------------
---------------------------------------------------------------------------------
Start RTL Component Statistics 
---------------------------------------------------------------------------------
Detailed RTL Component Info : 
+---XORs : 
	   2 Input      1 Bit         XORs := 8     
---------------------------------------------------------------------------------
Finished RTL Component Statistics 
---------------------------------------------------------------------------------
---------------------------------------------------------------------------------
Start Part Resource Summary
---------------------------------------------------------------------------------
Part Resources:
DSPs: 90 (col length:60)
BRAMs: 100 (col length: RAMB18 60 RAMB36 30)
---------------------------------------------------------------------------------
Finished Part Resource Summary
---------------------------------------------------------------------------------
---------------------------------------------------------------------------------
Start Cross Boundary and Area Optimization
---------------------------------------------------------------------------------
---------------------------------------------------------------------------------
Finished Cross Boundary and Area Optimization : Time (s): cpu = 00:00:13 ; elapsed = 00:00:14 . Memory (MB): peak = 1229.234 ; gain = 140.320
---------------------------------------------------------------------------------
---------------------------------------------------------------------------------
Start Applying XDC Timing Constraints
---------------------------------------------------------------------------------
---------------------------------------------------------------------------------
Finished Applying XDC Timing Constraints : Time (s): cpu = 00:00:18 ; elapsed = 00:00:20 . Memory (MB): peak = 1235.305 ; gain = 146.391
---------------------------------------------------------------------------------
---------------------------------------------------------------------------------
Start Timing Optimization
---------------------------------------------------------------------------------
---------------------------------------------------------------------------------
Finished Timing Optimization : Time (s): cpu = 00:00:18 ; elapsed = 00:00:20 . Memory (MB): peak = 1235.305 ; gain = 146.391
---------------------------------------------------------------------------------
---------------------------------------------------------------------------------
Start Technology Mapping
---------------------------------------------------------------------------------
---------------------------------------------------------------------------------
Finished Technology Mapping : Time (s): cpu = 00:00:18 ; elapsed = 00:00:20 . Memory (MB): peak = 1254.375 ; gain = 165.461
---------------------------------------------------------------------------------
---------------------------------------------------------------------------------
Start IO Insertion
---------------------------------------------------------------------------------
---------------------------------------------------------------------------------
Start Flattening Before IO Insertion
---------------------------------------------------------------------------------
---------------------------------------------------------------------------------
Finished Flattening Before IO Insertion
---------------------------------------------------------------------------------
---------------------------------------------------------------------------------
Start Final Netlist Cleanup
---------------------------------------------------------------------------------
---------------------------------------------------------------------------------
Finished Final Netlist Cleanup
---------------------------------------------------------------------------------
---------------------------------------------------------------------------------
Finished IO Insertion : Time (s): cpu = 00:00:22 ; elapsed = 00:00:23 . Memory (MB): peak = 1259.188 ; gain = 170.273
---------------------------------------------------------------------------------
---------------------------------------------------------------------------------
Start Renaming Generated Instances
---------------------------------------------------------------------------------
---------------------------------------------------------------------------------
Finished Renaming Generated Instances : Time (s): cpu = 00:00:22 ; elapsed = 00:00:23 . Memory (MB): peak = 1259.188 ; gain = 170.273
---------------------------------------------------------------------------------
---------------------------------------------------------------------------------
Start Rebuilding User Hierarchy
---------------------------------------------------------------------------------
---------------------------------------------------------------------------------
Finished Rebuilding User Hierarchy : Time (s): cpu = 00:00:22 ; elapsed = 00:00:23 . Memory (MB): peak = 1259.188 ; gain = 170.273
---------------------------------------------------------------------------------
---------------------------------------------------------------------------------
Start Renaming Generated Ports
---------------------------------------------------------------------------------
---------------------------------------------------------------------------------
Finished Renaming Generated Ports : Time (s): cpu = 00:00:22 ; elapsed = 00:00:23 . Memory (MB): peak = 1259.188 ; gain = 170.273
---------------------------------------------------------------------------------
---------------------------------------------------------------------------------
Start Handling Custom Attributes
---------------------------------------------------------------------------------
---------------------------------------------------------------------------------
Finished Handling Custom Attributes : Time (s): cpu = 00:00:22 ; elapsed = 00:00:23 . Memory (MB): peak = 1259.188 ; gain = 170.273
---------------------------------------------------------------------------------
---------------------------------------------------------------------------------
Start Renaming Generated Nets
---------------------------------------------------------------------------------
---------------------------------------------------------------------------------
Finished Renaming Generated Nets : Time (s): cpu = 00:00:22 ; elapsed = 00:00:23 . Memory (MB): peak = 1259.188 ; gain = 170.273
---------------------------------------------------------------------------------
---------------------------------------------------------------------------------
Start Writing Synthesis Report
---------------------------------------------------------------------------------

Report BlackBoxes: 
+-+--------------+----------+
| |BlackBox name |Instances |
+-+--------------+----------+
+-+--------------+----------+

Report Cell Usage: 
+------+-----+------+
|      |Cell |Count |
+------+-----+------+
|1     |LUT2 |     1|
|2     |LUT3 |     2|
|3     |LUT4 |     1|
|4     |LUT6 |     2|
|5     |IBUF |     8|
|6     |OBUF |     5|
+------+-----+------+
---------------------------------------------------------------------------------
Finished Writing Synthesis Report : Time (s): cpu = 00:00:22 ; elapsed = 00:00:23 . Memory (MB): peak = 1259.188 ; gain = 170.273
---------------------------------------------------------------------------------
Synthesis finished with 0 errors, 0 critical warnings and 0 warnings.
Synthesis Optimization Runtime : Time (s): cpu = 00:00:15 ; elapsed = 00:00:21 . Memory (MB): peak = 1259.188 ; gain = 90.703
Synthesis Optimization Complete : Time (s): cpu = 00:00:22 ; elapsed = 00:00:23 . Memory (MB): peak = 1259.188 ; gain = 170.273
INFO: [Project 1-571] Translating synthesized netlist
Netlist sorting complete. Time (s): cpu = 00:00:00 ; elapsed = 00:00:00.001 . Memory (MB): peak = 1271.242 ; gain = 0.000
INFO: [Project 1-570] Preparing netlist for logic optimization
INFO: [Opt 31-138] Pushed 0 inverter(s) to 0 load pin(s).
Netlist sorting complete. Time (s): cpu = 00:00:00 ; elapsed = 00:00:00 . Memory (MB): peak = 1275.328 ; gain = 0.000
INFO: [Project 1-111] Unisim Transformation Summary:
No Unisim elements were transformed.

INFO: [Common 17-83] Releasing license: Synthesis
17 Infos, 8 Warnings, 8 Critical Warnings and 0 Errors encountered.
synth_design completed successfully
synth_design: Time (s): cpu = 00:00:28 ; elapsed = 00:00:37 . Memory (MB): peak = 1275.328 ; gain = 186.414
INFO: [runtcl-6] Synthesis results are not added to the cache due to CRITICAL_WARNING
INFO: [Common 17-1381] The checkpoint 'C:/Users/jstimolo/Documents/ETHZ/FS21/Digital Design and Computer Architecture/LAB_3/Lab3/Lab2.runs/synth_1/FullAdder.dcp' has been generated.
INFO: [runtcl-4] Executing : report_utilization -file FullAdder_utilization_synth.rpt -pb FullAdder_utilization_synth.pb
INFO: [Common 17-206] Exiting Vivado at Wed Mar 24 23:08:38 2021...
