#-----------------------------------------------------------
# Vivado v2020.2 (64-bit)
# SW Build 3064766 on Wed Nov 18 09:12:45 MST 2020
# IP Build 3064653 on Wed Nov 18 14:17:31 MST 2020
# Start of session at: Fri Apr  2 00:34:42 2021
# Process ID: 7396
# Current directory: C:/Users/jstimolo/Documents/ETHZ/FS21/Digital Design and Computer Architecture/LAB_2/Lab2
# Command line: vivado.exe -gui_launcher_event rodinguilauncherevent18716 C:\Users\jstimolo\Documents\ETHZ\FS21\Digital Design and Computer Architecture\LAB_2\Lab2\Lab2.xpr
# Log file: C:/Users/jstimolo/Documents/ETHZ/FS21/Digital Design and Computer Architecture/LAB_2/Lab2/vivado.log
# Journal file: C:/Users/jstimolo/Documents/ETHZ/FS21/Digital Design and Computer Architecture/LAB_2/Lab2\vivado.jou
#-----------------------------------------------------------
start_gui
open_project {C:/Users/jstimolo/Documents/ETHZ/FS21/Digital Design and Computer Architecture/LAB_2/Lab2/Lab2.xpr}
INFO: [ProjectBase 1-489] The host OS only allows 260 characters in a normal path. The project is stored in a path with more than 80 characters. If you experience issues with IP, Block Designs, or files not being found, please consider moving the project to a location with a shorter path. Alternately consider using the OS subst command to map part of the path to a drive letter.
Current project path is 'C:/Users/jstimolo/Documents/ETHZ/FS21/Digital Design and Computer Architecture/LAB_2/Lab2'
INFO: [Common 17-41] Interrupt caught. Command should exit soon.
INFO: [Common 17-344] 'open_project' was cancelled
exit
INFO: [Common 17-206] Exiting Vivado at Fri Apr  2 00:35:11 2021...
'.
Scanning sources...
Finished scanning sources
INFO: [IP_Flow 19-234] Refreshing IP repositories
INFO: [IP_Flow 19-1704] No user IP repositories specified
INFO: [IP_Flow 19-2313] Loaded Vivado IP repository 'C:/Xilinx/Vivado/2020.2/data/ip'.
open_project: Time (s): cpu = 00:00:24 ; elapsed = 00:00:15 . Memory (MB): peak = 1075.035 ; gain = 0.000
update_compile_order -fileset sources_1
exit
INFO: [Common 17-206] Exiting Vivado at Fri Apr  2 00:35:43 2021...
