
*** Running vivado
    with args -log VLC.vds -m64 -product Vivado -mode batch -messageDb vivado.pb -notrace -source VLC.tcl



****** Vivado v2020.2 (64-bit)
  **** SW Build 3064766 on Wed Nov 18 09:12:45 MST 2020
  **** IP Build 3064653 on Wed Nov 18 14:17:31 MST 2020
    ** Copyright 1986-2020 Xilinx, Inc. All Rights Reserved.

source VLC.tcl -notrace
Command: synth_design -top VLC -part xc7a35tcpg236-1
Starting synth_design
Attempting to get a license for feature 'Synthesis' and/or device 'xc7a35t'
INFO: [Common 17-349] Got license for feature 'Synthesis' and/or device 'xc7a35t'
INFO: [Device 21-403] Loading part xc7a35tcpg236-1
INFO: [Synth 8-7079] Multithreading enabled for synth_design using a maximum of 2 processes.
INFO: [Synth 8-7078] Launching helper process for spawning children vivado processes
INFO: [Synth 8-7075] Helper process launched with PID 1700
---------------------------------------------------------------------------------
Starting RTL Elaboration : Time (s): cpu = 00:00:05 ; elapsed = 00:00:05 . Memory (MB): peak = 1106.395 ; gain = 0.000
---------------------------------------------------------------------------------
INFO: [Synth 8-6157] synthesizing module 'VLC' [C:/Users/jstimolo/Documents/ETHZ/FS21/Digital Design and Computer Architecture/LAB_5/Lab5/Lab5.srcs/sources_1/new/VLC.v:23]
WARNING: [Synth 8-567] referenced signal 'A' should be on the sensitivity list [C:/Users/jstimolo/Documents/ETHZ/FS21/Digital Design and Computer Architecture/LAB_5/Lab5/Lab5.srcs/sources_1/new/VLC.v:29]
WARNING: [Synth 8-567] referenced signal 'B' should be on the sensitivity list [C:/Users/jstimolo/Documents/ETHZ/FS21/Digital Design and Computer Architecture/LAB_5/Lab5/Lab5.srcs/sources_1/new/VLC.v:29]
INFO: [Synth 8-6155] done synthesizing module 'VLC' (1#1) [C:/Users/jstimolo/Documents/ETHZ/FS21/Digital Design and Computer Architecture/LAB_5/Lab5/Lab5.srcs/sources_1/new/VLC.v:23]
---------------------------------------------------------------------------------
Finished RTL Elaboration : Time (s): cpu = 00:00:06 ; elapsed = 00:00:07 . Memory (MB): peak = 1150.648 ; gain = 44.254
---------------------------------------------------------------------------------
---------------------------------------------------------------------------------
Start Handling Custom Attributes
---------------------------------------------------------------------------------
---------------------------------------------------------------------------------
Finished Handling Custom Attributes : Time (s): cpu = 00:00:07 ; elapsed = 00:00:07 . Memory (MB): peak = 1150.648 ; gain = 44.254
---------------------------------------------------------------------------------
---------------------------------------------------------------------------------
Finished RTL Optimization Phase 1 : Time (s): cpu = 00:00:07 ; elapsed = 00:00:07 . Memory (MB): peak = 1150.648 ; gain = 44.254
---------------------------------------------------------------------------------
Netlist sorting complete. Time (s): cpu = 00:00:00 ; elapsed = 00:00:00.005 . Memory (MB): peak = 1150.648 ; gain = 0.000
INFO: [Project 1-570] Preparing netlist for logic optimization

Processing XDC Constraints
Initializing timing engine
Parsing XDC File [C:/Users/jstimolo/Documents/ETHZ/FS21/Digital Design and Computer Architecture/LAB_5/Lab5/Lab5.srcs/constrs_1/new/Timing_Delay.xdc]
INFO: [Vivado 12-2286] Implicit search of objects for pattern '*' matched to 'port' objects. [C:/Users/jstimolo/Documents/ETHZ/FS21/Digital Design and Computer Architecture/LAB_5/Lab5/Lab5.srcs/constrs_1/new/Timing_Delay.xdc:1]
Resolution: To avoid ambiguous patterns, provide proper objects using get commands e.g. [get_nets xyz].
INFO: [Vivado 12-2286] Implicit search of objects for pattern '*' matched to 'port' objects. [C:/Users/jstimolo/Documents/ETHZ/FS21/Digital Design and Computer Architecture/LAB_5/Lab5/Lab5.srcs/constrs_1/new/Timing_Delay.xdc:1]
Resolution: To avoid ambiguous patterns, provide proper objects using get commands e.g. [get_nets xyz].
WARNING: [Constraints 18-402] set_max_delay: 'Y[0]' is not a valid startpoint. [C:/Users/jstimolo/Documents/ETHZ/FS21/Digital Design and Computer Architecture/LAB_5/Lab5/Lab5.srcs/constrs_1/new/Timing_Delay.xdc:1]
Resolution: A valid start point is a main or generated clock pin or port, a clock pin of a sequential cell, or a primary input or inout port. Please validate that all the objects returned by your query belong to this list.
WARNING: [Constraints 18-402] set_max_delay: 'Y[10]' is not a valid startpoint. [C:/Users/jstimolo/Documents/ETHZ/FS21/Digital Design and Computer Architecture/LAB_5/Lab5/Lab5.srcs/constrs_1/new/Timing_Delay.xdc:1]
Resolution: A valid start point is a main or generated clock pin or port, a clock pin of a sequential cell, or a primary input or inout port. Please validate that all the objects returned by your query belong to this list.
WARNING: [Constraints 18-402] set_max_delay: 'Y[11]' is not a valid startpoint. [C:/Users/jstimolo/Documents/ETHZ/FS21/Digital Design and Computer Architecture/LAB_5/Lab5/Lab5.srcs/constrs_1/new/Timing_Delay.xdc:1]
Resolution: A valid start point is a main or generated clock pin or port, a clock pin of a sequential cell, or a primary input or inout port. Please validate that all the objects returned by your query belong to this list.
WARNING: [Constraints 18-402] set_max_delay: 'Y[12]' is not a valid startpoint. [C:/Users/jstimolo/Documents/ETHZ/FS21/Digital Design and Computer Architecture/LAB_5/Lab5/Lab5.srcs/constrs_1/new/Timing_Delay.xdc:1]
Resolution: A valid start point is a main or generated clock pin or port, a clock pin of a sequential cell, or a primary input or inout port. Please validate that all the objects returned by your query belong to this list.
WARNING: [Constraints 18-402] set_max_delay: 'Y[13]' is not a valid startpoint. [C:/Users/jstimolo/Documents/ETHZ/FS21/Digital Design and Computer Architecture/LAB_5/Lab5/Lab5.srcs/constrs_1/new/Timing_Delay.xdc:1]
Resolution: A valid start point is a main or generated clock pin or port, a clock pin of a sequential cell, or a primary input or inout port. Please validate that all the objects returned by your query belong to this list.
WARNING: [Constraints 18-402] set_max_delay: 'Y[14]' is not a valid startpoint. [C:/Users/jstimolo/Documents/ETHZ/FS21/Digital Design and Computer Architecture/LAB_5/Lab5/Lab5.srcs/constrs_1/new/Timing_Delay.xdc:1]
Resolution: A valid start point is a main or generated clock pin or port, a clock pin of a sequential cell, or a primary input or inout port. Please validate that all the objects returned by your query belong to this list.
WARNING: [Constraints 18-402] set_max_delay: 'Y[15]' is not a valid startpoint. [C:/Users/jstimolo/Documents/ETHZ/FS21/Digital Design and Computer Architecture/LAB_5/Lab5/Lab5.srcs/constrs_1/new/Timing_Delay.xdc:1]
Resolution: A valid start point is a main or generated clock pin or port, a clock pin of a sequential cell, or a primary input or inout port. Please validate that all the objects returned by your query belong to this list.
WARNING: [Constraints 18-402] set_max_delay: 'Y[16]' is not a valid startpoint. [C:/Users/jstimolo/Documents/ETHZ/FS21/Digital Design and Computer Architecture/LAB_5/Lab5/Lab5.srcs/constrs_1/new/Timing_Delay.xdc:1]
Resolution: A valid start point is a main or generated clock pin or port, a clock pin of a sequential cell, or a primary input or inout port. Please validate that all the objects returned by your query belong to this list.
WARNING: [Constraints 18-402] set_max_delay: 'Y[17]' is not a valid startpoint. [C:/Users/jstimolo/Documents/ETHZ/FS21/Digital Design and Computer Architecture/LAB_5/Lab5/Lab5.srcs/constrs_1/new/Timing_Delay.xdc:1]
Resolution: A valid start point is a main or generated clock pin or port, a clock pin of a sequential cell, or a primary input or inout port. Please validate that all the objects returned by your query belong to this list.
WARNING: [Constraints 18-402] set_max_delay: 'Y[18]' is not a valid startpoint. [C:/Users/jstimolo/Documents/ETHZ/FS21/Digital Design and Computer Architecture/LAB_5/Lab5/Lab5.srcs/constrs_1/new/Timing_Delay.xdc:1]
Resolution: A valid start point is a main or generated clock pin or port, a clock pin of a sequential cell, or a primary input or inout port. Please validate that all the objects returned by your query belong to this list.
WARNING: [Constraints 18-402] set_max_delay: 'Y[19]' is not a valid startpoint. [C:/Users/jstimolo/Documents/ETHZ/FS21/Digital Design and Computer Architecture/LAB_5/Lab5/Lab5.srcs/constrs_1/new/Timing_Delay.xdc:1]
Resolution: A valid start point is a main or generated clock pin or port, a clock pin of a sequential cell, or a primary input or inout port. Please validate that all the objects returned by your query belong to this list.
WARNING: [Constraints 18-402] set_max_delay: 'Y[1]' is not a valid startpoint. [C:/Users/jstimolo/Documents/ETHZ/FS21/Digital Design and Computer Architecture/LAB_5/Lab5/Lab5.srcs/constrs_1/new/Timing_Delay.xdc:1]
Resolution: A valid start point is a main or generated clock pin or port, a clock pin of a sequential cell, or a primary input or inout port. Please validate that all the objects returned by your query belong to this list.
WARNING: [Constraints 18-402] set_max_delay: 'Y[20]' is not a valid startpoint. [C:/Users/jstimolo/Documents/ETHZ/FS21/Digital Design and Computer Architecture/LAB_5/Lab5/Lab5.srcs/constrs_1/new/Timing_Delay.xdc:1]
Resolution: A valid start point is a main or generated clock pin or port, a clock pin of a sequential cell, or a primary input or inout port. Please validate that all the objects returned by your query belong to this list.
WARNING: [Constraints 18-402] set_max_delay: 'Y[21]' is not a valid startpoint. [C:/Users/jstimolo/Documents/ETHZ/FS21/Digital Design and Computer Architecture/LAB_5/Lab5/Lab5.srcs/constrs_1/new/Timing_Delay.xdc:1]
Resolution: A valid start point is a main or generated clock pin or port, a clock pin of a sequential cell, or a primary input or inout port. Please validate that all the objects returned by your query belong to this list.
WARNING: [Constraints 18-402] set_max_delay: 'Y[22]' is not a valid startpoint. [C:/Users/jstimolo/Documents/ETHZ/FS21/Digital Design and Computer Architecture/LAB_5/Lab5/Lab5.srcs/constrs_1/new/Timing_Delay.xdc:1]
Resolution: A valid start point is a main or generated clock pin or port, a clock pin of a sequential cell, or a primary input or inout port. Please validate that all the objects returned by your query belong to this list.
WARNING: [Constraints 18-402] set_max_delay: 'Y[23]' is not a valid startpoint. [C:/Users/jstimolo/Documents/ETHZ/FS21/Digital Design and Computer Architecture/LAB_5/Lab5/Lab5.srcs/constrs_1/new/Timing_Delay.xdc:1]
Resolution: A valid start point is a main or generated clock pin or port, a clock pin of a sequential cell, or a primary input or inout port. Please validate that all the objects returned by your query belong to this list.
WARNING: [Constraints 18-402] set_max_delay: 'Y[24]' is not a valid startpoint. [C:/Users/jstimolo/Documents/ETHZ/FS21/Digital Design and Computer Architecture/LAB_5/Lab5/Lab5.srcs/constrs_1/new/Timing_Delay.xdc:1]
Resolution: A valid start point is a main or generated clock pin or port, a clock pin of a sequential cell, or a primary input or inout port. Please validate that all the objects returned by your query belong to this list.
WARNING: [Constraints 18-402] set_max_delay: 'Y[25]' is not a valid startpoint. [C:/Users/jstimolo/Documents/ETHZ/FS21/Digital Design and Computer Architecture/LAB_5/Lab5/Lab5.srcs/constrs_1/new/Timing_Delay.xdc:1]
Resolution: A valid start point is a main or generated clock pin or port, a clock pin of a sequential cell, or a primary input or inout port. Please validate that all the objects returned by your query belong to this list.
WARNING: [Constraints 18-402] set_max_delay: 'Y[26]' is not a valid startpoint. [C:/Users/jstimolo/Documents/ETHZ/FS21/Digital Design and Computer Architecture/LAB_5/Lab5/Lab5.srcs/constrs_1/new/Timing_Delay.xdc:1]
Resolution: A valid start point is a main or generated clock pin or port, a clock pin of a sequential cell, or a primary input or inout port. Please validate that all the objects returned by your query belong to this list.
WARNING: [Constraints 18-402] set_max_delay: 'Y[27]' is not a valid startpoint. [C:/Users/jstimolo/Documents/ETHZ/FS21/Digital Design and Computer Architecture/LAB_5/Lab5/Lab5.srcs/constrs_1/new/Timing_Delay.xdc:1]
Resolution: A valid start point is a main or generated clock pin or port, a clock pin of a sequential cell, or a primary input or inout port. Please validate that all the objects returned by your query belong to this list.
WARNING: [Constraints 18-402] set_max_delay: 'Y[28]' is not a valid startpoint. [C:/Users/jstimolo/Documents/ETHZ/FS21/Digital Design and Computer Architecture/LAB_5/Lab5/Lab5.srcs/constrs_1/new/Timing_Delay.xdc:1]
Resolution: A valid start point is a main or generated clock pin or port, a clock pin of a sequential cell, or a primary input or inout port. Please validate that all the objects returned by your query belong to this list.
WARNING: [Constraints 18-402] set_max_delay: 'Y[29]' is not a valid startpoint. [C:/Users/jstimolo/Documents/ETHZ/FS21/Digital Design and Computer Architecture/LAB_5/Lab5/Lab5.srcs/constrs_1/new/Timing_Delay.xdc:1]
Resolution: A valid start point is a main or generated clock pin or port, a clock pin of a sequential cell, or a primary input or inout port. Please validate that all the objects returned by your query belong to this list.
WARNING: [Constraints 18-402] set_max_delay: 'Y[2]' is not a valid startpoint. [C:/Users/jstimolo/Documents/ETHZ/FS21/Digital Design and Computer Architecture/LAB_5/Lab5/Lab5.srcs/constrs_1/new/Timing_Delay.xdc:1]
Resolution: A valid start point is a main or generated clock pin or port, a clock pin of a sequential cell, or a primary input or inout port. Please validate that all the objects returned by your query belong to this list.
WARNING: [Constraints 18-402] set_max_delay: 'Y[30]' is not a valid startpoint. [C:/Users/jstimolo/Documents/ETHZ/FS21/Digital Design and Computer Architecture/LAB_5/Lab5/Lab5.srcs/constrs_1/new/Timing_Delay.xdc:1]
Resolution: A valid start point is a main or generated clock pin or port, a clock pin of a sequential cell, or a primary input or inout port. Please validate that all the objects returned by your query belong to this list.
WARNING: [Constraints 18-402] set_max_delay: 'Y[31]' is not a valid startpoint. [C:/Users/jstimolo/Documents/ETHZ/FS21/Digital Design and Computer Architecture/LAB_5/Lab5/Lab5.srcs/constrs_1/new/Timing_Delay.xdc:1]
Resolution: A valid start point is a main or generated clock pin or port, a clock pin of a sequential cell, or a primary input or inout port. Please validate that all the objects returned by your query belong to this list.
WARNING: [Constraints 18-402] set_max_delay: 'Y[3]' is not a valid startpoint. [C:/Users/jstimolo/Documents/ETHZ/FS21/Digital Design and Computer Architecture/LAB_5/Lab5/Lab5.srcs/constrs_1/new/Timing_Delay.xdc:1]
Resolution: A valid start point is a main or generated clock pin or port, a clock pin of a sequential cell, or a primary input or inout port. Please validate that all the objects returned by your query belong to this list.
WARNING: [Constraints 18-402] set_max_delay: 'Y[4]' is not a valid startpoint. [C:/Users/jstimolo/Documents/ETHZ/FS21/Digital Design and Computer Architecture/LAB_5/Lab5/Lab5.srcs/constrs_1/new/Timing_Delay.xdc:1]
Resolution: A valid start point is a main or generated clock pin or port, a clock pin of a sequential cell, or a primary input or inout port. Please validate that all the objects returned by your query belong to this list.
WARNING: [Constraints 18-402] set_max_delay: 'Y[5]' is not a valid startpoint. [C:/Users/jstimolo/Documents/ETHZ/FS21/Digital Design and Computer Architecture/LAB_5/Lab5/Lab5.srcs/constrs_1/new/Timing_Delay.xdc:1]
Resolution: A valid start point is a main or generated clock pin or port, a clock pin of a sequential cell, or a primary input or inout port. Please validate that all the objects returned by your query belong to this list.
WARNING: [Constraints 18-402] set_max_delay: 'Y[6]' is not a valid startpoint. [C:/Users/jstimolo/Documents/ETHZ/FS21/Digital Design and Computer Architecture/LAB_5/Lab5/Lab5.srcs/constrs_1/new/Timing_Delay.xdc:1]
Resolution: A valid start point is a main or generated clock pin or port, a clock pin of a sequential cell, or a primary input or inout port. Please validate that all the objects returned by your query belong to this list.
WARNING: [Constraints 18-402] set_max_delay: 'Y[7]' is not a valid startpoint. [C:/Users/jstimolo/Documents/ETHZ/FS21/Digital Design and Computer Architecture/LAB_5/Lab5/Lab5.srcs/constrs_1/new/Timing_Delay.xdc:1]
Resolution: A valid start point is a main or generated clock pin or port, a clock pin of a sequential cell, or a primary input or inout port. Please validate that all the objects returned by your query belong to this list.
WARNING: [Constraints 18-402] set_max_delay: 'Y[8]' is not a valid startpoint. [C:/Users/jstimolo/Documents/ETHZ/FS21/Digital Design and Computer Architecture/LAB_5/Lab5/Lab5.srcs/constrs_1/new/Timing_Delay.xdc:1]
Resolution: A valid start point is a main or generated clock pin or port, a clock pin of a sequential cell, or a primary input or inout port. Please validate that all the objects returned by your query belong to this list.
WARNING: [Constraints 18-402] set_max_delay: 'Y[9]' is not a valid startpoint. [C:/Users/jstimolo/Documents/ETHZ/FS21/Digital Design and Computer Architecture/LAB_5/Lab5/Lab5.srcs/constrs_1/new/Timing_Delay.xdc:1]
Resolution: A valid start point is a main or generated clock pin or port, a clock pin of a sequential cell, or a primary input or inout port. Please validate that all the objects returned by your query belong to this list.
WARNING: [Constraints 18-401] set_max_delay: 'A[0]' is not a valid endpoint. [C:/Users/jstimolo/Documents/ETHZ/FS21/Digital Design and Computer Architecture/LAB_5/Lab5/Lab5.srcs/constrs_1/new/Timing_Delay.xdc:1]
Resolution: A valid end point is a data pin of a sequential cell or a primary output or inout port. Please validate that all the objects returned by your query belong to this list.
WARNING: [Constraints 18-401] set_max_delay: 'A[10]' is not a valid endpoint. [C:/Users/jstimolo/Documents/ETHZ/FS21/Digital Design and Computer Architecture/LAB_5/Lab5/Lab5.srcs/constrs_1/new/Timing_Delay.xdc:1]
Resolution: A valid end point is a data pin of a sequential cell or a primary output or inout port. Please validate that all the objects returned by your query belong to this list.
WARNING: [Constraints 18-401] set_max_delay: 'A[11]' is not a valid endpoint. [C:/Users/jstimolo/Documents/ETHZ/FS21/Digital Design and Computer Architecture/LAB_5/Lab5/Lab5.srcs/constrs_1/new/Timing_Delay.xdc:1]
Resolution: A valid end point is a data pin of a sequential cell or a primary output or inout port. Please validate that all the objects returned by your query belong to this list.
WARNING: [Constraints 18-401] set_max_delay: 'A[12]' is not a valid endpoint. [C:/Users/jstimolo/Documents/ETHZ/FS21/Digital Design and Computer Architecture/LAB_5/Lab5/Lab5.srcs/constrs_1/new/Timing_Delay.xdc:1]
Resolution: A valid end point is a data pin of a sequential cell or a primary output or inout port. Please validate that all the objects returned by your query belong to this list.
WARNING: [Constraints 18-401] set_max_delay: 'A[13]' is not a valid endpoint. [C:/Users/jstimolo/Documents/ETHZ/FS21/Digital Design and Computer Architecture/LAB_5/Lab5/Lab5.srcs/constrs_1/new/Timing_Delay.xdc:1]
Resolution: A valid end point is a data pin of a sequential cell or a primary output or inout port. Please validate that all the objects returned by your query belong to this list.
WARNING: [Constraints 18-401] set_max_delay: 'A[14]' is not a valid endpoint. [C:/Users/jstimolo/Documents/ETHZ/FS21/Digital Design and Computer Architecture/LAB_5/Lab5/Lab5.srcs/constrs_1/new/Timing_Delay.xdc:1]
Resolution: A valid end point is a data pin of a sequential cell or a primary output or inout port. Please validate that all the objects returned by your query belong to this list.
WARNING: [Constraints 18-401] set_max_delay: 'A[15]' is not a valid endpoint. [C:/Users/jstimolo/Documents/ETHZ/FS21/Digital Design and Computer Architecture/LAB_5/Lab5/Lab5.srcs/constrs_1/new/Timing_Delay.xdc:1]
Resolution: A valid end point is a data pin of a sequential cell or a primary output or inout port. Please validate that all the objects returned by your query belong to this list.
WARNING: [Constraints 18-401] set_max_delay: 'A[16]' is not a valid endpoint. [C:/Users/jstimolo/Documents/ETHZ/FS21/Digital Design and Computer Architecture/LAB_5/Lab5/Lab5.srcs/constrs_1/new/Timing_Delay.xdc:1]
Resolution: A valid end point is a data pin of a sequential cell or a primary output or inout port. Please validate that all the objects returned by your query belong to this list.
WARNING: [Constraints 18-401] set_max_delay: 'A[17]' is not a valid endpoint. [C:/Users/jstimolo/Documents/ETHZ/FS21/Digital Design and Computer Architecture/LAB_5/Lab5/Lab5.srcs/constrs_1/new/Timing_Delay.xdc:1]
Resolution: A valid end point is a data pin of a sequential cell or a primary output or inout port. Please validate that all the objects returned by your query belong to this list.
WARNING: [Constraints 18-401] set_max_delay: 'A[18]' is not a valid endpoint. [C:/Users/jstimolo/Documents/ETHZ/FS21/Digital Design and Computer Architecture/LAB_5/Lab5/Lab5.srcs/constrs_1/new/Timing_Delay.xdc:1]
Resolution: A valid end point is a data pin of a sequential cell or a primary output or inout port. Please validate that all the objects returned by your query belong to this list.
WARNING: [Constraints 18-401] set_max_delay: 'A[19]' is not a valid endpoint. [C:/Users/jstimolo/Documents/ETHZ/FS21/Digital Design and Computer Architecture/LAB_5/Lab5/Lab5.srcs/constrs_1/new/Timing_Delay.xdc:1]
Resolution: A valid end point is a data pin of a sequential cell or a primary output or inout port. Please validate that all the objects returned by your query belong to this list.
WARNING: [Constraints 18-401] set_max_delay: 'A[1]' is not a valid endpoint. [C:/Users/jstimolo/Documents/ETHZ/FS21/Digital Design and Computer Architecture/LAB_5/Lab5/Lab5.srcs/constrs_1/new/Timing_Delay.xdc:1]
Resolution: A valid end point is a data pin of a sequential cell or a primary output or inout port. Please validate that all the objects returned by your query belong to this list.
WARNING: [Constraints 18-401] set_max_delay: 'A[20]' is not a valid endpoint. [C:/Users/jstimolo/Documents/ETHZ/FS21/Digital Design and Computer Architecture/LAB_5/Lab5/Lab5.srcs/constrs_1/new/Timing_Delay.xdc:1]
Resolution: A valid end point is a data pin of a sequential cell or a primary output or inout port. Please validate that all the objects returned by your query belong to this list.
WARNING: [Constraints 18-401] set_max_delay: 'A[21]' is not a valid endpoint. [C:/Users/jstimolo/Documents/ETHZ/FS21/Digital Design and Computer Architecture/LAB_5/Lab5/Lab5.srcs/constrs_1/new/Timing_Delay.xdc:1]
Resolution: A valid end point is a data pin of a sequential cell or a primary output or inout port. Please validate that all the objects returned by your query belong to this list.
WARNING: [Constraints 18-401] set_max_delay: 'A[22]' is not a valid endpoint. [C:/Users/jstimolo/Documents/ETHZ/FS21/Digital Design and Computer Architecture/LAB_5/Lab5/Lab5.srcs/constrs_1/new/Timing_Delay.xdc:1]
Resolution: A valid end point is a data pin of a sequential cell or a primary output or inout port. Please validate that all the objects returned by your query belong to this list.
WARNING: [Constraints 18-401] set_max_delay: 'A[23]' is not a valid endpoint. [C:/Users/jstimolo/Documents/ETHZ/FS21/Digital Design and Computer Architecture/LAB_5/Lab5/Lab5.srcs/constrs_1/new/Timing_Delay.xdc:1]
Resolution: A valid end point is a data pin of a sequential cell or a primary output or inout port. Please validate that all the objects returned by your query belong to this list.
WARNING: [Constraints 18-401] set_max_delay: 'A[24]' is not a valid endpoint. [C:/Users/jstimolo/Documents/ETHZ/FS21/Digital Design and Computer Architecture/LAB_5/Lab5/Lab5.srcs/constrs_1/new/Timing_Delay.xdc:1]
Resolution: A valid end point is a data pin of a sequential cell or a primary output or inout port. Please validate that all the objects returned by your query belong to this list.
WARNING: [Constraints 18-401] set_max_delay: 'A[25]' is not a valid endpoint. [C:/Users/jstimolo/Documents/ETHZ/FS21/Digital Design and Computer Architecture/LAB_5/Lab5/Lab5.srcs/constrs_1/new/Timing_Delay.xdc:1]
Resolution: A valid end point is a data pin of a sequential cell or a primary output or inout port. Please validate that all the objects returned by your query belong to this list.
WARNING: [Constraints 18-401] set_max_delay: 'A[26]' is not a valid endpoint. [C:/Users/jstimolo/Documents/ETHZ/FS21/Digital Design and Computer Architecture/LAB_5/Lab5/Lab5.srcs/constrs_1/new/Timing_Delay.xdc:1]
Resolution: A valid end point is a data pin of a sequential cell or a primary output or inout port. Please validate that all the objects returned by your query belong to this list.
WARNING: [Constraints 18-401] set_max_delay: 'A[27]' is not a valid endpoint. [C:/Users/jstimolo/Documents/ETHZ/FS21/Digital Design and Computer Architecture/LAB_5/Lab5/Lab5.srcs/constrs_1/new/Timing_Delay.xdc:1]
Resolution: A valid end point is a data pin of a sequential cell or a primary output or inout port. Please validate that all the objects returned by your query belong to this list.
WARNING: [Constraints 18-401] set_max_delay: 'A[28]' is not a valid endpoint. [C:/Users/jstimolo/Documents/ETHZ/FS21/Digital Design and Computer Architecture/LAB_5/Lab5/Lab5.srcs/constrs_1/new/Timing_Delay.xdc:1]
Resolution: A valid end point is a data pin of a sequential cell or a primary output or inout port. Please validate that all the objects returned by your query belong to this list.
WARNING: [Constraints 18-401] set_max_delay: 'A[29]' is not a valid endpoint. [C:/Users/jstimolo/Documents/ETHZ/FS21/Digital Design and Computer Architecture/LAB_5/Lab5/Lab5.srcs/constrs_1/new/Timing_Delay.xdc:1]
Resolution: A valid end point is a data pin of a sequential cell or a primary output or inout port. Please validate that all the objects returned by your query belong to this list.
WARNING: [Constraints 18-401] set_max_delay: 'A[2]' is not a valid endpoint. [C:/Users/jstimolo/Documents/ETHZ/FS21/Digital Design and Computer Architecture/LAB_5/Lab5/Lab5.srcs/constrs_1/new/Timing_Delay.xdc:1]
Resolution: A valid end point is a data pin of a sequential cell or a primary output or inout port. Please validate that all the objects returned by your query belong to this list.
WARNING: [Constraints 18-401] set_max_delay: 'A[30]' is not a valid endpoint. [C:/Users/jstimolo/Documents/ETHZ/FS21/Digital Design and Computer Architecture/LAB_5/Lab5/Lab5.srcs/constrs_1/new/Timing_Delay.xdc:1]
Resolution: A valid end point is a data pin of a sequential cell or a primary output or inout port. Please validate that all the objects returned by your query belong to this list.
WARNING: [Constraints 18-401] set_max_delay: 'A[31]' is not a valid endpoint. [C:/Users/jstimolo/Documents/ETHZ/FS21/Digital Design and Computer Architecture/LAB_5/Lab5/Lab5.srcs/constrs_1/new/Timing_Delay.xdc:1]
Resolution: A valid end point is a data pin of a sequential cell or a primary output or inout port. Please validate that all the objects returned by your query belong to this list.
WARNING: [Constraints 18-401] set_max_delay: 'A[3]' is not a valid endpoint. [C:/Users/jstimolo/Documents/ETHZ/FS21/Digital Design and Computer Architecture/LAB_5/Lab5/Lab5.srcs/constrs_1/new/Timing_Delay.xdc:1]
Resolution: A valid end point is a data pin of a sequential cell or a primary output or inout port. Please validate that all the objects returned by your query belong to this list.
WARNING: [Constraints 18-401] set_max_delay: 'A[4]' is not a valid endpoint. [C:/Users/jstimolo/Documents/ETHZ/FS21/Digital Design and Computer Architecture/LAB_5/Lab5/Lab5.srcs/constrs_1/new/Timing_Delay.xdc:1]
Resolution: A valid end point is a data pin of a sequential cell or a primary output or inout port. Please validate that all the objects returned by your query belong to this list.
WARNING: [Constraints 18-401] set_max_delay: 'A[5]' is not a valid endpoint. [C:/Users/jstimolo/Documents/ETHZ/FS21/Digital Design and Computer Architecture/LAB_5/Lab5/Lab5.srcs/constrs_1/new/Timing_Delay.xdc:1]
Resolution: A valid end point is a data pin of a sequential cell or a primary output or inout port. Please validate that all the objects returned by your query belong to this list.
WARNING: [Constraints 18-401] set_max_delay: 'A[6]' is not a valid endpoint. [C:/Users/jstimolo/Documents/ETHZ/FS21/Digital Design and Computer Architecture/LAB_5/Lab5/Lab5.srcs/constrs_1/new/Timing_Delay.xdc:1]
Resolution: A valid end point is a data pin of a sequential cell or a primary output or inout port. Please validate that all the objects returned by your query belong to this list.
WARNING: [Constraints 18-401] set_max_delay: 'A[7]' is not a valid endpoint. [C:/Users/jstimolo/Documents/ETHZ/FS21/Digital Design and Computer Architecture/LAB_5/Lab5/Lab5.srcs/constrs_1/new/Timing_Delay.xdc:1]
Resolution: A valid end point is a data pin of a sequential cell or a primary output or inout port. Please validate that all the objects returned by your query belong to this list.
WARNING: [Constraints 18-401] set_max_delay: 'A[8]' is not a valid endpoint. [C:/Users/jstimolo/Documents/ETHZ/FS21/Digital Design and Computer Architecture/LAB_5/Lab5/Lab5.srcs/constrs_1/new/Timing_Delay.xdc:1]
Resolution: A valid end point is a data pin of a sequential cell or a primary output or inout port. Please validate that all the objects returned by your query belong to this list.
WARNING: [Constraints 18-401] set_max_delay: 'A[9]' is not a valid endpoint. [C:/Users/jstimolo/Documents/ETHZ/FS21/Digital Design and Computer Architecture/LAB_5/Lab5/Lab5.srcs/constrs_1/new/Timing_Delay.xdc:1]
Resolution: A valid end point is a data pin of a sequential cell or a primary output or inout port. Please validate that all the objects returned by your query belong to this list.
WARNING: [Constraints 18-401] set_max_delay: 'B[0]' is not a valid endpoint. [C:/Users/jstimolo/Documents/ETHZ/FS21/Digital Design and Computer Architecture/LAB_5/Lab5/Lab5.srcs/constrs_1/new/Timing_Delay.xdc:1]
Resolution: A valid end point is a data pin of a sequential cell or a primary output or inout port. Please validate that all the objects returned by your query belong to this list.
WARNING: [Constraints 18-401] set_max_delay: 'B[10]' is not a valid endpoint. [C:/Users/jstimolo/Documents/ETHZ/FS21/Digital Design and Computer Architecture/LAB_5/Lab5/Lab5.srcs/constrs_1/new/Timing_Delay.xdc:1]
Resolution: A valid end point is a data pin of a sequential cell or a primary output or inout port. Please validate that all the objects returned by your query belong to this list.
WARNING: [Constraints 18-401] set_max_delay: 'B[11]' is not a valid endpoint. [C:/Users/jstimolo/Documents/ETHZ/FS21/Digital Design and Computer Architecture/LAB_5/Lab5/Lab5.srcs/constrs_1/new/Timing_Delay.xdc:1]
Resolution: A valid end point is a data pin of a sequential cell or a primary output or inout port. Please validate that all the objects returned by your query belong to this list.
WARNING: [Constraints 18-401] set_max_delay: 'B[12]' is not a valid endpoint. [C:/Users/jstimolo/Documents/ETHZ/FS21/Digital Design and Computer Architecture/LAB_5/Lab5/Lab5.srcs/constrs_1/new/Timing_Delay.xdc:1]
Resolution: A valid end point is a data pin of a sequential cell or a primary output or inout port. Please validate that all the objects returned by your query belong to this list.
WARNING: [Constraints 18-401] set_max_delay: 'B[13]' is not a valid endpoint. [C:/Users/jstimolo/Documents/ETHZ/FS21/Digital Design and Computer Architecture/LAB_5/Lab5/Lab5.srcs/constrs_1/new/Timing_Delay.xdc:1]
Resolution: A valid end point is a data pin of a sequential cell or a primary output or inout port. Please validate that all the objects returned by your query belong to this list.
WARNING: [Constraints 18-401] set_max_delay: 'B[14]' is not a valid endpoint. [C:/Users/jstimolo/Documents/ETHZ/FS21/Digital Design and Computer Architecture/LAB_5/Lab5/Lab5.srcs/constrs_1/new/Timing_Delay.xdc:1]
Resolution: A valid end point is a data pin of a sequential cell or a primary output or inout port. Please validate that all the objects returned by your query belong to this list.
WARNING: [Constraints 18-401] set_max_delay: 'B[15]' is not a valid endpoint. [C:/Users/jstimolo/Documents/ETHZ/FS21/Digital Design and Computer Architecture/LAB_5/Lab5/Lab5.srcs/constrs_1/new/Timing_Delay.xdc:1]
Resolution: A valid end point is a data pin of a sequential cell or a primary output or inout port. Please validate that all the objects returned by your query belong to this list.
WARNING: [Constraints 18-401] set_max_delay: 'B[16]' is not a valid endpoint. [C:/Users/jstimolo/Documents/ETHZ/FS21/Digital Design and Computer Architecture/LAB_5/Lab5/Lab5.srcs/constrs_1/new/Timing_Delay.xdc:1]
Resolution: A valid end point is a data pin of a sequential cell or a primary output or inout port. Please validate that all the objects returned by your query belong to this list.
WARNING: [Constraints 18-401] set_max_delay: 'B[17]' is not a valid endpoint. [C:/Users/jstimolo/Documents/ETHZ/FS21/Digital Design and Computer Architecture/LAB_5/Lab5/Lab5.srcs/constrs_1/new/Timing_Delay.xdc:1]
Resolution: A valid end point is a data pin of a sequential cell or a primary output or inout port. Please validate that all the objects returned by your query belong to this list.
WARNING: [Constraints 18-401] set_max_delay: 'B[18]' is not a valid endpoint. [C:/Users/jstimolo/Documents/ETHZ/FS21/Digital Design and Computer Architecture/LAB_5/Lab5/Lab5.srcs/constrs_1/new/Timing_Delay.xdc:1]
Resolution: A valid end point is a data pin of a sequential cell or a primary output or inout port. Please validate that all the objects returned by your query belong to this list.
WARNING: [Constraints 18-401] set_max_delay: 'B[19]' is not a valid endpoint. [C:/Users/jstimolo/Documents/ETHZ/FS21/Digital Design and Computer Architecture/LAB_5/Lab5/Lab5.srcs/constrs_1/new/Timing_Delay.xdc:1]
Resolution: A valid end point is a data pin of a sequential cell or a primary output or inout port. Please validate that all the objects returned by your query belong to this list.
WARNING: [Constraints 18-401] set_max_delay: 'B[1]' is not a valid endpoint. [C:/Users/jstimolo/Documents/ETHZ/FS21/Digital Design and Computer Architecture/LAB_5/Lab5/Lab5.srcs/constrs_1/new/Timing_Delay.xdc:1]
Resolution: A valid end point is a data pin of a sequential cell or a primary output or inout port. Please validate that all the objects returned by your query belong to this list.
WARNING: [Constraints 18-401] set_max_delay: 'B[20]' is not a valid endpoint. [C:/Users/jstimolo/Documents/ETHZ/FS21/Digital Design and Computer Architecture/LAB_5/Lab5/Lab5.srcs/constrs_1/new/Timing_Delay.xdc:1]
Resolution: A valid end point is a data pin of a sequential cell or a primary output or inout port. Please validate that all the objects returned by your query belong to this list.
WARNING: [Constraints 18-401] set_max_delay: 'B[21]' is not a valid endpoint. [C:/Users/jstimolo/Documents/ETHZ/FS21/Digital Design and Computer Architecture/LAB_5/Lab5/Lab5.srcs/constrs_1/new/Timing_Delay.xdc:1]
Resolution: A valid end point is a data pin of a sequential cell or a primary output or inout port. Please validate that all the objects returned by your query belong to this list.
WARNING: [Constraints 18-401] set_max_delay: 'B[22]' is not a valid endpoint. [C:/Users/jstimolo/Documents/ETHZ/FS21/Digital Design and Computer Architecture/LAB_5/Lab5/Lab5.srcs/constrs_1/new/Timing_Delay.xdc:1]
Resolution: A valid end point is a data pin of a sequential cell or a primary output or inout port. Please validate that all the objects returned by your query belong to this list.
WARNING: [Constraints 18-401] set_max_delay: 'B[23]' is not a valid endpoint. [C:/Users/jstimolo/Documents/ETHZ/FS21/Digital Design and Computer Architecture/LAB_5/Lab5/Lab5.srcs/constrs_1/new/Timing_Delay.xdc:1]
Resolution: A valid end point is a data pin of a sequential cell or a primary output or inout port. Please validate that all the objects returned by your query belong to this list.
WARNING: [Constraints 18-401] set_max_delay: 'B[24]' is not a valid endpoint. [C:/Users/jstimolo/Documents/ETHZ/FS21/Digital Design and Computer Architecture/LAB_5/Lab5/Lab5.srcs/constrs_1/new/Timing_Delay.xdc:1]
Resolution: A valid end point is a data pin of a sequential cell or a primary output or inout port. Please validate that all the objects returned by your query belong to this list.
WARNING: [Constraints 18-401] set_max_delay: 'B[25]' is not a valid endpoint. [C:/Users/jstimolo/Documents/ETHZ/FS21/Digital Design and Computer Architecture/LAB_5/Lab5/Lab5.srcs/constrs_1/new/Timing_Delay.xdc:1]
Resolution: A valid end point is a data pin of a sequential cell or a primary output or inout port. Please validate that all the objects returned by your query belong to this list.
WARNING: [Constraints 18-401] set_max_delay: 'B[26]' is not a valid endpoint. [C:/Users/jstimolo/Documents/ETHZ/FS21/Digital Design and Computer Architecture/LAB_5/Lab5/Lab5.srcs/constrs_1/new/Timing_Delay.xdc:1]
Resolution: A valid end point is a data pin of a sequential cell or a primary output or inout port. Please validate that all the objects returned by your query belong to this list.
WARNING: [Constraints 18-401] set_max_delay: 'B[27]' is not a valid endpoint. [C:/Users/jstimolo/Documents/ETHZ/FS21/Digital Design and Computer Architecture/LAB_5/Lab5/Lab5.srcs/constrs_1/new/Timing_Delay.xdc:1]
Resolution: A valid end point is a data pin of a sequential cell or a primary output or inout port. Please validate that all the objects returned by your query belong to this list.
WARNING: [Constraints 18-401] set_max_delay: 'B[28]' is not a valid endpoint. [C:/Users/jstimolo/Documents/ETHZ/FS21/Digital Design and Computer Architecture/LAB_5/Lab5/Lab5.srcs/constrs_1/new/Timing_Delay.xdc:1]
Resolution: A valid end point is a data pin of a sequential cell or a primary output or inout port. Please validate that all the objects returned by your query belong to this list.
WARNING: [Constraints 18-401] set_max_delay: 'B[29]' is not a valid endpoint. [C:/Users/jstimolo/Documents/ETHZ/FS21/Digital Design and Computer Architecture/LAB_5/Lab5/Lab5.srcs/constrs_1/new/Timing_Delay.xdc:1]
Resolution: A valid end point is a data pin of a sequential cell or a primary output or inout port. Please validate that all the objects returned by your query belong to this list.
WARNING: [Constraints 18-401] set_max_delay: 'B[2]' is not a valid endpoint. [C:/Users/jstimolo/Documents/ETHZ/FS21/Digital Design and Computer Architecture/LAB_5/Lab5/Lab5.srcs/constrs_1/new/Timing_Delay.xdc:1]
Resolution: A valid end point is a data pin of a sequential cell or a primary output or inout port. Please validate that all the objects returned by your query belong to this list.
WARNING: [Constraints 18-401] set_max_delay: 'B[30]' is not a valid endpoint. [C:/Users/jstimolo/Documents/ETHZ/FS21/Digital Design and Computer Architecture/LAB_5/Lab5/Lab5.srcs/constrs_1/new/Timing_Delay.xdc:1]
Resolution: A valid end point is a data pin of a sequential cell or a primary output or inout port. Please validate that all the objects returned by your query belong to this list.
WARNING: [Constraints 18-401] set_max_delay: 'B[31]' is not a valid endpoint. [C:/Users/jstimolo/Documents/ETHZ/FS21/Digital Design and Computer Architecture/LAB_5/Lab5/Lab5.srcs/constrs_1/new/Timing_Delay.xdc:1]
Resolution: A valid end point is a data pin of a sequential cell or a primary output or inout port. Please validate that all the objects returned by your query belong to this list.
WARNING: [Constraints 18-401] set_max_delay: 'B[3]' is not a valid endpoint. [C:/Users/jstimolo/Documents/ETHZ/FS21/Digital Design and Computer Architecture/LAB_5/Lab5/Lab5.srcs/constrs_1/new/Timing_Delay.xdc:1]
Resolution: A valid end point is a data pin of a sequential cell or a primary output or inout port. Please validate that all the objects returned by your query belong to this list.
WARNING: [Constraints 18-401] set_max_delay: 'B[4]' is not a valid endpoint. [C:/Users/jstimolo/Documents/ETHZ/FS21/Digital Design and Computer Architecture/LAB_5/Lab5/Lab5.srcs/constrs_1/new/Timing_Delay.xdc:1]
Resolution: A valid end point is a data pin of a sequential cell or a primary output or inout port. Please validate that all the objects returned by your query belong to this list.
WARNING: [Constraints 18-401] set_max_delay: 'B[5]' is not a valid endpoint. [C:/Users/jstimolo/Documents/ETHZ/FS21/Digital Design and Computer Architecture/LAB_5/Lab5/Lab5.srcs/constrs_1/new/Timing_Delay.xdc:1]
Resolution: A valid end point is a data pin of a sequential cell or a primary output or inout port. Please validate that all the objects returned by your query belong to this list.
WARNING: [Constraints 18-401] set_max_delay: 'B[6]' is not a valid endpoint. [C:/Users/jstimolo/Documents/ETHZ/FS21/Digital Design and Computer Architecture/LAB_5/Lab5/Lab5.srcs/constrs_1/new/Timing_Delay.xdc:1]
Resolution: A valid end point is a data pin of a sequential cell or a primary output or inout port. Please validate that all the objects returned by your query belong to this list.
WARNING: [Constraints 18-401] set_max_delay: 'B[7]' is not a valid endpoint. [C:/Users/jstimolo/Documents/ETHZ/FS21/Digital Design and Computer Architecture/LAB_5/Lab5/Lab5.srcs/constrs_1/new/Timing_Delay.xdc:1]
Resolution: A valid end point is a data pin of a sequential cell or a primary output or inout port. Please validate that all the objects returned by your query belong to this list.
WARNING: [Constraints 18-401] set_max_delay: 'B[8]' is not a valid endpoint. [C:/Users/jstimolo/Documents/ETHZ/FS21/Digital Design and Computer Architecture/LAB_5/Lab5/Lab5.srcs/constrs_1/new/Timing_Delay.xdc:1]
Resolution: A valid end point is a data pin of a sequential cell or a primary output or inout port. Please validate that all the objects returned by your query belong to this list.
WARNING: [Constraints 18-401] set_max_delay: 'B[9]' is not a valid endpoint. [C:/Users/jstimolo/Documents/ETHZ/FS21/Digital Design and Computer Architecture/LAB_5/Lab5/Lab5.srcs/constrs_1/new/Timing_Delay.xdc:1]
Resolution: A valid end point is a data pin of a sequential cell or a primary output or inout port. Please validate that all the objects returned by your query belong to this list.
WARNING: [Constraints 18-401] set_max_delay: 'S[0]' is not a valid endpoint. [C:/Users/jstimolo/Documents/ETHZ/FS21/Digital Design and Computer Architecture/LAB_5/Lab5/Lab5.srcs/constrs_1/new/Timing_Delay.xdc:1]
Resolution: A valid end point is a data pin of a sequential cell or a primary output or inout port. Please validate that all the objects returned by your query belong to this list.
WARNING: [Constraints 18-401] set_max_delay: 'S[1]' is not a valid endpoint. [C:/Users/jstimolo/Documents/ETHZ/FS21/Digital Design and Computer Architecture/LAB_5/Lab5/Lab5.srcs/constrs_1/new/Timing_Delay.xdc:1]
Resolution: A valid end point is a data pin of a sequential cell or a primary output or inout port. Please validate that all the objects returned by your query belong to this list.
WARNING: [Constraints 18-401] set_max_delay: 'S[2]' is not a valid endpoint. [C:/Users/jstimolo/Documents/ETHZ/FS21/Digital Design and Computer Architecture/LAB_5/Lab5/Lab5.srcs/constrs_1/new/Timing_Delay.xdc:1]
Resolution: A valid end point is a data pin of a sequential cell or a primary output or inout port. Please validate that all the objects returned by your query belong to this list.
WARNING: [Constraints 18-401] set_max_delay: 'S[3]' is not a valid endpoint. [C:/Users/jstimolo/Documents/ETHZ/FS21/Digital Design and Computer Architecture/LAB_5/Lab5/Lab5.srcs/constrs_1/new/Timing_Delay.xdc:1]
Resolution: A valid end point is a data pin of a sequential cell or a primary output or inout port. Please validate that all the objects returned by your query belong to this list.
Finished Parsing XDC File [C:/Users/jstimolo/Documents/ETHZ/FS21/Digital Design and Computer Architecture/LAB_5/Lab5/Lab5.srcs/constrs_1/new/Timing_Delay.xdc]
Completed Processing XDC Constraints

Netlist sorting complete. Time (s): cpu = 00:00:00 ; elapsed = 00:00:00 . Memory (MB): peak = 1220.949 ; gain = 0.000
INFO: [Project 1-111] Unisim Transformation Summary:
No Unisim elements were transformed.

Constraint Validation Runtime : Time (s): cpu = 00:00:00 ; elapsed = 00:00:00.003 . Memory (MB): peak = 1220.949 ; gain = 0.000
---------------------------------------------------------------------------------
Finished Constraint Validation : Time (s): cpu = 00:00:13 ; elapsed = 00:00:14 . Memory (MB): peak = 1220.949 ; gain = 114.555
---------------------------------------------------------------------------------
---------------------------------------------------------------------------------
Start Loading Part and Timing Information
---------------------------------------------------------------------------------
Loading part: xc7a35tcpg236-1
---------------------------------------------------------------------------------
Finished Loading Part and Timing Information : Time (s): cpu = 00:00:13 ; elapsed = 00:00:14 . Memory (MB): peak = 1220.949 ; gain = 114.555
---------------------------------------------------------------------------------
---------------------------------------------------------------------------------
Start Applying 'set_property' XDC Constraints
---------------------------------------------------------------------------------
---------------------------------------------------------------------------------
Finished applying 'set_property' XDC Constraints : Time (s): cpu = 00:00:13 ; elapsed = 00:00:14 . Memory (MB): peak = 1220.949 ; gain = 114.555
---------------------------------------------------------------------------------
WARNING: [Synth 8-327] inferring latch for variable 'Y_reg' [C:/Users/jstimolo/Documents/ETHZ/FS21/Digital Design and Computer Architecture/LAB_5/Lab5/Lab5.srcs/sources_1/new/VLC.v:31]
---------------------------------------------------------------------------------
Finished RTL Optimization Phase 2 : Time (s): cpu = 00:00:14 ; elapsed = 00:00:14 . Memory (MB): peak = 1220.949 ; gain = 114.555
---------------------------------------------------------------------------------
---------------------------------------------------------------------------------
Start RTL Component Statistics 
---------------------------------------------------------------------------------
Detailed RTL Component Info : 
+---Adders : 
	   3 Input   32 Bit       Adders := 1     
+---XORs : 
	   2 Input     32 Bit         XORs := 1     
+---Muxes : 
	   8 Input   32 Bit        Muxes := 3     
---------------------------------------------------------------------------------
Finished RTL Component Statistics 
---------------------------------------------------------------------------------
---------------------------------------------------------------------------------
Start Part Resource Summary
---------------------------------------------------------------------------------
Part Resources:
DSPs: 90 (col length:60)
BRAMs: 100 (col length: RAMB18 60 RAMB36 30)
---------------------------------------------------------------------------------
Finished Part Resource Summary
---------------------------------------------------------------------------------
---------------------------------------------------------------------------------
Start Cross Boundary and Area Optimization
---------------------------------------------------------------------------------
---------------------------------------------------------------------------------
Finished Cross Boundary and Area Optimization : Time (s): cpu = 00:00:16 ; elapsed = 00:00:16 . Memory (MB): peak = 1220.949 ; gain = 114.555
---------------------------------------------------------------------------------
---------------------------------------------------------------------------------
Start Applying XDC Timing Constraints
---------------------------------------------------------------------------------
---------------------------------------------------------------------------------
Finished Applying XDC Timing Constraints : Time (s): cpu = 00:00:22 ; elapsed = 00:00:23 . Memory (MB): peak = 1244.047 ; gain = 137.652
---------------------------------------------------------------------------------
---------------------------------------------------------------------------------
Start Timing Optimization
---------------------------------------------------------------------------------
---------------------------------------------------------------------------------
Finished Timing Optimization : Time (s): cpu = 00:00:22 ; elapsed = 00:00:23 . Memory (MB): peak = 1244.121 ; gain = 137.727
---------------------------------------------------------------------------------
---------------------------------------------------------------------------------
Start Technology Mapping
---------------------------------------------------------------------------------
---------------------------------------------------------------------------------
Finished Technology Mapping : Time (s): cpu = 00:00:22 ; elapsed = 00:00:23 . Memory (MB): peak = 1263.234 ; gain = 156.840
---------------------------------------------------------------------------------
---------------------------------------------------------------------------------
Start IO Insertion
---------------------------------------------------------------------------------
---------------------------------------------------------------------------------
Start Flattening Before IO Insertion
---------------------------------------------------------------------------------
---------------------------------------------------------------------------------
Finished Flattening Before IO Insertion
---------------------------------------------------------------------------------
---------------------------------------------------------------------------------
Start Final Netlist Cleanup
---------------------------------------------------------------------------------
---------------------------------------------------------------------------------
Finished Final Netlist Cleanup
---------------------------------------------------------------------------------
---------------------------------------------------------------------------------
Finished IO Insertion : Time (s): cpu = 00:00:26 ; elapsed = 00:00:27 . Memory (MB): peak = 1268.980 ; gain = 162.586
---------------------------------------------------------------------------------
---------------------------------------------------------------------------------
Start Renaming Generated Instances
---------------------------------------------------------------------------------
---------------------------------------------------------------------------------
Finished Renaming Generated Instances : Time (s): cpu = 00:00:26 ; elapsed = 00:00:27 . Memory (MB): peak = 1268.980 ; gain = 162.586
---------------------------------------------------------------------------------
---------------------------------------------------------------------------------
Start Rebuilding User Hierarchy
---------------------------------------------------------------------------------
---------------------------------------------------------------------------------
Finished Rebuilding User Hierarchy : Time (s): cpu = 00:00:26 ; elapsed = 00:00:27 . Memory (MB): peak = 1268.980 ; gain = 162.586
---------------------------------------------------------------------------------
---------------------------------------------------------------------------------
Start Renaming Generated Ports
---------------------------------------------------------------------------------
---------------------------------------------------------------------------------
Finished Renaming Generated Ports : Time (s): cpu = 00:00:26 ; elapsed = 00:00:27 . Memory (MB): peak = 1268.980 ; gain = 162.586
---------------------------------------------------------------------------------
---------------------------------------------------------------------------------
Start Handling Custom Attributes
---------------------------------------------------------------------------------
---------------------------------------------------------------------------------
Finished Handling Custom Attributes : Time (s): cpu = 00:00:26 ; elapsed = 00:00:27 . Memory (MB): peak = 1268.980 ; gain = 162.586
---------------------------------------------------------------------------------
---------------------------------------------------------------------------------
Start Renaming Generated Nets
---------------------------------------------------------------------------------
---------------------------------------------------------------------------------
Finished Renaming Generated Nets : Time (s): cpu = 00:00:26 ; elapsed = 00:00:27 . Memory (MB): peak = 1268.980 ; gain = 162.586
---------------------------------------------------------------------------------
---------------------------------------------------------------------------------
Start Writing Synthesis Report
---------------------------------------------------------------------------------

Report BlackBoxes: 
+-+--------------+----------+
| |BlackBox name |Instances |
+-+--------------+----------+
+-+--------------+----------+

Report Cell Usage: 
+------+-------+------+
|      |Cell   |Count |
+------+-------+------+
|1     |BUFG   |     1|
|2     |CARRY4 |    11|
|3     |LUT1   |     2|
|4     |LUT3   |    31|
|5     |LUT4   |     2|
|6     |LUT5   |     1|
|7     |LUT6   |    41|
|8     |LD     |    31|
|9     |IBUF   |    68|
|10    |OBUF   |    32|
+------+-------+------+
---------------------------------------------------------------------------------
Finished Writing Synthesis Report : Time (s): cpu = 00:00:26 ; elapsed = 00:00:27 . Memory (MB): peak = 1268.980 ; gain = 162.586
---------------------------------------------------------------------------------
Synthesis finished with 0 errors, 0 critical warnings and 1 warnings.
Synthesis Optimization Runtime : Time (s): cpu = 00:00:17 ; elapsed = 00:00:25 . Memory (MB): peak = 1268.980 ; gain = 92.285
Synthesis Optimization Complete : Time (s): cpu = 00:00:26 ; elapsed = 00:00:27 . Memory (MB): peak = 1268.980 ; gain = 162.586
INFO: [Project 1-571] Translating synthesized netlist
Netlist sorting complete. Time (s): cpu = 00:00:00 ; elapsed = 00:00:00.003 . Memory (MB): peak = 1281.062 ; gain = 0.000
INFO: [Netlist 29-17] Analyzing 42 Unisim elements for replacement
INFO: [Netlist 29-28] Unisim Transformation completed in 0 CPU seconds
INFO: [Project 1-570] Preparing netlist for logic optimization
INFO: [Opt 31-138] Pushed 1 inverter(s) to 31 load pin(s).
Netlist sorting complete. Time (s): cpu = 00:00:00 ; elapsed = 00:00:00 . Memory (MB): peak = 1283.035 ; gain = 0.000
INFO: [Project 1-111] Unisim Transformation Summary:
  A total of 31 instances were transformed.
  LD => LDCE (inverted pins: G): 31 instances

INFO: [Common 17-83] Releasing license: Synthesis
18 Infos, 103 Warnings, 0 Critical Warnings and 0 Errors encountered.
synth_design completed successfully
synth_design: Time (s): cpu = 00:00:32 ; elapsed = 00:00:35 . Memory (MB): peak = 1283.035 ; gain = 176.641
INFO: [Common 17-1381] The checkpoint 'C:/Users/jstimolo/Documents/ETHZ/FS21/Digital Design and Computer Architecture/LAB_5/Lab5/Lab5.runs/synth_1/VLC.dcp' has been generated.
INFO: [runtcl-4] Executing : report_utilization -file VLC_utilization_synth.rpt -pb VLC_utilization_synth.pb
INFO: [Common 17-206] Exiting Vivado at Wed May  5 17:25:06 2021...
