
*** Running vivado
    with args -log VLC.vdi -applog -m64 -product Vivado -messageDb vivado.pb -mode batch -source VLC.tcl -notrace



****** Vivado v2020.2 (64-bit)
  **** SW Build 3064766 on Wed Nov 18 09:12:45 MST 2020
  **** IP Build 3064653 on Wed Nov 18 14:17:31 MST 2020
    ** Copyright 1986-2020 Xilinx, Inc. All Rights Reserved.

source VLC.tcl -notrace
Command: link_design -top VLC -part xc7a35tcpg236-1
Design is defaulting to srcset: sources_1
Design is defaulting to constrset: constrs_1
INFO: [Device 21-403] Loading part xc7a35tcpg236-1
Netlist sorting complete. Time (s): cpu = 00:00:00 ; elapsed = 00:00:00.001 . Memory (MB): peak = 1106.734 ; gain = 0.000
INFO: [Project 1-479] Netlist was created with Vivado 2020.2
INFO: [Project 1-570] Preparing netlist for logic optimization
Parsing XDC File [C:/Users/jstimolo/Documents/ETHZ/FS21/Digital Design and Computer Architecture/LAB_5/Lab5/Lab5.srcs/constrs_1/new/Timing_Delay.xdc]
INFO: [Timing 38-35] Done setting XDC timing constraints. [C:/Users/jstimolo/Documents/ETHZ/FS21/Digital Design and Computer Architecture/LAB_5/Lab5/Lab5.srcs/constrs_1/new/Timing_Delay.xdc:1]
INFO: [Vivado 12-2286] Implicit search of objects for pattern '*' matched to 'port' objects. [C:/Users/jstimolo/Documents/ETHZ/FS21/Digital Design and Computer Architecture/LAB_5/Lab5/Lab5.srcs/constrs_1/new/Timing_Delay.xdc:1]
Resolution: To avoid ambiguous patterns, provide proper objects using get commands e.g. [get_nets xyz].
INFO: [Vivado 12-2286] Implicit search of objects for pattern '*' matched to 'port' objects. [C:/Users/jstimolo/Documents/ETHZ/FS21/Digital Design and Computer Architecture/LAB_5/Lab5/Lab5.srcs/constrs_1/new/Timing_Delay.xdc:1]
Resolution: To avoid ambiguous patterns, provide proper objects using get commands e.g. [get_nets xyz].
WARNING: [Constraints 18-402] set_max_delay: 'result[0]' is not a valid startpoint. [C:/Users/jstimolo/Documents/ETHZ/FS21/Digital Design and Computer Architecture/LAB_5/Lab5/Lab5.srcs/constrs_1/new/Timing_Delay.xdc:1]
Resolution: A valid start point is a main or generated clock pin or port, a clock pin of a sequential cell, or a primary input or inout port. Please validate that all the objects returned by your query belong to this list.
WARNING: [Constraints 18-402] set_max_delay: 'result[10]' is not a valid startpoint. [C:/Users/jstimolo/Documents/ETHZ/FS21/Digital Design and Computer Architecture/LAB_5/Lab5/Lab5.srcs/constrs_1/new/Timing_Delay.xdc:1]
Resolution: A valid start point is a main or generated clock pin or port, a clock pin of a sequential cell, or a primary input or inout port. Please validate that all the objects returned by your query belong to this list.
WARNING: [Constraints 18-402] set_max_delay: 'result[11]' is not a valid startpoint. [C:/Users/jstimolo/Documents/ETHZ/FS21/Digital Design and Computer Architecture/LAB_5/Lab5/Lab5.srcs/constrs_1/new/Timing_Delay.xdc:1]
Resolution: A valid start point is a main or generated clock pin or port, a clock pin of a sequential cell, or a primary input or inout port. Please validate that all the objects returned by your query belong to this list.
WARNING: [Constraints 18-402] set_max_delay: 'result[12]' is not a valid startpoint. [C:/Users/jstimolo/Documents/ETHZ/FS21/Digital Design and Computer Architecture/LAB_5/Lab5/Lab5.srcs/constrs_1/new/Timing_Delay.xdc:1]
Resolution: A valid start point is a main or generated clock pin or port, a clock pin of a sequential cell, or a primary input or inout port. Please validate that all the objects returned by your query belong to this list.
WARNING: [Constraints 18-402] set_max_delay: 'result[13]' is not a valid startpoint. [C:/Users/jstimolo/Documents/ETHZ/FS21/Digital Design and Computer Architecture/LAB_5/Lab5/Lab5.srcs/constrs_1/new/Timing_Delay.xdc:1]
Resolution: A valid start point is a main or generated clock pin or port, a clock pin of a sequential cell, or a primary input or inout port. Please validate that all the objects returned by your query belong to this list.
WARNING: [Constraints 18-402] set_max_delay: 'result[14]' is not a valid startpoint. [C:/Users/jstimolo/Documents/ETHZ/FS21/Digital Design and Computer Architecture/LAB_5/Lab5/Lab5.srcs/constrs_1/new/Timing_Delay.xdc:1]
Resolution: A valid start point is a main or generated clock pin or port, a clock pin of a sequential cell, or a primary input or inout port. Please validate that all the objects returned by your query belong to this list.
WARNING: [Constraints 18-402] set_max_delay: 'result[15]' is not a valid startpoint. [C:/Users/jstimolo/Documents/ETHZ/FS21/Digital Design and Computer Architecture/LAB_5/Lab5/Lab5.srcs/constrs_1/new/Timing_Delay.xdc:1]
Resolution: A valid start point is a main or generated clock pin or port, a clock pin of a sequential cell, or a primary input or inout port. Please validate that all the objects returned by your query belong to this list.
WARNING: [Constraints 18-402] set_max_delay: 'result[16]' is not a valid startpoint. [C:/Users/jstimolo/Documents/ETHZ/FS21/Digital Design and Computer Architecture/LAB_5/Lab5/Lab5.srcs/constrs_1/new/Timing_Delay.xdc:1]
Resolution: A valid start point is a main or generated clock pin or port, a clock pin of a sequential cell, or a primary input or inout port. Please validate that all the objects returned by your query belong to this list.
WARNING: [Constraints 18-402] set_max_delay: 'result[17]' is not a valid startpoint. [C:/Users/jstimolo/Documents/ETHZ/FS21/Digital Design and Computer Architecture/LAB_5/Lab5/Lab5.srcs/constrs_1/new/Timing_Delay.xdc:1]
Resolution: A valid start point is a main or generated clock pin or port, a clock pin of a sequential cell, or a primary input or inout port. Please validate that all the objects returned by your query belong to this list.
WARNING: [Constraints 18-402] set_max_delay: 'result[18]' is not a valid startpoint. [C:/Users/jstimolo/Documents/ETHZ/FS21/Digital Design and Computer Architecture/LAB_5/Lab5/Lab5.srcs/constrs_1/new/Timing_Delay.xdc:1]
Resolution: A valid start point is a main or generated clock pin or port, a clock pin of a sequential cell, or a primary input or inout port. Please validate that all the objects returned by your query belong to this list.
WARNING: [Constraints 18-402] set_max_delay: 'result[19]' is not a valid startpoint. [C:/Users/jstimolo/Documents/ETHZ/FS21/Digital Design and Computer Architecture/LAB_5/Lab5/Lab5.srcs/constrs_1/new/Timing_Delay.xdc:1]
Resolution: A valid start point is a main or generated clock pin or port, a clock pin of a sequential cell, or a primary input or inout port. Please validate that all the objects returned by your query belong to this list.
WARNING: [Constraints 18-402] set_max_delay: 'result[1]' is not a valid startpoint. [C:/Users/jstimolo/Documents/ETHZ/FS21/Digital Design and Computer Architecture/LAB_5/Lab5/Lab5.srcs/constrs_1/new/Timing_Delay.xdc:1]
Resolution: A valid start point is a main or generated clock pin or port, a clock pin of a sequential cell, or a primary input or inout port. Please validate that all the objects returned by your query belong to this list.
WARNING: [Constraints 18-402] set_max_delay: 'result[20]' is not a valid startpoint. [C:/Users/jstimolo/Documents/ETHZ/FS21/Digital Design and Computer Architecture/LAB_5/Lab5/Lab5.srcs/constrs_1/new/Timing_Delay.xdc:1]
Resolution: A valid start point is a main or generated clock pin or port, a clock pin of a sequential cell, or a primary input or inout port. Please validate that all the objects returned by your query belong to this list.
WARNING: [Constraints 18-402] set_max_delay: 'result[21]' is not a valid startpoint. [C:/Users/jstimolo/Documents/ETHZ/FS21/Digital Design and Computer Architecture/LAB_5/Lab5/Lab5.srcs/constrs_1/new/Timing_Delay.xdc:1]
Resolution: A valid start point is a main or generated clock pin or port, a clock pin of a sequential cell, or a primary input or inout port. Please validate that all the objects returned by your query belong to this list.
WARNING: [Constraints 18-402] set_max_delay: 'result[22]' is not a valid startpoint. [C:/Users/jstimolo/Documents/ETHZ/FS21/Digital Design and Computer Architecture/LAB_5/Lab5/Lab5.srcs/constrs_1/new/Timing_Delay.xdc:1]
Resolution: A valid start point is a main or generated clock pin or port, a clock pin of a sequential cell, or a primary input or inout port. Please validate that all the objects returned by your query belong to this list.
WARNING: [Constraints 18-402] set_max_delay: 'result[23]' is not a valid startpoint. [C:/Users/jstimolo/Documents/ETHZ/FS21/Digital Design and Computer Architecture/LAB_5/Lab5/Lab5.srcs/constrs_1/new/Timing_Delay.xdc:1]
Resolution: A valid start point is a main or generated clock pin or port, a clock pin of a sequential cell, or a primary input or inout port. Please validate that all the objects returned by your query belong to this list.
WARNING: [Constraints 18-402] set_max_delay: 'result[24]' is not a valid startpoint. [C:/Users/jstimolo/Documents/ETHZ/FS21/Digital Design and Computer Architecture/LAB_5/Lab5/Lab5.srcs/constrs_1/new/Timing_Delay.xdc:1]
Resolution: A valid start point is a main or generated clock pin or port, a clock pin of a sequential cell, or a primary input or inout port. Please validate that all the objects returned by your query belong to this list.
WARNING: [Constraints 18-402] set_max_delay: 'result[25]' is not a valid startpoint. [C:/Users/jstimolo/Documents/ETHZ/FS21/Digital Design and Computer Architecture/LAB_5/Lab5/Lab5.srcs/constrs_1/new/Timing_Delay.xdc:1]
Resolution: A valid start point is a main or generated clock pin or port, a clock pin of a sequential cell, or a primary input or inout port. Please validate that all the objects returned by your query belong to this list.
WARNING: [Constraints 18-402] set_max_delay: 'result[26]' is not a valid startpoint. [C:/Users/jstimolo/Documents/ETHZ/FS21/Digital Design and Computer Architecture/LAB_5/Lab5/Lab5.srcs/constrs_1/new/Timing_Delay.xdc:1]
Resolution: A valid start point is a main or generated clock pin or port, a clock pin of a sequential cell, or a primary input or inout port. Please validate that all the objects returned by your query belong to this list.
WARNING: [Constraints 18-402] set_max_delay: 'result[27]' is not a valid startpoint. [C:/Users/jstimolo/Documents/ETHZ/FS21/Digital Design and Computer Architecture/LAB_5/Lab5/Lab5.srcs/constrs_1/new/Timing_Delay.xdc:1]
Resolution: A valid start point is a main or generated clock pin or port, a clock pin of a sequential cell, or a primary input or inout port. Please validate that all the objects returned by your query belong to this list.
WARNING: [Constraints 18-402] set_max_delay: 'result[28]' is not a valid startpoint. [C:/Users/jstimolo/Documents/ETHZ/FS21/Digital Design and Computer Architecture/LAB_5/Lab5/Lab5.srcs/constrs_1/new/Timing_Delay.xdc:1]
Resolution: A valid start point is a main or generated clock pin or port, a clock pin of a sequential cell, or a primary input or inout port. Please validate that all the objects returned by your query belong to this list.
WARNING: [Constraints 18-402] set_max_delay: 'result[29]' is not a valid startpoint. [C:/Users/jstimolo/Documents/ETHZ/FS21/Digital Design and Computer Architecture/LAB_5/Lab5/Lab5.srcs/constrs_1/new/Timing_Delay.xdc:1]
Resolution: A valid start point is a main or generated clock pin or port, a clock pin of a sequential cell, or a primary input or inout port. Please validate that all the objects returned by your query belong to this list.
WARNING: [Constraints 18-402] set_max_delay: 'result[2]' is not a valid startpoint. [C:/Users/jstimolo/Documents/ETHZ/FS21/Digital Design and Computer Architecture/LAB_5/Lab5/Lab5.srcs/constrs_1/new/Timing_Delay.xdc:1]
Resolution: A valid start point is a main or generated clock pin or port, a clock pin of a sequential cell, or a primary input or inout port. Please validate that all the objects returned by your query belong to this list.
WARNING: [Constraints 18-402] set_max_delay: 'result[30]' is not a valid startpoint. [C:/Users/jstimolo/Documents/ETHZ/FS21/Digital Design and Computer Architecture/LAB_5/Lab5/Lab5.srcs/constrs_1/new/Timing_Delay.xdc:1]
Resolution: A valid start point is a main or generated clock pin or port, a clock pin of a sequential cell, or a primary input or inout port. Please validate that all the objects returned by your query belong to this list.
WARNING: [Constraints 18-402] set_max_delay: 'result[31]' is not a valid startpoint. [C:/Users/jstimolo/Documents/ETHZ/FS21/Digital Design and Computer Architecture/LAB_5/Lab5/Lab5.srcs/constrs_1/new/Timing_Delay.xdc:1]
Resolution: A valid start point is a main or generated clock pin or port, a clock pin of a sequential cell, or a primary input or inout port. Please validate that all the objects returned by your query belong to this list.
WARNING: [Constraints 18-402] set_max_delay: 'result[3]' is not a valid startpoint. [C:/Users/jstimolo/Documents/ETHZ/FS21/Digital Design and Computer Architecture/LAB_5/Lab5/Lab5.srcs/constrs_1/new/Timing_Delay.xdc:1]
Resolution: A valid start point is a main or generated clock pin or port, a clock pin of a sequential cell, or a primary input or inout port. Please validate that all the objects returned by your query belong to this list.
WARNING: [Constraints 18-402] set_max_delay: 'result[4]' is not a valid startpoint. [C:/Users/jstimolo/Documents/ETHZ/FS21/Digital Design and Computer Architecture/LAB_5/Lab5/Lab5.srcs/constrs_1/new/Timing_Delay.xdc:1]
Resolution: A valid start point is a main or generated clock pin or port, a clock pin of a sequential cell, or a primary input or inout port. Please validate that all the objects returned by your query belong to this list.
WARNING: [Constraints 18-402] set_max_delay: 'result[5]' is not a valid startpoint. [C:/Users/jstimolo/Documents/ETHZ/FS21/Digital Design and Computer Architecture/LAB_5/Lab5/Lab5.srcs/constrs_1/new/Timing_Delay.xdc:1]
Resolution: A valid start point is a main or generated clock pin or port, a clock pin of a sequential cell, or a primary input or inout port. Please validate that all the objects returned by your query belong to this list.
WARNING: [Constraints 18-402] set_max_delay: 'result[6]' is not a valid startpoint. [C:/Users/jstimolo/Documents/ETHZ/FS21/Digital Design and Computer Architecture/LAB_5/Lab5/Lab5.srcs/constrs_1/new/Timing_Delay.xdc:1]
Resolution: A valid start point is a main or generated clock pin or port, a clock pin of a sequential cell, or a primary input or inout port. Please validate that all the objects returned by your query belong to this list.
WARNING: [Constraints 18-402] set_max_delay: 'result[7]' is not a valid startpoint. [C:/Users/jstimolo/Documents/ETHZ/FS21/Digital Design and Computer Architecture/LAB_5/Lab5/Lab5.srcs/constrs_1/new/Timing_Delay.xdc:1]
Resolution: A valid start point is a main or generated clock pin or port, a clock pin of a sequential cell, or a primary input or inout port. Please validate that all the objects returned by your query belong to this list.
WARNING: [Constraints 18-402] set_max_delay: 'result[8]' is not a valid startpoint. [C:/Users/jstimolo/Documents/ETHZ/FS21/Digital Design and Computer Architecture/LAB_5/Lab5/Lab5.srcs/constrs_1/new/Timing_Delay.xdc:1]
Resolution: A valid start point is a main or generated clock pin or port, a clock pin of a sequential cell, or a primary input or inout port. Please validate that all the objects returned by your query belong to this list.
WARNING: [Constraints 18-402] set_max_delay: 'result[9]' is not a valid startpoint. [C:/Users/jstimolo/Documents/ETHZ/FS21/Digital Design and Computer Architecture/LAB_5/Lab5/Lab5.srcs/constrs_1/new/Timing_Delay.xdc:1]
Resolution: A valid start point is a main or generated clock pin or port, a clock pin of a sequential cell, or a primary input or inout port. Please validate that all the objects returned by your query belong to this list.
WARNING: [Constraints 18-401] set_max_delay: 'A[0]' is not a valid endpoint. [C:/Users/jstimolo/Documents/ETHZ/FS21/Digital Design and Computer Architecture/LAB_5/Lab5/Lab5.srcs/constrs_1/new/Timing_Delay.xdc:1]
Resolution: A valid end point is a data pin of a sequential cell or a primary output or inout port. Please validate that all the objects returned by your query belong to this list.
WARNING: [Constraints 18-401] set_max_delay: 'A[10]' is not a valid endpoint. [C:/Users/jstimolo/Documents/ETHZ/FS21/Digital Design and Computer Architecture/LAB_5/Lab5/Lab5.srcs/constrs_1/new/Timing_Delay.xdc:1]
Resolution: A valid end point is a data pin of a sequential cell or a primary output or inout port. Please validate that all the objects returned by your query belong to this list.
WARNING: [Constraints 18-401] set_max_delay: 'A[11]' is not a valid endpoint. [C:/Users/jstimolo/Documents/ETHZ/FS21/Digital Design and Computer Architecture/LAB_5/Lab5/Lab5.srcs/constrs_1/new/Timing_Delay.xdc:1]
Resolution: A valid end point is a data pin of a sequential cell or a primary output or inout port. Please validate that all the objects returned by your query belong to this list.
WARNING: [Constraints 18-401] set_max_delay: 'A[12]' is not a valid endpoint. [C:/Users/jstimolo/Documents/ETHZ/FS21/Digital Design and Computer Architecture/LAB_5/Lab5/Lab5.srcs/constrs_1/new/Timing_Delay.xdc:1]
Resolution: A valid end point is a data pin of a sequential cell or a primary output or inout port. Please validate that all the objects returned by your query belong to this list.
WARNING: [Constraints 18-401] set_max_delay: 'A[13]' is not a valid endpoint. [C:/Users/jstimolo/Documents/ETHZ/FS21/Digital Design and Computer Architecture/LAB_5/Lab5/Lab5.srcs/constrs_1/new/Timing_Delay.xdc:1]
Resolution: A valid end point is a data pin of a sequential cell or a primary output or inout port. Please validate that all the objects returned by your query belong to this list.
WARNING: [Constraints 18-401] set_max_delay: 'A[14]' is not a valid endpoint. [C:/Users/jstimolo/Documents/ETHZ/FS21/Digital Design and Computer Architecture/LAB_5/Lab5/Lab5.srcs/constrs_1/new/Timing_Delay.xdc:1]
Resolution: A valid end point is a data pin of a sequential cell or a primary output or inout port. Please validate that all the objects returned by your query belong to this list.
WARNING: [Constraints 18-401] set_max_delay: 'A[15]' is not a valid endpoint. [C:/Users/jstimolo/Documents/ETHZ/FS21/Digital Design and Computer Architecture/LAB_5/Lab5/Lab5.srcs/constrs_1/new/Timing_Delay.xdc:1]
Resolution: A valid end point is a data pin of a sequential cell or a primary output or inout port. Please validate that all the objects returned by your query belong to this list.
WARNING: [Constraints 18-401] set_max_delay: 'A[16]' is not a valid endpoint. [C:/Users/jstimolo/Documents/ETHZ/FS21/Digital Design and Computer Architecture/LAB_5/Lab5/Lab5.srcs/constrs_1/new/Timing_Delay.xdc:1]
Resolution: A valid end point is a data pin of a sequential cell or a primary output or inout port. Please validate that all the objects returned by your query belong to this list.
WARNING: [Constraints 18-401] set_max_delay: 'A[17]' is not a valid endpoint. [C:/Users/jstimolo/Documents/ETHZ/FS21/Digital Design and Computer Architecture/LAB_5/Lab5/Lab5.srcs/constrs_1/new/Timing_Delay.xdc:1]
Resolution: A valid end point is a data pin of a sequential cell or a primary output or inout port. Please validate that all the objects returned by your query belong to this list.
WARNING: [Constraints 18-401] set_max_delay: 'A[18]' is not a valid endpoint. [C:/Users/jstimolo/Documents/ETHZ/FS21/Digital Design and Computer Architecture/LAB_5/Lab5/Lab5.srcs/constrs_1/new/Timing_Delay.xdc:1]
Resolution: A valid end point is a data pin of a sequential cell or a primary output or inout port. Please validate that all the objects returned by your query belong to this list.
WARNING: [Constraints 18-401] set_max_delay: 'A[19]' is not a valid endpoint. [C:/Users/jstimolo/Documents/ETHZ/FS21/Digital Design and Computer Architecture/LAB_5/Lab5/Lab5.srcs/constrs_1/new/Timing_Delay.xdc:1]
Resolution: A valid end point is a data pin of a sequential cell or a primary output or inout port. Please validate that all the objects returned by your query belong to this list.
WARNING: [Constraints 18-401] set_max_delay: 'A[1]' is not a valid endpoint. [C:/Users/jstimolo/Documents/ETHZ/FS21/Digital Design and Computer Architecture/LAB_5/Lab5/Lab5.srcs/constrs_1/new/Timing_Delay.xdc:1]
Resolution: A valid end point is a data pin of a sequential cell or a primary output or inout port. Please validate that all the objects returned by your query belong to this list.
WARNING: [Constraints 18-401] set_max_delay: 'A[20]' is not a valid endpoint. [C:/Users/jstimolo/Documents/ETHZ/FS21/Digital Design and Computer Architecture/LAB_5/Lab5/Lab5.srcs/constrs_1/new/Timing_Delay.xdc:1]
Resolution: A valid end point is a data pin of a sequential cell or a primary output or inout port. Please validate that all the objects returned by your query belong to this list.
WARNING: [Constraints 18-401] set_max_delay: 'A[21]' is not a valid endpoint. [C:/Users/jstimolo/Documents/ETHZ/FS21/Digital Design and Computer Architecture/LAB_5/Lab5/Lab5.srcs/constrs_1/new/Timing_Delay.xdc:1]
Resolution: A valid end point is a data pin of a sequential cell or a primary output or inout port. Please validate that all the objects returned by your query belong to this list.
WARNING: [Constraints 18-401] set_max_delay: 'A[22]' is not a valid endpoint. [C:/Users/jstimolo/Documents/ETHZ/FS21/Digital Design and Computer Architecture/LAB_5/Lab5/Lab5.srcs/constrs_1/new/Timing_Delay.xdc:1]
Resolution: A valid end point is a data pin of a sequential cell or a primary output or inout port. Please validate that all the objects returned by your query belong to this list.
WARNING: [Constraints 18-401] set_max_delay: 'A[23]' is not a valid endpoint. [C:/Users/jstimolo/Documents/ETHZ/FS21/Digital Design and Computer Architecture/LAB_5/Lab5/Lab5.srcs/constrs_1/new/Timing_Delay.xdc:1]
Resolution: A valid end point is a data pin of a sequential cell or a primary output or inout port. Please validate that all the objects returned by your query belong to this list.
WARNING: [Constraints 18-401] set_max_delay: 'A[24]' is not a valid endpoint. [C:/Users/jstimolo/Documents/ETHZ/FS21/Digital Design and Computer Architecture/LAB_5/Lab5/Lab5.srcs/constrs_1/new/Timing_Delay.xdc:1]
Resolution: A valid end point is a data pin of a sequential cell or a primary output or inout port. Please validate that all the objects returned by your query belong to this list.
WARNING: [Constraints 18-401] set_max_delay: 'A[25]' is not a valid endpoint. [C:/Users/jstimolo/Documents/ETHZ/FS21/Digital Design and Computer Architecture/LAB_5/Lab5/Lab5.srcs/constrs_1/new/Timing_Delay.xdc:1]
Resolution: A valid end point is a data pin of a sequential cell or a primary output or inout port. Please validate that all the objects returned by your query belong to this list.
WARNING: [Constraints 18-401] set_max_delay: 'A[26]' is not a valid endpoint. [C:/Users/jstimolo/Documents/ETHZ/FS21/Digital Design and Computer Architecture/LAB_5/Lab5/Lab5.srcs/constrs_1/new/Timing_Delay.xdc:1]
Resolution: A valid end point is a data pin of a sequential cell or a primary output or inout port. Please validate that all the objects returned by your query belong to this list.
WARNING: [Constraints 18-401] set_max_delay: 'A[27]' is not a valid endpoint. [C:/Users/jstimolo/Documents/ETHZ/FS21/Digital Design and Computer Architecture/LAB_5/Lab5/Lab5.srcs/constrs_1/new/Timing_Delay.xdc:1]
Resolution: A valid end point is a data pin of a sequential cell or a primary output or inout port. Please validate that all the objects returned by your query belong to this list.
WARNING: [Constraints 18-401] set_max_delay: 'A[28]' is not a valid endpoint. [C:/Users/jstimolo/Documents/ETHZ/FS21/Digital Design and Computer Architecture/LAB_5/Lab5/Lab5.srcs/constrs_1/new/Timing_Delay.xdc:1]
Resolution: A valid end point is a data pin of a sequential cell or a primary output or inout port. Please validate that all the objects returned by your query belong to this list.
WARNING: [Constraints 18-401] set_max_delay: 'A[29]' is not a valid endpoint. [C:/Users/jstimolo/Documents/ETHZ/FS21/Digital Design and Computer Architecture/LAB_5/Lab5/Lab5.srcs/constrs_1/new/Timing_Delay.xdc:1]
Resolution: A valid end point is a data pin of a sequential cell or a primary output or inout port. Please validate that all the objects returned by your query belong to this list.
WARNING: [Constraints 18-401] set_max_delay: 'A[2]' is not a valid endpoint. [C:/Users/jstimolo/Documents/ETHZ/FS21/Digital Design and Computer Architecture/LAB_5/Lab5/Lab5.srcs/constrs_1/new/Timing_Delay.xdc:1]
Resolution: A valid end point is a data pin of a sequential cell or a primary output or inout port. Please validate that all the objects returned by your query belong to this list.
WARNING: [Constraints 18-401] set_max_delay: 'A[30]' is not a valid endpoint. [C:/Users/jstimolo/Documents/ETHZ/FS21/Digital Design and Computer Architecture/LAB_5/Lab5/Lab5.srcs/constrs_1/new/Timing_Delay.xdc:1]
Resolution: A valid end point is a data pin of a sequential cell or a primary output or inout port. Please validate that all the objects returned by your query belong to this list.
WARNING: [Constraints 18-401] set_max_delay: 'A[31]' is not a valid endpoint. [C:/Users/jstimolo/Documents/ETHZ/FS21/Digital Design and Computer Architecture/LAB_5/Lab5/Lab5.srcs/constrs_1/new/Timing_Delay.xdc:1]
Resolution: A valid end point is a data pin of a sequential cell or a primary output or inout port. Please validate that all the objects returned by your query belong to this list.
WARNING: [Constraints 18-401] set_max_delay: 'A[3]' is not a valid endpoint. [C:/Users/jstimolo/Documents/ETHZ/FS21/Digital Design and Computer Architecture/LAB_5/Lab5/Lab5.srcs/constrs_1/new/Timing_Delay.xdc:1]
Resolution: A valid end point is a data pin of a sequential cell or a primary output or inout port. Please validate that all the objects returned by your query belong to this list.
WARNING: [Constraints 18-401] set_max_delay: 'A[4]' is not a valid endpoint. [C:/Users/jstimolo/Documents/ETHZ/FS21/Digital Design and Computer Architecture/LAB_5/Lab5/Lab5.srcs/constrs_1/new/Timing_Delay.xdc:1]
Resolution: A valid end point is a data pin of a sequential cell or a primary output or inout port. Please validate that all the objects returned by your query belong to this list.
WARNING: [Constraints 18-401] set_max_delay: 'A[5]' is not a valid endpoint. [C:/Users/jstimolo/Documents/ETHZ/FS21/Digital Design and Computer Architecture/LAB_5/Lab5/Lab5.srcs/constrs_1/new/Timing_Delay.xdc:1]
Resolution: A valid end point is a data pin of a sequential cell or a primary output or inout port. Please validate that all the objects returned by your query belong to this list.
WARNING: [Constraints 18-401] set_max_delay: 'A[6]' is not a valid endpoint. [C:/Users/jstimolo/Documents/ETHZ/FS21/Digital Design and Computer Architecture/LAB_5/Lab5/Lab5.srcs/constrs_1/new/Timing_Delay.xdc:1]
Resolution: A valid end point is a data pin of a sequential cell or a primary output or inout port. Please validate that all the objects returned by your query belong to this list.
WARNING: [Constraints 18-401] set_max_delay: 'A[7]' is not a valid endpoint. [C:/Users/jstimolo/Documents/ETHZ/FS21/Digital Design and Computer Architecture/LAB_5/Lab5/Lab5.srcs/constrs_1/new/Timing_Delay.xdc:1]
Resolution: A valid end point is a data pin of a sequential cell or a primary output or inout port. Please validate that all the objects returned by your query belong to this list.
WARNING: [Constraints 18-401] set_max_delay: 'A[8]' is not a valid endpoint. [C:/Users/jstimolo/Documents/ETHZ/FS21/Digital Design and Computer Architecture/LAB_5/Lab5/Lab5.srcs/constrs_1/new/Timing_Delay.xdc:1]
Resolution: A valid end point is a data pin of a sequential cell or a primary output or inout port. Please validate that all the objects returned by your query belong to this list.
WARNING: [Constraints 18-401] set_max_delay: 'A[9]' is not a valid endpoint. [C:/Users/jstimolo/Documents/ETHZ/FS21/Digital Design and Computer Architecture/LAB_5/Lab5/Lab5.srcs/constrs_1/new/Timing_Delay.xdc:1]
Resolution: A valid end point is a data pin of a sequential cell or a primary output or inout port. Please validate that all the objects returned by your query belong to this list.
WARNING: [Constraints 18-401] set_max_delay: 'AluOp[0]' is not a valid endpoint. [C:/Users/jstimolo/Documents/ETHZ/FS21/Digital Design and Computer Architecture/LAB_5/Lab5/Lab5.srcs/constrs_1/new/Timing_Delay.xdc:1]
Resolution: A valid end point is a data pin of a sequential cell or a primary output or inout port. Please validate that all the objects returned by your query belong to this list.
WARNING: [Constraints 18-401] set_max_delay: 'AluOp[1]' is not a valid endpoint. [C:/Users/jstimolo/Documents/ETHZ/FS21/Digital Design and Computer Architecture/LAB_5/Lab5/Lab5.srcs/constrs_1/new/Timing_Delay.xdc:1]
Resolution: A valid end point is a data pin of a sequential cell or a primary output or inout port. Please validate that all the objects returned by your query belong to this list.
WARNING: [Constraints 18-401] set_max_delay: 'AluOp[2]' is not a valid endpoint. [C:/Users/jstimolo/Documents/ETHZ/FS21/Digital Design and Computer Architecture/LAB_5/Lab5/Lab5.srcs/constrs_1/new/Timing_Delay.xdc:1]
Resolution: A valid end point is a data pin of a sequential cell or a primary output or inout port. Please validate that all the objects returned by your query belong to this list.
WARNING: [Constraints 18-401] set_max_delay: 'AluOp[3]' is not a valid endpoint. [C:/Users/jstimolo/Documents/ETHZ/FS21/Digital Design and Computer Architecture/LAB_5/Lab5/Lab5.srcs/constrs_1/new/Timing_Delay.xdc:1]
Resolution: A valid end point is a data pin of a sequential cell or a primary output or inout port. Please validate that all the objects returned by your query belong to this list.
WARNING: [Constraints 18-401] set_max_delay: 'B[0]' is not a valid endpoint. [C:/Users/jstimolo/Documents/ETHZ/FS21/Digital Design and Computer Architecture/LAB_5/Lab5/Lab5.srcs/constrs_1/new/Timing_Delay.xdc:1]
Resolution: A valid end point is a data pin of a sequential cell or a primary output or inout port. Please validate that all the objects returned by your query belong to this list.
WARNING: [Constraints 18-401] set_max_delay: 'B[10]' is not a valid endpoint. [C:/Users/jstimolo/Documents/ETHZ/FS21/Digital Design and Computer Architecture/LAB_5/Lab5/Lab5.srcs/constrs_1/new/Timing_Delay.xdc:1]
Resolution: A valid end point is a data pin of a sequential cell or a primary output or inout port. Please validate that all the objects returned by your query belong to this list.
WARNING: [Constraints 18-401] set_max_delay: 'B[11]' is not a valid endpoint. [C:/Users/jstimolo/Documents/ETHZ/FS21/Digital Design and Computer Architecture/LAB_5/Lab5/Lab5.srcs/constrs_1/new/Timing_Delay.xdc:1]
Resolution: A valid end point is a data pin of a sequential cell or a primary output or inout port. Please validate that all the objects returned by your query belong to this list.
WARNING: [Constraints 18-401] set_max_delay: 'B[12]' is not a valid endpoint. [C:/Users/jstimolo/Documents/ETHZ/FS21/Digital Design and Computer Architecture/LAB_5/Lab5/Lab5.srcs/constrs_1/new/Timing_Delay.xdc:1]
Resolution: A valid end point is a data pin of a sequential cell or a primary output or inout port. Please validate that all the objects returned by your query belong to this list.
WARNING: [Constraints 18-401] set_max_delay: 'B[13]' is not a valid endpoint. [C:/Users/jstimolo/Documents/ETHZ/FS21/Digital Design and Computer Architecture/LAB_5/Lab5/Lab5.srcs/constrs_1/new/Timing_Delay.xdc:1]
Resolution: A valid end point is a data pin of a sequential cell or a primary output or inout port. Please validate that all the objects returned by your query belong to this list.
WARNING: [Constraints 18-401] set_max_delay: 'B[14]' is not a valid endpoint. [C:/Users/jstimolo/Documents/ETHZ/FS21/Digital Design and Computer Architecture/LAB_5/Lab5/Lab5.srcs/constrs_1/new/Timing_Delay.xdc:1]
Resolution: A valid end point is a data pin of a sequential cell or a primary output or inout port. Please validate that all the objects returned by your query belong to this list.
WARNING: [Constraints 18-401] set_max_delay: 'B[15]' is not a valid endpoint. [C:/Users/jstimolo/Documents/ETHZ/FS21/Digital Design and Computer Architecture/LAB_5/Lab5/Lab5.srcs/constrs_1/new/Timing_Delay.xdc:1]
Resolution: A valid end point is a data pin of a sequential cell or a primary output or inout port. Please validate that all the objects returned by your query belong to this list.
WARNING: [Constraints 18-401] set_max_delay: 'B[16]' is not a valid endpoint. [C:/Users/jstimolo/Documents/ETHZ/FS21/Digital Design and Computer Architecture/LAB_5/Lab5/Lab5.srcs/constrs_1/new/Timing_Delay.xdc:1]
Resolution: A valid end point is a data pin of a sequential cell or a primary output or inout port. Please validate that all the objects returned by your query belong to this list.
WARNING: [Constraints 18-401] set_max_delay: 'B[17]' is not a valid endpoint. [C:/Users/jstimolo/Documents/ETHZ/FS21/Digital Design and Computer Architecture/LAB_5/Lab5/Lab5.srcs/constrs_1/new/Timing_Delay.xdc:1]
Resolution: A valid end point is a data pin of a sequential cell or a primary output or inout port. Please validate that all the objects returned by your query belong to this list.
WARNING: [Constraints 18-401] set_max_delay: 'B[18]' is not a valid endpoint. [C:/Users/jstimolo/Documents/ETHZ/FS21/Digital Design and Computer Architecture/LAB_5/Lab5/Lab5.srcs/constrs_1/new/Timing_Delay.xdc:1]
Resolution: A valid end point is a data pin of a sequential cell or a primary output or inout port. Please validate that all the objects returned by your query belong to this list.
WARNING: [Constraints 18-401] set_max_delay: 'B[19]' is not a valid endpoint. [C:/Users/jstimolo/Documents/ETHZ/FS21/Digital Design and Computer Architecture/LAB_5/Lab5/Lab5.srcs/constrs_1/new/Timing_Delay.xdc:1]
Resolution: A valid end point is a data pin of a sequential cell or a primary output or inout port. Please validate that all the objects returned by your query belong to this list.
WARNING: [Constraints 18-401] set_max_delay: 'B[1]' is not a valid endpoint. [C:/Users/jstimolo/Documents/ETHZ/FS21/Digital Design and Computer Architecture/LAB_5/Lab5/Lab5.srcs/constrs_1/new/Timing_Delay.xdc:1]
Resolution: A valid end point is a data pin of a sequential cell or a primary output or inout port. Please validate that all the objects returned by your query belong to this list.
WARNING: [Constraints 18-401] set_max_delay: 'B[20]' is not a valid endpoint. [C:/Users/jstimolo/Documents/ETHZ/FS21/Digital Design and Computer Architecture/LAB_5/Lab5/Lab5.srcs/constrs_1/new/Timing_Delay.xdc:1]
Resolution: A valid end point is a data pin of a sequential cell or a primary output or inout port. Please validate that all the objects returned by your query belong to this list.
WARNING: [Constraints 18-401] set_max_delay: 'B[21]' is not a valid endpoint. [C:/Users/jstimolo/Documents/ETHZ/FS21/Digital Design and Computer Architecture/LAB_5/Lab5/Lab5.srcs/constrs_1/new/Timing_Delay.xdc:1]
Resolution: A valid end point is a data pin of a sequential cell or a primary output or inout port. Please validate that all the objects returned by your query belong to this list.
WARNING: [Constraints 18-401] set_max_delay: 'B[22]' is not a valid endpoint. [C:/Users/jstimolo/Documents/ETHZ/FS21/Digital Design and Computer Architecture/LAB_5/Lab5/Lab5.srcs/constrs_1/new/Timing_Delay.xdc:1]
Resolution: A valid end point is a data pin of a sequential cell or a primary output or inout port. Please validate that all the objects returned by your query belong to this list.
WARNING: [Constraints 18-401] set_max_delay: 'B[23]' is not a valid endpoint. [C:/Users/jstimolo/Documents/ETHZ/FS21/Digital Design and Computer Architecture/LAB_5/Lab5/Lab5.srcs/constrs_1/new/Timing_Delay.xdc:1]
Resolution: A valid end point is a data pin of a sequential cell or a primary output or inout port. Please validate that all the objects returned by your query belong to this list.
WARNING: [Constraints 18-401] set_max_delay: 'B[24]' is not a valid endpoint. [C:/Users/jstimolo/Documents/ETHZ/FS21/Digital Design and Computer Architecture/LAB_5/Lab5/Lab5.srcs/constrs_1/new/Timing_Delay.xdc:1]
Resolution: A valid end point is a data pin of a sequential cell or a primary output or inout port. Please validate that all the objects returned by your query belong to this list.
WARNING: [Constraints 18-401] set_max_delay: 'B[25]' is not a valid endpoint. [C:/Users/jstimolo/Documents/ETHZ/FS21/Digital Design and Computer Architecture/LAB_5/Lab5/Lab5.srcs/constrs_1/new/Timing_Delay.xdc:1]
Resolution: A valid end point is a data pin of a sequential cell or a primary output or inout port. Please validate that all the objects returned by your query belong to this list.
WARNING: [Constraints 18-401] set_max_delay: 'B[26]' is not a valid endpoint. [C:/Users/jstimolo/Documents/ETHZ/FS21/Digital Design and Computer Architecture/LAB_5/Lab5/Lab5.srcs/constrs_1/new/Timing_Delay.xdc:1]
Resolution: A valid end point is a data pin of a sequential cell or a primary output or inout port. Please validate that all the objects returned by your query belong to this list.
WARNING: [Constraints 18-401] set_max_delay: 'B[27]' is not a valid endpoint. [C:/Users/jstimolo/Documents/ETHZ/FS21/Digital Design and Computer Architecture/LAB_5/Lab5/Lab5.srcs/constrs_1/new/Timing_Delay.xdc:1]
Resolution: A valid end point is a data pin of a sequential cell or a primary output or inout port. Please validate that all the objects returned by your query belong to this list.
WARNING: [Constraints 18-401] set_max_delay: 'B[28]' is not a valid endpoint. [C:/Users/jstimolo/Documents/ETHZ/FS21/Digital Design and Computer Architecture/LAB_5/Lab5/Lab5.srcs/constrs_1/new/Timing_Delay.xdc:1]
Resolution: A valid end point is a data pin of a sequential cell or a primary output or inout port. Please validate that all the objects returned by your query belong to this list.
WARNING: [Constraints 18-401] set_max_delay: 'B[29]' is not a valid endpoint. [C:/Users/jstimolo/Documents/ETHZ/FS21/Digital Design and Computer Architecture/LAB_5/Lab5/Lab5.srcs/constrs_1/new/Timing_Delay.xdc:1]
Resolution: A valid end point is a data pin of a sequential cell or a primary output or inout port. Please validate that all the objects returned by your query belong to this list.
WARNING: [Constraints 18-401] set_max_delay: 'B[2]' is not a valid endpoint. [C:/Users/jstimolo/Documents/ETHZ/FS21/Digital Design and Computer Architecture/LAB_5/Lab5/Lab5.srcs/constrs_1/new/Timing_Delay.xdc:1]
Resolution: A valid end point is a data pin of a sequential cell or a primary output or inout port. Please validate that all the objects returned by your query belong to this list.
WARNING: [Constraints 18-401] set_max_delay: 'B[30]' is not a valid endpoint. [C:/Users/jstimolo/Documents/ETHZ/FS21/Digital Design and Computer Architecture/LAB_5/Lab5/Lab5.srcs/constrs_1/new/Timing_Delay.xdc:1]
Resolution: A valid end point is a data pin of a sequential cell or a primary output or inout port. Please validate that all the objects returned by your query belong to this list.
WARNING: [Constraints 18-401] set_max_delay: 'B[31]' is not a valid endpoint. [C:/Users/jstimolo/Documents/ETHZ/FS21/Digital Design and Computer Architecture/LAB_5/Lab5/Lab5.srcs/constrs_1/new/Timing_Delay.xdc:1]
Resolution: A valid end point is a data pin of a sequential cell or a primary output or inout port. Please validate that all the objects returned by your query belong to this list.
WARNING: [Constraints 18-401] set_max_delay: 'B[3]' is not a valid endpoint. [C:/Users/jstimolo/Documents/ETHZ/FS21/Digital Design and Computer Architecture/LAB_5/Lab5/Lab5.srcs/constrs_1/new/Timing_Delay.xdc:1]
Resolution: A valid end point is a data pin of a sequential cell or a primary output or inout port. Please validate that all the objects returned by your query belong to this list.
WARNING: [Constraints 18-401] set_max_delay: 'B[4]' is not a valid endpoint. [C:/Users/jstimolo/Documents/ETHZ/FS21/Digital Design and Computer Architecture/LAB_5/Lab5/Lab5.srcs/constrs_1/new/Timing_Delay.xdc:1]
Resolution: A valid end point is a data pin of a sequential cell or a primary output or inout port. Please validate that all the objects returned by your query belong to this list.
WARNING: [Constraints 18-401] set_max_delay: 'B[5]' is not a valid endpoint. [C:/Users/jstimolo/Documents/ETHZ/FS21/Digital Design and Computer Architecture/LAB_5/Lab5/Lab5.srcs/constrs_1/new/Timing_Delay.xdc:1]
Resolution: A valid end point is a data pin of a sequential cell or a primary output or inout port. Please validate that all the objects returned by your query belong to this list.
WARNING: [Constraints 18-401] set_max_delay: 'B[6]' is not a valid endpoint. [C:/Users/jstimolo/Documents/ETHZ/FS21/Digital Design and Computer Architecture/LAB_5/Lab5/Lab5.srcs/constrs_1/new/Timing_Delay.xdc:1]
Resolution: A valid end point is a data pin of a sequential cell or a primary output or inout port. Please validate that all the objects returned by your query belong to this list.
WARNING: [Constraints 18-401] set_max_delay: 'B[7]' is not a valid endpoint. [C:/Users/jstimolo/Documents/ETHZ/FS21/Digital Design and Computer Architecture/LAB_5/Lab5/Lab5.srcs/constrs_1/new/Timing_Delay.xdc:1]
Resolution: A valid end point is a data pin of a sequential cell or a primary output or inout port. Please validate that all the objects returned by your query belong to this list.
WARNING: [Constraints 18-401] set_max_delay: 'B[8]' is not a valid endpoint. [C:/Users/jstimolo/Documents/ETHZ/FS21/Digital Design and Computer Architecture/LAB_5/Lab5/Lab5.srcs/constrs_1/new/Timing_Delay.xdc:1]
Resolution: A valid end point is a data pin of a sequential cell or a primary output or inout port. Please validate that all the objects returned by your query belong to this list.
WARNING: [Constraints 18-401] set_max_delay: 'B[9]' is not a valid endpoint. [C:/Users/jstimolo/Documents/ETHZ/FS21/Digital Design and Computer Architecture/LAB_5/Lab5/Lab5.srcs/constrs_1/new/Timing_Delay.xdc:1]
Resolution: A valid end point is a data pin of a sequential cell or a primary output or inout port. Please validate that all the objects returned by your query belong to this list.
set_max_delay: Time (s): cpu = 00:00:07 ; elapsed = 00:00:08 . Memory (MB): peak = 1515.883 ; gain = 409.148
Finished Parsing XDC File [C:/Users/jstimolo/Documents/ETHZ/FS21/Digital Design and Computer Architecture/LAB_5/Lab5/Lab5.srcs/constrs_1/new/Timing_Delay.xdc]
INFO: [Opt 31-138] Pushed 0 inverter(s) to 0 load pin(s).
Netlist sorting complete. Time (s): cpu = 00:00:00 ; elapsed = 00:00:00 . Memory (MB): peak = 1515.883 ; gain = 0.000
INFO: [Project 1-111] Unisim Transformation Summary:
No Unisim elements were transformed.

8 Infos, 100 Warnings, 0 Critical Warnings and 0 Errors encountered.
link_design completed successfully
link_design: Time (s): cpu = 00:00:13 ; elapsed = 00:00:14 . Memory (MB): peak = 1515.883 ; gain = 409.148
Command: opt_design
Attempting to get a license for feature 'Implementation' and/or device 'xc7a35t'
INFO: [Common 17-349] Got license for feature 'Implementation' and/or device 'xc7a35t'
Running DRC as a precondition to command opt_design

Starting DRC Task
INFO: [DRC 23-27] Running DRC with 2 threads
INFO: [Project 1-461] DRC finished with 0 Errors
INFO: [Project 1-462] Please refer to the DRC report (report_drc) for more information.

Time (s): cpu = 00:00:01 ; elapsed = 00:00:00.890 . Memory (MB): peak = 1515.883 ; gain = 0.000

Starting Cache Timing Information Task
INFO: [Timing 38-35] Done setting XDC timing constraints.
Ending Cache Timing Information Task | Checksum: 8b7a74bc

Time (s): cpu = 00:00:00 ; elapsed = 00:00:00.009 . Memory (MB): peak = 1533.094 ; gain = 17.211

Starting Logic Optimization Task

Phase 1 Retarget
INFO: [Opt 31-138] Pushed 0 inverter(s) to 0 load pin(s).
INFO: [Opt 31-49] Retargeted 0 cell(s).
Phase 1 Retarget | Checksum: 8b7a74bc

Time (s): cpu = 00:00:00 ; elapsed = 00:00:00.013 . Memory (MB): peak = 1730.523 ; gain = 0.000
INFO: [Opt 31-389] Phase Retarget created 0 cells and removed 0 cells

Phase 2 Constant propagation
INFO: [Opt 31-138] Pushed 0 inverter(s) to 0 load pin(s).
Phase 2 Constant propagation | Checksum: 8b7a74bc

Time (s): cpu = 00:00:00 ; elapsed = 00:00:00.015 . Memory (MB): peak = 1730.523 ; gain = 0.000
INFO: [Opt 31-389] Phase Constant propagation created 0 cells and removed 0 cells

Phase 3 Sweep
Phase 3 Sweep | Checksum: 8b7a74bc

Time (s): cpu = 00:00:00 ; elapsed = 00:00:00.018 . Memory (MB): peak = 1730.523 ; gain = 0.000
INFO: [Opt 31-389] Phase Sweep created 0 cells and removed 0 cells

Phase 4 BUFG optimization
Phase 4 BUFG optimization | Checksum: 8b7a74bc

Time (s): cpu = 00:00:00 ; elapsed = 00:00:00.021 . Memory (MB): peak = 1730.523 ; gain = 0.000
INFO: [Opt 31-662] Phase BUFG optimization created 0 cells of which 0 are BUFGs and removed 0 cells.

Phase 5 Shift Register Optimization
INFO: [Opt 31-1064] SRL Remap converted 0 SRLs to 0 registers and converted 0 registers of register chains to 0 SRLs
Phase 5 Shift Register Optimization | Checksum: 8b7a74bc

Time (s): cpu = 00:00:00 ; elapsed = 00:00:00.022 . Memory (MB): peak = 1730.523 ; gain = 0.000
INFO: [Opt 31-389] Phase Shift Register Optimization created 0 cells and removed 0 cells

Phase 6 Post Processing Netlist
Phase 6 Post Processing Netlist | Checksum: 8b7a74bc

Time (s): cpu = 00:00:00 ; elapsed = 00:00:00.023 . Memory (MB): peak = 1730.523 ; gain = 0.000
INFO: [Opt 31-389] Phase Post Processing Netlist created 0 cells and removed 0 cells
Opt_design Change Summary
=========================


-------------------------------------------------------------------------------------------------------------------------
|  Phase                        |  #Cells created  |  #Cells Removed  |  #Constrained objects preventing optimizations  |
-------------------------------------------------------------------------------------------------------------------------
|  Retarget                     |               0  |               0  |                                              0  |
|  Constant propagation         |               0  |               0  |                                              0  |
|  Sweep                        |               0  |               0  |                                              0  |
|  BUFG optimization            |               0  |               0  |                                              0  |
|  Shift Register Optimization  |               0  |               0  |                                              0  |
|  Post Processing Netlist      |               0  |               0  |                                              0  |
-------------------------------------------------------------------------------------------------------------------------



Starting Connectivity Check Task

Time (s): cpu = 00:00:00 ; elapsed = 00:00:00 . Memory (MB): peak = 1730.523 ; gain = 0.000
Ending Logic Optimization Task | Checksum: 8b7a74bc

Time (s): cpu = 00:00:00 ; elapsed = 00:00:00.026 . Memory (MB): peak = 1730.523 ; gain = 0.000

Starting Power Optimization Task
INFO: [Pwropt 34-132] Skipping clock gating for clocks with a period < 2.00 ns.
Ending Power Optimization Task | Checksum: 8b7a74bc

Time (s): cpu = 00:00:00 ; elapsed = 00:00:00.010 . Memory (MB): peak = 1730.523 ; gain = 0.000

Starting Final Cleanup Task
Ending Final Cleanup Task | Checksum: 8b7a74bc

Time (s): cpu = 00:00:00 ; elapsed = 00:00:00 . Memory (MB): peak = 1730.523 ; gain = 0.000

Starting Netlist Obfuscation Task
Netlist sorting complete. Time (s): cpu = 00:00:00 ; elapsed = 00:00:00 . Memory (MB): peak = 1730.523 ; gain = 0.000
Ending Netlist Obfuscation Task | Checksum: 8b7a74bc

Time (s): cpu = 00:00:00 ; elapsed = 00:00:00 . Memory (MB): peak = 1730.523 ; gain = 0.000
INFO: [Common 17-83] Releasing license: Implementation
25 Infos, 100 Warnings, 0 Critical Warnings and 0 Errors encountered.
opt_design completed successfully
INFO: [Timing 38-480] Writing timing data to binary archive.
INFO: [Common 17-1381] The checkpoint 'C:/Users/jstimolo/Documents/ETHZ/FS21/Digital Design and Computer Architecture/LAB_5/Lab5/Lab5.runs/impl_1/VLC_opt.dcp' has been generated.
INFO: [runtcl-4] Executing : report_drc -file VLC_drc_opted.rpt -pb VLC_drc_opted.pb -rpx VLC_drc_opted.rpx
Command: report_drc -file VLC_drc_opted.rpt -pb VLC_drc_opted.pb -rpx VLC_drc_opted.rpx
INFO: [IP_Flow 19-234] Refreshing IP repositories
INFO: [IP_Flow 19-1704] No user IP repositories specified
INFO: [IP_Flow 19-2313] Loaded Vivado IP repository 'C:/Xilinx/Vivado/2020.2/data/ip'.
INFO: [Timing 38-35] Done setting XDC timing constraints.
INFO: [DRC 23-27] Running DRC with 2 threads
INFO: [Coretcl 2-168] The results of DRC are in file C:/Users/jstimolo/Documents/ETHZ/FS21/Digital Design and Computer Architecture/LAB_5/Lab5/Lab5.runs/impl_1/VLC_drc_opted.rpt.
report_drc completed successfully
Command: place_design
Attempting to get a license for feature 'Implementation' and/or device 'xc7a35t'
INFO: [Common 17-349] Got license for feature 'Implementation' and/or device 'xc7a35t'
INFO: [DRC 23-27] Running DRC with 2 threads
INFO: [Vivado_Tcl 4-198] DRC finished with 0 Errors
INFO: [Vivado_Tcl 4-199] Please refer to the DRC report (report_drc) for more information.
Running DRC as a precondition to command place_design
INFO: [DRC 23-27] Running DRC with 2 threads
INFO: [Vivado_Tcl 4-198] DRC finished with 0 Errors
INFO: [Vivado_Tcl 4-199] Please refer to the DRC report (report_drc) for more information.

Starting Placer Task
INFO: [Place 30-611] Multithreading enabled for place_design using a maximum of 2 CPUs

Phase 1 Placer Initialization

Phase 1.1 Placer Initialization Netlist Sorting
Netlist sorting complete. Time (s): cpu = 00:00:00 ; elapsed = 00:00:00 . Memory (MB): peak = 1777.477 ; gain = 0.000
Phase 1.1 Placer Initialization Netlist Sorting | Checksum: 2d6d6391

Time (s): cpu = 00:00:00 ; elapsed = 00:00:00.008 . Memory (MB): peak = 1777.477 ; gain = 0.000
Netlist sorting complete. Time (s): cpu = 00:00:00 ; elapsed = 00:00:00 . Memory (MB): peak = 1777.477 ; gain = 0.000

Phase 1.2 IO Placement/ Clock Placement/ Build Placer Device
Phase 1.2 IO Placement/ Clock Placement/ Build Placer Device | Checksum: 4156b72c

Time (s): cpu = 00:00:00 ; elapsed = 00:00:00.224 . Memory (MB): peak = 1777.477 ; gain = 0.000

Phase 1.3 Build Placer Netlist Model
Phase 1.3 Build Placer Netlist Model | Checksum: c06bc4c8

Time (s): cpu = 00:00:00 ; elapsed = 00:00:00.288 . Memory (MB): peak = 1777.477 ; gain = 0.000

Phase 1.4 Constrain Clocks/Macros
Phase 1.4 Constrain Clocks/Macros | Checksum: c06bc4c8

Time (s): cpu = 00:00:00 ; elapsed = 00:00:00.290 . Memory (MB): peak = 1777.477 ; gain = 0.000
Phase 1 Placer Initialization | Checksum: c06bc4c8

Time (s): cpu = 00:00:00 ; elapsed = 00:00:00.294 . Memory (MB): peak = 1777.477 ; gain = 0.000

Phase 2 Global Placement

Phase 2.1 Floorplanning
Phase 2.1 Floorplanning | Checksum: 994a2b13

Time (s): cpu = 00:00:00 ; elapsed = 00:00:00.374 . Memory (MB): peak = 1777.477 ; gain = 0.000

Phase 2.2 Update Timing before SLR Path Opt
Phase 2.2 Update Timing before SLR Path Opt | Checksum: 994a2b13

Time (s): cpu = 00:00:00 ; elapsed = 00:00:00.416 . Memory (MB): peak = 1777.477 ; gain = 0.000

Phase 2.3 Global Placement Core

Phase 2.3.1 Physical Synthesis In Placer
INFO: [Physopt 32-1044] Break lutnm for timing: one critical 0, two critical 0, total 0, new lutff created 0
INFO: [Physopt 32-775] End 1 Pass. Optimized 0 net or cell. Created 0 new cell, deleted 0 existing cell and moved 0 existing cell
INFO: [Physopt 32-65] No nets found for high-fanout optimization.
INFO: [Physopt 32-232] Optimized 0 net. Created 0 new instance.
INFO: [Physopt 32-775] End 1 Pass. Optimized 0 net or cell. Created 0 new cell, deleted 0 existing cell and moved 0 existing cell
INFO: [Physopt 32-670] No setup violation found.  DSP Register Optimization was not performed.
INFO: [Physopt 32-670] No setup violation found.  Shift Register to Pipeline Optimization was not performed.
INFO: [Physopt 32-670] No setup violation found.  Shift Register Optimization was not performed.
INFO: [Physopt 32-670] No setup violation found.  BRAM Register Optimization was not performed.
INFO: [Physopt 32-670] No setup violation found.  URAM Register Optimization was not performed.
INFO: [Physopt 32-949] No candidate nets found for dynamic/static region interface net replication
INFO: [Physopt 32-775] End 1 Pass. Optimized 0 net or cell. Created 0 new cell, deleted 0 existing cell and moved 0 existing cell
Netlist sorting complete. Time (s): cpu = 00:00:00 ; elapsed = 00:00:00 . Memory (MB): peak = 1777.477 ; gain = 0.000

Summary of Physical Synthesis Optimizations
============================================


-----------------------------------------------------------------------------------------------------------------------------------------------------------
|  Optimization                                     |  Added Cells  |  Removed Cells  |  Optimized Cells/Nets  |  Dont Touch  |  Iterations  |  Elapsed   |
-----------------------------------------------------------------------------------------------------------------------------------------------------------
|  LUT Combining                                    |            0  |              0  |                     0  |           0  |           1  |  00:00:00  |
|  Very High Fanout                                 |            0  |              0  |                     0  |           0  |           1  |  00:00:00  |
|  DSP Register                                     |            0  |              0  |                     0  |           0  |           0  |  00:00:00  |
|  Shift Register to Pipeline                       |            0  |              0  |                     0  |           0  |           0  |  00:00:00  |
|  Shift Register                                   |            0  |              0  |                     0  |           0  |           0  |  00:00:00  |
|  BRAM Register                                    |            0  |              0  |                     0  |           0  |           0  |  00:00:00  |
|  URAM Register                                    |            0  |              0  |                     0  |           0  |           0  |  00:00:00  |
|  Dynamic/Static Region Interface Net Replication  |            0  |              0  |                     0  |           0  |           1  |  00:00:00  |
|  Total                                            |            0  |              0  |                     0  |           0  |           3  |  00:00:00  |
-----------------------------------------------------------------------------------------------------------------------------------------------------------


Phase 2.3.1 Physical Synthesis In Placer | Checksum: 994a2b13

Time (s): cpu = 00:00:01 ; elapsed = 00:00:00.842 . Memory (MB): peak = 1777.477 ; gain = 0.000
Phase 2.3 Global Placement Core | Checksum: 10b84c9c2

Time (s): cpu = 00:00:01 ; elapsed = 00:00:00.861 . Memory (MB): peak = 1777.477 ; gain = 0.000
Phase 2 Global Placement | Checksum: 10b84c9c2

Time (s): cpu = 00:00:01 ; elapsed = 00:00:00.863 . Memory (MB): peak = 1777.477 ; gain = 0.000

Phase 3 Detail Placement

Phase 3.1 Commit Multi Column Macros
Phase 3.1 Commit Multi Column Macros | Checksum: e5b851ec

Time (s): cpu = 00:00:01 ; elapsed = 00:00:00.899 . Memory (MB): peak = 1777.477 ; gain = 0.000

Phase 3.2 Commit Most Macros & LUTRAMs
Phase 3.2 Commit Most Macros & LUTRAMs | Checksum: 9317c360

Time (s): cpu = 00:00:01 ; elapsed = 00:00:00.968 . Memory (MB): peak = 1777.477 ; gain = 0.000

Phase 3.3 Area Swap Optimization
Phase 3.3 Area Swap Optimization | Checksum: b26cc198

Time (s): cpu = 00:00:01 ; elapsed = 00:00:00.972 . Memory (MB): peak = 1777.477 ; gain = 0.000

Phase 3.4 Pipeline Register Optimization
Phase 3.4 Pipeline Register Optimization | Checksum: b26cc198

Time (s): cpu = 00:00:01 ; elapsed = 00:00:00.973 . Memory (MB): peak = 1777.477 ; gain = 0.000

Phase 3.5 Small Shape Detail Placement
Phase 3.5 Small Shape Detail Placement | Checksum: dc688ccd

Time (s): cpu = 00:00:02 ; elapsed = 00:00:01 . Memory (MB): peak = 1777.477 ; gain = 0.000

Phase 3.6 Re-assign LUT pins
Phase 3.6 Re-assign LUT pins | Checksum: dc688ccd

Time (s): cpu = 00:00:02 ; elapsed = 00:00:01 . Memory (MB): peak = 1777.477 ; gain = 0.000

Phase 3.7 Pipeline Register Optimization
Phase 3.7 Pipeline Register Optimization | Checksum: dc688ccd

Time (s): cpu = 00:00:02 ; elapsed = 00:00:01 . Memory (MB): peak = 1777.477 ; gain = 0.000
Phase 3 Detail Placement | Checksum: dc688ccd

Time (s): cpu = 00:00:02 ; elapsed = 00:00:01 . Memory (MB): peak = 1777.477 ; gain = 0.000

Phase 4 Post Placement Optimization and Clean-Up

Phase 4.1 Post Commit Optimization
INFO: [Timing 38-35] Done setting XDC timing constraints.

Phase 4.1.1 Post Placement Optimization
Post Placement Optimization Initialization | Checksum: 102341477

Phase 4.1.1.1 BUFG Insertion

Starting Physical Synthesis Task

Phase 1 Physical Synthesis Initialization
INFO: [Physopt 32-721] Multithreading enabled for phys_opt_design using a maximum of 2 CPUs
INFO: [Physopt 32-619] Estimated Timing Summary | WNS=13.200 | TNS=0.000 |
Phase 1 Physical Synthesis Initialization | Checksum: 1569811c5

Time (s): cpu = 00:00:00 ; elapsed = 00:00:00.007 . Memory (MB): peak = 1777.477 ; gain = 0.000
INFO: [Place 46-56] BUFG insertion identified 0 candidate nets. Inserted BUFG: 0, Replicated BUFG Driver: 0, Skipped due to Placement/Routing Conflicts: 0, Skipped due to Timing Degradation: 0, Skipped due to Illegal Netlist: 0.
Ending Physical Synthesis Task | Checksum: 95238899

Time (s): cpu = 00:00:00 ; elapsed = 00:00:00.008 . Memory (MB): peak = 1777.477 ; gain = 0.000
Phase 4.1.1.1 BUFG Insertion | Checksum: 102341477

Time (s): cpu = 00:00:02 ; elapsed = 00:00:01 . Memory (MB): peak = 1777.477 ; gain = 0.000
INFO: [Place 30-746] Post Placement Timing Summary WNS=13.200. For the most accurate timing information please run report_timing.

Time (s): cpu = 00:00:02 ; elapsed = 00:00:01 . Memory (MB): peak = 1777.477 ; gain = 0.000
Phase 4.1 Post Commit Optimization | Checksum: 82369b35

Time (s): cpu = 00:00:02 ; elapsed = 00:00:01 . Memory (MB): peak = 1777.477 ; gain = 0.000

Phase 4.2 Post Placement Cleanup
Phase 4.2 Post Placement Cleanup | Checksum: 82369b35

Time (s): cpu = 00:00:02 ; elapsed = 00:00:01 . Memory (MB): peak = 1777.477 ; gain = 0.000

Phase 4.3 Placer Reporting

Phase 4.3.1 Print Estimated Congestion
INFO: [Place 30-612] Post-Placement Estimated Congestion 
 ____________________________________________________
|           | Global Congestion | Short Congestion  |
| Direction | Region Size       | Region Size       |
|___________|___________________|___________________|
|      North|                1x1|                1x1|
|___________|___________________|___________________|
|      South|                1x1|                1x1|
|___________|___________________|___________________|
|       East|                1x1|                1x1|
|___________|___________________|___________________|
|       West|                1x1|                1x1|
|___________|___________________|___________________|

Phase 4.3.1 Print Estimated Congestion | Checksum: 82369b35

Time (s): cpu = 00:00:02 ; elapsed = 00:00:01 . Memory (MB): peak = 1777.477 ; gain = 0.000
Phase 4.3 Placer Reporting | Checksum: 82369b35

Time (s): cpu = 00:00:02 ; elapsed = 00:00:01 . Memory (MB): peak = 1777.477 ; gain = 0.000

Phase 4.4 Final Placement Cleanup
Netlist sorting complete. Time (s): cpu = 00:00:00 ; elapsed = 00:00:00 . Memory (MB): peak = 1777.477 ; gain = 0.000

Time (s): cpu = 00:00:02 ; elapsed = 00:00:01 . Memory (MB): peak = 1777.477 ; gain = 0.000
Phase 4 Post Placement Optimization and Clean-Up | Checksum: 82369b35

Time (s): cpu = 00:00:02 ; elapsed = 00:00:01 . Memory (MB): peak = 1777.477 ; gain = 0.000
Ending Placer Task | Checksum: 3716776e

Time (s): cpu = 00:00:02 ; elapsed = 00:00:01 . Memory (MB): peak = 1777.477 ; gain = 0.000
INFO: [Common 17-83] Releasing license: Implementation
61 Infos, 100 Warnings, 0 Critical Warnings and 0 Errors encountered.
place_design completed successfully
INFO: [Timing 38-480] Writing timing data to binary archive.
Writing placer database...
Writing XDEF routing.
Writing XDEF routing logical nets.
Writing XDEF routing special nets.
Write XDEF Complete: Time (s): cpu = 00:00:00 ; elapsed = 00:00:00.033 . Memory (MB): peak = 1777.477 ; gain = 0.000
INFO: [Common 17-1381] The checkpoint 'C:/Users/jstimolo/Documents/ETHZ/FS21/Digital Design and Computer Architecture/LAB_5/Lab5/Lab5.runs/impl_1/VLC_placed.dcp' has been generated.
INFO: [runtcl-4] Executing : report_io -file VLC_io_placed.rpt
report_io: Time (s): cpu = 00:00:00 ; elapsed = 00:00:00.034 . Memory (MB): peak = 1777.477 ; gain = 0.000
INFO: [runtcl-4] Executing : report_utilization -file VLC_utilization_placed.rpt -pb VLC_utilization_placed.pb
INFO: [runtcl-4] Executing : report_control_sets -verbose -file VLC_control_sets_placed.rpt
report_control_sets: Time (s): cpu = 00:00:00 ; elapsed = 00:00:00.001 . Memory (MB): peak = 1777.477 ; gain = 0.000
Command: phys_opt_design
Attempting to get a license for feature 'Implementation' and/or device 'xc7a35t'
INFO: [Common 17-349] Got license for feature 'Implementation' and/or device 'xc7a35t'
INFO: [Vivado_Tcl 4-383] Design worst setup slack (WNS) is greater than or equal to 0.000 ns. Skipping all physical synthesis optimizations.
INFO: [Vivado_Tcl 4-232] No setup violation found. The netlist was not modified.
INFO: [Common 17-83] Releasing license: Implementation
70 Infos, 100 Warnings, 0 Critical Warnings and 0 Errors encountered.
phys_opt_design completed successfully
INFO: [Timing 38-480] Writing timing data to binary archive.
Writing placer database...
Writing XDEF routing.
Writing XDEF routing logical nets.
Writing XDEF routing special nets.
Write XDEF Complete: Time (s): cpu = 00:00:00 ; elapsed = 00:00:00.033 . Memory (MB): peak = 1777.477 ; gain = 0.000
INFO: [Common 17-1381] The checkpoint 'C:/Users/jstimolo/Documents/ETHZ/FS21/Digital Design and Computer Architecture/LAB_5/Lab5/Lab5.runs/impl_1/VLC_physopt.dcp' has been generated.
Command: route_design
Attempting to get a license for feature 'Implementation' and/or device 'xc7a35t'
INFO: [Common 17-349] Got license for feature 'Implementation' and/or device 'xc7a35t'
Running DRC as a precondition to command route_design
INFO: [DRC 23-27] Running DRC with 2 threads
INFO: [Vivado_Tcl 4-198] DRC finished with 0 Errors
INFO: [Vivado_Tcl 4-199] Please refer to the DRC report (report_drc) for more information.


Starting Routing Task
INFO: [Route 35-254] Multithreading enabled for route_design using a maximum of 2 CPUs
Checksum: PlaceDB: 9a913dd ConstDB: 0 ShapeSum: 2d6d6391 RouteDB: 0

Phase 1 Build RT Design
Phase 1 Build RT Design | Checksum: 127f119fd

Time (s): cpu = 00:00:17 ; elapsed = 00:00:15 . Memory (MB): peak = 1861.645 ; gain = 76.016
Post Restoration Checksum: NetGraph: 3662237a NumContArr: f18ef683 Constraints: 0 Timing: 0

Phase 2 Router Initialization

Phase 2.1 Create Timer
Phase 2.1 Create Timer | Checksum: 127f119fd

Time (s): cpu = 00:00:17 ; elapsed = 00:00:15 . Memory (MB): peak = 1861.645 ; gain = 76.016

Phase 2.2 Fix Topology Constraints
Phase 2.2 Fix Topology Constraints | Checksum: 127f119fd

Time (s): cpu = 00:00:17 ; elapsed = 00:00:15 . Memory (MB): peak = 1867.660 ; gain = 82.031

Phase 2.3 Pre Route Cleanup
Phase 2.3 Pre Route Cleanup | Checksum: 127f119fd

Time (s): cpu = 00:00:17 ; elapsed = 00:00:15 . Memory (MB): peak = 1867.660 ; gain = 82.031
 Number of Nodes with overlaps = 0

Phase 2.4 Update Timing
Phase 2.4 Update Timing | Checksum: 15faabe35

Time (s): cpu = 00:00:17 ; elapsed = 00:00:15 . Memory (MB): peak = 1871.832 ; gain = 86.203
INFO: [Route 35-416] Intermediate Timing Summary | WNS=13.200 | TNS=0.000  | WHS=N/A    | THS=N/A    |

Phase 2 Router Initialization | Checksum: 18b03b86a

Time (s): cpu = 00:00:17 ; elapsed = 00:00:15 . Memory (MB): peak = 1871.832 ; gain = 86.203

Router Utilization Summary
  Global Vertical Routing Utilization    = 0 %
  Global Horizontal Routing Utilization  = 0 %
  Routable Net Status*
  *Does not include unroutable nets such as driverless and loadless.
  Run report_route_status for detailed report.
  Number of Failed Nets               = 6
    (Failed Nets is the sum of unrouted and partially routed nets)
  Number of Unrouted Nets             = 6
  Number of Partially Routed Nets     = 0
  Number of Node Overlaps             = 0


Phase 3 Initial Routing

Phase 3.1 Global Routing
Phase 3.1 Global Routing | Checksum: 18b03b86a

Time (s): cpu = 00:00:17 ; elapsed = 00:00:15 . Memory (MB): peak = 1872.887 ; gain = 87.258
Phase 3 Initial Routing | Checksum: 1dedb8b71

Time (s): cpu = 00:00:17 ; elapsed = 00:00:15 . Memory (MB): peak = 1872.887 ; gain = 87.258

Phase 4 Rip-up And Reroute

Phase 4.1 Global Iteration 0

Phase 4.1.1 Update Timing
Phase 4.1.1 Update Timing | Checksum: 14b7f193b

Time (s): cpu = 00:00:17 ; elapsed = 00:00:15 . Memory (MB): peak = 1872.887 ; gain = 87.258
WARNING: [Route 35-447] Congestion is preventing the router from routing all nets. The router will prioritize the successful completion of routing all nets over timing optimizations.
Phase 4.1 Global Iteration 0 | Checksum: f244b8bf

Time (s): cpu = 00:00:17 ; elapsed = 00:00:15 . Memory (MB): peak = 1872.887 ; gain = 87.258

Phase 4.2 Global Iteration 1
 Number of Nodes with overlaps = 0
INFO: [Route 35-416] Intermediate Timing Summary | WNS=13.237 | TNS=0.000  | WHS=N/A    | THS=N/A    |

Phase 4.2 Global Iteration 1 | Checksum: 282fc3182

Time (s): cpu = 00:00:17 ; elapsed = 00:00:15 . Memory (MB): peak = 1872.887 ; gain = 87.258
Phase 4 Rip-up And Reroute | Checksum: 282fc3182

Time (s): cpu = 00:00:17 ; elapsed = 00:00:15 . Memory (MB): peak = 1872.887 ; gain = 87.258

Phase 5 Delay and Skew Optimization

Phase 5.1 Delay CleanUp
Phase 5.1 Delay CleanUp | Checksum: 282fc3182

Time (s): cpu = 00:00:17 ; elapsed = 00:00:15 . Memory (MB): peak = 1872.887 ; gain = 87.258

Phase 5.2 Clock Skew Optimization
Phase 5.2 Clock Skew Optimization | Checksum: 282fc3182

Time (s): cpu = 00:00:17 ; elapsed = 00:00:15 . Memory (MB): peak = 1872.887 ; gain = 87.258
Phase 5 Delay and Skew Optimization | Checksum: 282fc3182

Time (s): cpu = 00:00:17 ; elapsed = 00:00:15 . Memory (MB): peak = 1872.887 ; gain = 87.258

Phase 6 Post Hold Fix

Phase 6.1 Hold Fix Iter

Phase 6.1.1 Update Timing
Phase 6.1.1 Update Timing | Checksum: 282fc3182

Time (s): cpu = 00:00:17 ; elapsed = 00:00:15 . Memory (MB): peak = 1872.887 ; gain = 87.258
INFO: [Route 35-416] Intermediate Timing Summary | WNS=13.237 | TNS=0.000  | WHS=N/A    | THS=N/A    |

Phase 6.1 Hold Fix Iter | Checksum: 282fc3182

Time (s): cpu = 00:00:17 ; elapsed = 00:00:15 . Memory (MB): peak = 1872.887 ; gain = 87.258
Phase 6 Post Hold Fix | Checksum: 282fc3182

Time (s): cpu = 00:00:17 ; elapsed = 00:00:15 . Memory (MB): peak = 1872.887 ; gain = 87.258

Phase 7 Route finalize

Router Utilization Summary
  Global Vertical Routing Utilization    = 0.00111616 %
  Global Horizontal Routing Utilization  = 0.00169183 %
  Routable Net Status*
  *Does not include unroutable nets such as driverless and loadless.
  Run report_route_status for detailed report.
  Number of Failed Nets               = 0
    (Failed Nets is the sum of unrouted and partially routed nets)
  Number of Unrouted Nets             = 0
  Number of Partially Routed Nets     = 0
  Number of Node Overlaps             = 0

Phase 7 Route finalize | Checksum: 282fc3182

Time (s): cpu = 00:00:17 ; elapsed = 00:00:15 . Memory (MB): peak = 1872.887 ; gain = 87.258

Phase 8 Verifying routed nets

 Verification completed successfully
Phase 8 Verifying routed nets | Checksum: 282fc3182

Time (s): cpu = 00:00:17 ; elapsed = 00:00:15 . Memory (MB): peak = 1873.523 ; gain = 87.895

Phase 9 Depositing Routes
Phase 9 Depositing Routes | Checksum: 1b5fd8417

Time (s): cpu = 00:00:17 ; elapsed = 00:00:15 . Memory (MB): peak = 1873.523 ; gain = 87.895

Phase 10 Post Router Timing
INFO: [Route 35-57] Estimated Timing Summary | WNS=13.237 | TNS=0.000  | WHS=N/A    | THS=N/A    |

INFO: [Route 35-327] The final timing numbers are based on the router estimated timing analysis. For a complete and accurate timing signoff, please run report_timing_summary.
Phase 10 Post Router Timing | Checksum: 1b5fd8417

Time (s): cpu = 00:00:17 ; elapsed = 00:00:15 . Memory (MB): peak = 1873.523 ; gain = 87.895
INFO: [Route 35-16] Router Completed Successfully

Time (s): cpu = 00:00:17 ; elapsed = 00:00:15 . Memory (MB): peak = 1873.523 ; gain = 87.895

Routing Is Done.
INFO: [Common 17-83] Releasing license: Implementation
84 Infos, 101 Warnings, 0 Critical Warnings and 0 Errors encountered.
route_design completed successfully
route_design: Time (s): cpu = 00:00:19 ; elapsed = 00:00:16 . Memory (MB): peak = 1873.523 ; gain = 96.047
INFO: [Timing 38-480] Writing timing data to binary archive.
Writing placer database...
Writing XDEF routing.
Writing XDEF routing logical nets.
Writing XDEF routing special nets.
Write XDEF Complete: Time (s): cpu = 00:00:00 ; elapsed = 00:00:00.034 . Memory (MB): peak = 1883.398 ; gain = 9.875
INFO: [Common 17-1381] The checkpoint 'C:/Users/jstimolo/Documents/ETHZ/FS21/Digital Design and Computer Architecture/LAB_5/Lab5/Lab5.runs/impl_1/VLC_routed.dcp' has been generated.
INFO: [runtcl-4] Executing : report_drc -file VLC_drc_routed.rpt -pb VLC_drc_routed.pb -rpx VLC_drc_routed.rpx
Command: report_drc -file VLC_drc_routed.rpt -pb VLC_drc_routed.pb -rpx VLC_drc_routed.rpx
INFO: [IP_Flow 19-1839] IP Catalog is up to date.
INFO: [DRC 23-27] Running DRC with 2 threads
INFO: [Coretcl 2-168] The results of DRC are in file C:/Users/jstimolo/Documents/ETHZ/FS21/Digital Design and Computer Architecture/LAB_5/Lab5/Lab5.runs/impl_1/VLC_drc_routed.rpt.
report_drc completed successfully
INFO: [runtcl-4] Executing : report_methodology -file VLC_methodology_drc_routed.rpt -pb VLC_methodology_drc_routed.pb -rpx VLC_methodology_drc_routed.rpx
Command: report_methodology -file VLC_methodology_drc_routed.rpt -pb VLC_methodology_drc_routed.pb -rpx VLC_methodology_drc_routed.rpx
INFO: [Timing 38-35] Done setting XDC timing constraints.
INFO: [DRC 23-133] Running Methodology with 2 threads
INFO: [Coretcl 2-1520] The results of Report Methodology are in file C:/Users/jstimolo/Documents/ETHZ/FS21/Digital Design and Computer Architecture/LAB_5/Lab5/Lab5.runs/impl_1/VLC_methodology_drc_routed.rpt.
report_methodology completed successfully
INFO: [runtcl-4] Executing : report_power -file VLC_power_routed.rpt -pb VLC_power_summary_routed.pb -rpx VLC_power_routed.rpx
Command: report_power -file VLC_power_routed.rpt -pb VLC_power_summary_routed.pb -rpx VLC_power_routed.rpx
INFO: [Timing 38-35] Done setting XDC timing constraints.
WARNING: [Power 33-232] No user defined clocks were found in the design! Power estimation will be inaccurate until this is corrected.
Resolution: Please specify clocks using create_clock/create_generated_clock for sequential elements. For pure combinatorial circuits, please specify a virtual clock, otherwise the vectorless estimation might be inaccurate
Running Vector-less Activity Propagation...

Finished Running Vector-less Activity Propagation
96 Infos, 102 Warnings, 0 Critical Warnings and 0 Errors encountered.
report_power completed successfully
INFO: [runtcl-4] Executing : report_route_status -file VLC_route_status.rpt -pb VLC_route_status.pb
INFO: [runtcl-4] Executing : report_timing_summary -max_paths 10 -file VLC_timing_summary_routed.rpt -pb VLC_timing_summary_routed.pb -rpx VLC_timing_summary_routed.rpx -warn_on_violation 
INFO: [Timing 38-91] UpdateTimingParams: Speed grade: -1, Delay Type: min_max.
INFO: [Timing 38-191] Multithreading enabled for timing update using a maximum of 2 CPUs
INFO: [runtcl-4] Executing : report_incremental_reuse -file VLC_incremental_reuse_routed.rpt
INFO: [Vivado_Tcl 4-1062] Incremental flow is disabled. No incremental reuse Info to report.
INFO: [runtcl-4] Executing : report_clock_utilization -file VLC_clock_utilization_routed.rpt
INFO: [runtcl-4] Executing : report_bus_skew -warn_on_violation -file VLC_bus_skew_routed.rpt -pb VLC_bus_skew_routed.pb -rpx VLC_bus_skew_routed.rpx
INFO: [Timing 38-91] UpdateTimingParams: Speed grade: -1, Delay Type: min_max.
INFO: [Timing 38-191] Multithreading enabled for timing update using a maximum of 2 CPUs
INFO: [Common 17-206] Exiting Vivado at Fri May  7 14:56:00 2021...
