#-----------------------------------------------------------
# Vivado v2020.2 (64-bit)
# SW Build 3064766 on Wed Nov 18 09:12:45 MST 2020
# IP Build 3064653 on Wed Nov 18 14:17:31 MST 2020
# Start of session at: Wed May  5 18:49:47 2021
# Process ID: 15656
# Current directory: C:/Users/jstimolo/Documents/GitHub/DigitArchETHZ/LAB_5/Lab5
# Command line: vivado.exe -gui_launcher_event rodinguilauncherevent15776 C:\Users\jstimolo\Documents\GitHub\DigitArchETHZ\LAB_5\Lab5\Lab5.xpr
# Log file: C:/Users/jstimolo/Documents/GitHub/DigitArchETHZ/LAB_5/Lab5/vivado.log
# Journal file: C:/Users/jstimolo/Documents/GitHub/DigitArchETHZ/LAB_5/Lab5\vivado.jou
#-----------------------------------------------------------
start_gui
open_project C:/Users/jstimolo/Documents/GitHub/DigitArchETHZ/LAB_5/Lab5/Lab5.xpr
INFO: [Project 1-313] Project file moved from 'C:/Users/jstimolo/Documents/ETHZ/FS21/Digital Design and Computer Architecture/LAB_5/Lab5' since last save.
WARNING: [filemgmt 56-2] Default IP Output Path : Could not find the directory 'C:/Users/jstimolo/Documents/GitHub/DigitArchETHZ/LAB_5/Lab5/Lab5.gen/sources_1', nor could it be found using path 'C:/Users/jstimolo/Documents/ETHZ/FS21/Digital Design and Computer Architecture/LAB_5/Lab5/Lab5.gen/sources_1'.
Scanning sources...
Finished scanning sources
INFO: [IP_Flow 19-234] Refreshing IP repositories
INFO: [IP_Flow 19-1704] No user IP repositories specified
INFO: [IP_Flow 19-2313] Loaded Vivado IP repository 'C:/Xilinx/Vivado/2020.2/data/ip'.
open_project: Time (s): cpu = 00:00:20 ; elapsed = 00:00:08 . Memory (MB): peak = 1106.203 ; gain = 0.000
update_compile_order -fileset sources_1
exit
INFO: [Common 17-206] Exiting Vivado at Thu May  6 00:59:43 2021...
